#
# There is insufficient memory for the Java Runtime Environment to continue.
# Native memory allocation (malloc) failed to allocate 291120 bytes for Chunk::new
# Possible reasons:
#   The system is out of physical RAM or swap space
#   The process is running with CompressedOops enabled, and the Java Heap may be blocking the growth of the native heap
# Possible solutions:
#   Reduce memory load on the system
#   Increase physical memory or swap space
#   Check if swap backing store is full
#   Decrease Java heap size (-Xmx/-Xms)
#   Decrease number of Java threads
#   Decrease Java thread stack sizes (-Xss)
#   Set larger code cache with -XX:ReservedCodeCacheSize=
#   JVM is running with Unscaled Compressed Oops mode in which the Java heap is
#     placed in the first 4GB address space. The Java Heap base address is the
#     maximum limit for the native heap growth. Please use -XX:HeapBaseMinAddress
#     to set the Java Heap base and to place the Java Heap above 4GB virtual address.
# This output file may be truncated or incomplete.
#
#  Out of Memory Error (arena.cpp:189), pid=15624, tid=17936
#
# JRE version: OpenJDK Runtime Environment Temurin-17.0.7+7 (17.0.7+7) (build 17.0.7+7)
# Java VM: OpenJDK 64-Bit Server VM Temurin-17.0.7+7 (17.0.7+7, mixed mode, tiered, compressed oops, compressed class ptrs, g1 gc, windows-amd64)
# No core dump will be written. Minidumps are not enabled by default on client versions of Windows
#

---------------  S U M M A R Y ------------

Command Line: -Dgroovy.home=C:\Users\GILANG AKRAM/.groovy -Djava.system.class.loader=groovy.lang.GroovyClassLoader -Xmx2048m -Dfile.encoding=UTF-8 -XX:+ShowCodeDetailsInExceptionMessages org.codehaus.groovy.tools.GroovyStarter --classpath C:\Users\GILANG AKRAM\Katalon Studio\Project-PickMe\bin\keyword;C:\Users\GILANG AKRAM\Katalon Studio\Project-PickMe\Keywords;C:\Users\GILANG AKRAM\Katalon Studio\Project-PickMe\bin\listener;C:\Users\GILANG AKRAM\Katalon Studio\Project-PickMe\Test Listeners;C:\Users\GILANG AKRAM\Katalon Studio\Project-PickMe\bin\lib;C:\Users\GILANG AKRAM\Katalon Studio\Project-PickMe\Libs;C:\Users\GILANG AKRAM\Katalon Studio\Project-PickMe\bin\groovy;C:\Users\GILANG AKRAM\Katalon Studio\Project-PickMe\Include\scripts\groovy;C:\Users\GILANG AKRAM\Downloads\Katalon_Studio_Free_Windows_64-9.4.0\Katalon_Studio_Free_Windows_64-9.4.0\plugins\com.kms.katalon.core_1.0.0.202404040723.jar;C:\Users\GILANG AKRAM\Downloads\Katalon_Studio_Free_Windows_64-9.4.0\Katalon_Studio_Free_Windows_64-9.4.0\configuration\resources\lib\aalto-xml-1.0.0.jar;C:\Users\GILANG AKRAM\Downloads\Katalon_Studio_Free_Windows_64-9.4.0\Katalon_Studio_Free_Windows_64-9.4.0\configuration\resources\lib\aspectjweaver-1.9.1.jar;C:\Users\GILANG AKRAM\Downloads\Katalon_Studio_Free_Windows_64-9.4.0\Katalon_Studio_Free_Windows_64-9.4.0\configuration\resources\lib\bcpkix-jdk15on-1.64.jar;C:\Users\GILANG AKRAM\Downloads\Katalon_Studio_Free_Windows_64-9.4.0\Katalon_Studio_Free_Windows_64-9.4.0\configuration\resources\lib\bcprov-jdk15on-1.64.jar;C:\Users\GILANG AKRAM\Downloads\Katalon_Studio_Free_Windows_64-9.4.0\Katalon_Studio_Free_Windows_64-9.4.0\configuration\resources\lib\browsermob-core-2.1.5.jar;C:\Users\GILANG AKRAM\Downloads\Katalon_Studio_Free_Windows_64-9.4.0\Katalon_Studio_Free_Windows_64-9.4.0\configuration\resources\lib\byte-buddy-1.14.3.jar;C:\Users\GILANG AKRAM\Downloads\Katalon_Studio_Free_Windows_64-9.4.0\Katalon_Studio_Free_Windows_64-9.4.0\configuration\resources\lib\byte-buddy-agent-1.14.3.jar;C:\Users\GILANG AKRAM\Downloads\Katalon_Studio_Free_Windows_64-9.4.0\Katalon_Studio_Free_Windows_64-9.4.0\configuration\resources\lib\cglib-3.2.10.jar;C:\Users\GILANG AKRAM\Downloads\Katalon_Studio_Free_Windows_64-9.4.0\Katalon_Studio_Free_Windows_64-9.4.0\configuration\resources\lib\commons-codec-1.10.jar;C:\Users\GILANG AKRAM\Downloads\Katalon_Studio_Free_Windows_64-9.4.0\Katalon_Studio_Free_Windows_64-9.4.0\configuration\resources\lib\commons-collections4-4.1.jar;C:\Users\GILANG AKRAM\Downloads\Katalon_Studio_Free_Windows_64-9.4.0\Katalon_Studio_Free_Windows_64-9.4.0\configuration\resources\lib\commons-validator-1.6.jar;C:\Users\GILANG AKRAM\Downloads\Katalon_Studio_Free_Windows_64-9.4.0\Katalon_Studio_Free_Windows_64-9.4.0\configuration\resources\lib\curvesapi-1.04.jar;C:\Users\GILANG AKRAM\Downloads\Katalon_Studio_Free_Windows_64-9.4.0\Katalon_Studio_Free_Windows_64-9.4.0\configuration\resources\lib\dnsjava-2.1.8.jar;C:\Users\GILANG AKRAM\Downloads\Katalon_Studio_Free_Windows_64-9.4.0\Katalon_Studio_Free_Windows_64-9.4.0\configuration\resources\lib\groovy-ant-3.0.17.jar;C:\Users\GILANG AKRAM\Downloads\Katalon_Studio_Free_Windows_64-9.4.0\Katalon_Studio_Free_Windows_64-9.4.0\configuration\resources\lib\groovy-astbuilder-3.0.17.jar;C:\Users\GILANG AKRAM\Downloads\Katalon_Studio_Free_Windows_64-9.4.0\Katalon_Studio_Free_Windows_64-9.4.0\configuration\resources\lib\groovy-cli-picocli-3.0.17.jar;C:\Users\GILANG AKRAM\Downloads\Katalon_Studio_Free_Windows_64-9.4.0\Katalon_Studio_Free_Windows_64-9.4.0\configuration\resources\lib\groovy-console-3.0.17.jar;C:\Users\GILANG AKRAM\Downloads\Katalon_Studio_Free_Windows_64-9.4.0\Katalon_Studio_Free_Windows_64-9.4.0\configuration\resources\lib\groovy-datetime-3.0.17.jar;C:\Users\GILANG AKRAM\Downloads\Katalon_Studio_Free_Windows_64-9.4.0\Katalon_Studio_Free_Windows_64-9.4.0\configuration\resources\lib\groovy-dateutil-3.0.17.jar;C:\Users\GILANG AKRAM\Downloads\Katalon_Studio_Free_Windows_64-9.4.0\Katalon_Studio_Free_Windows_64-9.4.0\configuration\resources\lib\groovy-docgenerator-3.0.17.jar;C:\Users\GILANG AKRAM\Downloads\Katalon_Studio_Free_Windows_64-9.4.0\Katalon_Studio_Free_Windows_64-9.4.0\configuration\resources\lib\groovy-groovydoc-3.0.17.jar;C:\Users\GILANG AKRAM\Downloads\Katalon_Studio_Free_Windows_64-9.4.0\Katalon_Studio_Free_Windows_64-9.4.0\configuration\resources\lib\groovy-groovysh-3.0.17.jar;C:\Users\GILANG AKRAM\Downloads\Katalon_Studio_Free_Windows_64-9.4.0\Katalon_Studio_Free_Windows_64-9.4.0\configuration\resources\lib\groovy-jmx-3.0.17.jar;C:\Users\GILANG AKRAM\Downloads\Katalon_Studio_Free_Windows_64-9.4.0\Katalon_Studio_Free_Windows_64-9.4.0\configuration\resources\lib\groovy-json-3.0.17.jar;C:\Users\GILANG AKRAM\Downloads\Katalon_Studio_Free_Windows_64-9.4.0\Katalon_Studio_Free_Windows_64-9.4.0\configuration\resources\lib\groovy-jsr223-3.0.17.jar;C:\Users\GILANG AKRAM\Downloads\Katalon_Studio_Free_Windows_64-9.4.0\Katalon_Studio_Free_Windows_64-9.4.0\configuration\resources\lib\groovy-macro-3.0.17.jar;C:\Users\GILANG AKRAM\Downloads\Katalon_Studio_Free_Windows_64-9.4.0\Katalon_Studio_Free_Windows_64-9.4.0\configuration\resources\lib\groovy-nio-3.0.17.jar;C:\Users\GILANG AKRAM\Downloads\Katalon_Studio_Free_Windows_64-9.4.0\Katalon_Studio_Free_Windows_64-9.4.0\configuration\resources\lib\groovy-servlet-3.0.17.jar;C:\Users\GILANG AKRAM\Downloads\Katalon_Studio_Free_Windows_64-9.4.0\Katalon_Studio_Free_Windows_64-9.4.0\configuration\resources\lib\groovy-sql-3.0.17.jar;C:\Users\GILANG AKRAM\Downloads\Katalon_Studio_Free_Windows_64-9.4.0\Katalon_Studio_Free_Windows_64-9.4.0\configuration\resources\lib\groovy-swing-3.0.17.jar;C:\Users\GILANG AKRAM\Downloads\Katalon_Studio_Free_Windows_64-9.4.0\Katalon_Studio_Free_Windows_64-9.4.0\configuration\resources\lib\groovy-templates-3.0.17.jar;C:\Users\GILANG AKRAM\Downloads\Katalon_Studio_Free_Windows_64-9.4.0\Katalon_Studio_Free_Windows_64-9.4.0\configuration\resources\lib\groovy-test-3.0.17.jar;C:\Users\GILANG AKRAM\Downloads\Katalon_Studio_Free_Windows_64-9.4.0\Katalon_Studio_Free_Windows_64-9.4.0\configuration\resources\lib\groovy-test-junit5-3.0.17.jar;C:\Users\GILANG AKRAM\Downloads\Katalon_Studio_Free_Windows_64-9.4.0\Katalon_Studio_Free_Windows_64-9.4.0\configuration\resources\lib\groovy-testng-3.0.17.jar;C:\Users\GILANG AKRAM\Downloads\Katalon_Studio_Free_Windows_64-9.4.0\Katalon_Studio_Free_Windows_64-9.4.0\configuration\resources\lib\groovy-xml-3.0.17.jar;C:\Users\GILANG AKRAM\Downloads\Katalon_Studio_Free_Windows_64-9.4.0\Katalon_Studio_Free_Windows_64-9.4.0\configuration\resources\lib\java-client-7.0.0.jar;C:\Users\GILANG AKRAM\Downloads\Katalon_Studio_Free_Windows_64-9.4.0\Katalon_Studio_Free_Windows_64-9.4.0\configuration\resources\lib\javax.servlet-api_3.1.0.jar;C:\Users\GILANG AKRAM\Downloads\Katalon_Studio_Free_Windows_64-9.4.0\Katalon_Studio_Free_Windows_64-9.4.0\configuration\resources\lib\jna-5.12.1.jar;C:\Users\GILANG AKRAM\Downloads\Katalon_Studio_Free_Windows_64-9.4.0\Katalon_Studio_Free_Windows_64-9.4.0\configuration\resources\lib\jna-platform-5.12.1.jar;C:\Users\GILANG AKRAM\Downloads\Katalon_Studio_Free_Windows_64-9.4.0\Katalon_Studio_Free_Windows_64-9.4.0\configuration\resources\lib\jzlib-1.1.3.jar;C:\Users\GILANG AKRAM\Downloads\Katalon_Studio_Free_Windows_64-9.4.0\Katalon_Studio_Free_Windows_64-9.4.0\configuration\resources\lib\kat-server.jar;C:\Users\GILANG AKRAM\Downloads\Katalon_Studio_Free_Windows_64-9.4.0\Katalon_Studio_Free_Windows_64-9.4.0\configuration\resources\lib\littleproxy-1.1.0-beta-bmp-17.jar;C:\Users\GILANG AKRAM\Downloads\Katalon_Studio_Free_Windows_64-9.4.0\Katalon_Studio_Free_Windows_64-9.4.0\configuration\resources\lib\log4j-1.2-api-2.17.1.jar;C:\Users\GILANG AKRAM\Downloads\Katalon_Studio_Free_Windows_64-9.4.0\Katalon_Studio_Free_Windows_64-9.4.0\configuration\resources\lib\log4j-api-2.17.1.jar;C:\Users\GILANG AKRAM\Downloads\Katalon_Studio_Free_Windows_64-9.4.0\Katalon_Studio_Free_Windows_64-9.4.0\configuration\resources\lib\log4j-core-2.17.1.jar;C:\Users\GILANG AKRAM\Downloads\Katalon_Studio_Free_Windows_64-9.4.0\Katalon_Studio_Free_Windows_64-9.4.0\configuration\resources\lib\mitm-2.1.5.jar;C:\Users\GILANG AKRAM\Downloads\Katalon_Studio_Free_Windows_64-9.4.0\Katalon_Studio_Free_Windows_64-9.4.0\configuration\resources\lib\mockito-core-5.2.0.jar;C:\Users\GILANG AKRAM\Downloads\Katalon_Studio_Free_Windows_64-9.4.0\Katalon_Studio_Free_Windows_64-9.4.0\configuration\resources\lib\mockito-inline-5.2.0.jar;C:\Users\GILANG AKRAM\Downloads\Katalon_Studio_Free_Windows_64-9.4.0\Katalon_Studio_Free_Windows_64-9.4.0\configuration\resources\lib\netty-all-4.1.70.Final.jar;C:\Users\GILANG AKRAM\Downloads\Katalon_Studio_Free_Windows_64-9.4.0\Katalon_Studio_Free_Windows_64-9.4.0\configuration\resources\lib\objenesis-3.3.jar;C:\Users\GILANG AKRAM\Downloads\Katalon_Studio_Free_Windows_64-9.4.0\Katalon_Studio_Free_Windows_64-9.4.0\configuration\resources\lib\poi-3.17.jar;C:\Users\GILANG AKRAM\Downloads\Katalon_Studio_Free_Windows_64-9.4.0\Katalon_Studio_Free_Windows_64-9.4.0\configuration\resources\lib\poi-ooxml-3.17.jar;C:\Users\GILANG AKRAM\Downloads\Katalon_Studio_Free_Windows_64-9.4.0\Katalon_Studio_Free_Windows_64-9.4.0\configuration\resources\lib\poi-ooxml-schemas-3.17.jar;C:\Users\GILANG AKRAM\Downloads\Katalon_Studio_Free_Windows_64-9.4.0\Katalon_Studio_Free_Windows_64-9.4.0\configuration\resources\lib\proxy-vole-1.0.4-SNAPSHOT-jar-with-dependencies.jar;C:\Users\GILANG AKRAM\Downloads\Katalon_Studio_Free_Windows_64-9.4.0\Katalon_Studio_Free_Windows_64-9.4.0\configuration\resources\lib\repackaged-sikuli-api-1.0.2-standalone.jar;C:\Users\GILANG AKRAM\Downloads\Katalon_Studio_Free_Windows_64-9.4.0\Katalon_Studio_Free_Windows_64-9.4.0\configuration\resources\lib\selenium-leg-rc-3.141.59.jar;C:\Users\GILANG AKRAM\Downloads\Katalon_Studio_Free_Windows_64-9.4.0\Katalon_Studio_Free_Windows_64-9.4.0\configuration\resources\lib\selenium-server-standalone-3.141.59.jar;C:\Users\GILANG AKRAM\Downloads\Katalon_Studio_Free_Windows_64-9.4.0\Katalon_Studio_Free_Windows_64-9.4.0\configuration\resources\lib\selenium-shutterbug-1.1.jar;C:\Users\GILANG AKRAM\Downloads\Katalon_Studio_Free_Windows_64-9.4.0\Katalon_Studio_Free_Windows_64-9.4.0\configuration\resources\lib\slf4j-api-1.7.25.jar;C:\Users\GILANG AKRAM\Downloads\Katalon_Studio_Free_Windows_64-9.4.0\Katalon_Studio_Free_Windows_64-9.4.0\configuration\resources\lib\soap-builder-1.0.0.jar;C:\Users\GILANG AKRAM\Downloads\Katalon_Studio_Free_Windows_64-9.4.0\Katalon_Studio_Free_Windows_64-9.4.0\configuration\resources\lib\soap-common-1.0.0.jar;C:\Users\GILANG AKRAM\Downloads\Katalon_Studio_Free_Windows_64-9.4.0\Katalon_Studio_Free_Windows_64-9.4.0\configuration\resources\lib\soap-legacy-1.0.0.jar;C:\Users\GILANG AKRAM\Downloads\Katalon_Studio_Free_Windows_64-9.4.0\Katalon_Studio_Free_Windows_64-9.4.0\configuration\resources\lib\spring-context-5.3.19.jar;C:\Users\GILANG AKRAM\Downloads\Katalon_Studio_Free_Windows_64-9.4.0\Katalon_Studio_Free_Windows_64-9.4.0\configuration\resources\lib\stax2-api-4.0.0.jar;C:\Users\GILANG AKRAM\Downloads\Katalon_Studio_Free_Windows_64-9.4.0\Katalon_Studio_Free_Windows_64-9.4.0\configuration\resources\lib\su.jar;C:\Users\GILANG AKRAM\Downloads\Katalon_Studio_Free_Windows_64-9.4.0\Katalon_Studio_Free_Windows_64-9.4.0\configuration\resources\lib\testng-7.8.0.jar;C:\Users\GILANG AKRAM\Downloads\Katalon_Studio_Free_Windows_64-9.4.0\Katalon_Studio_Free_Windows_64-9.4.0\configuration\resources\lib\wadl.jar;C:\Users\GILANG AKRAM\Downloads\Katalon_Studio_Free_Windows_64-9.4.0\Katalon_Studio_Free_Windows_64-9.4.0\configuration\resources\lib\xmlbeans-3.1.0.jar;C:\Users\GILANG AKRAM\Downloads\Katalon_Studio_Free_Windows_64-9.4.0\Katalon_Studio_Free_Windows_64-9.4.0\plugins\net.sf.supercsv.super-csv_2.1.0.jar;C:\Users\GILANG AKRAM\Downloads\Katalon_Studio_Free_Windows_64-9.4.0\Katalon_Studio_Free_Windows_64-9.4.0\plugins\org.apache.commons.io_2.4.0.jar;C:\Users\GILANG AKRAM\Downloads\Katalon_Studio_Free_Windows_64-9.4.0\Katalon_Studio_Free_Windows_64-9.4.0\plugins\org.apache.commons.lang_2.6.0.jar;C:\Users\GILANG AKRAM\Downloads\Katalon_Studio_Free_Windows_64-9.4.0\Katalon_Studio_Free_Windows_64-9.4.0\plugins\com.google.gson_2.10.1.v20230109-0753.jar;C:\Users\GILANG AKRAM\Downloads\Katalon_Studio_Free_Windows_64-9.4.0\Katalon_Studio_Free_Windows_64-9.4.0\plugins\org.jsoup_1.14.3.jar;C:\Users\GILANG AKRAM\Downloads\Katalon_Studio_Free_Windows_64-9.4.0\Katalon_Studio_Free_Windows_64-9.4.0\plugins\org.apache.commons.dbutils_1.6.0.jar;C:\Users\GILANG AKRAM\Downloads\Katalon_Studio_Free_Windows_64-9.4.0\Katalon_Studio_Free_Windows_64-9.4.0\plugins\com.oracle.jdbc.ojdbc7_12.1.0.2.jar;C:\Users\GILANG AKRAM\Downloads\Katalon_Studio_Free_Windows_64-9.4.0\Katalon_Studio_Free_Windows_64-9.4.0\plugins\org.postgresql.jdbc_42.4.1.jar;c:\Users\GILANG AKRAM\Downloads\Katalon_Studio_Free_Windows_64-9.4.0\Katalon_Studio_Free_Windows_64-9.4.0\plugins\org.eclipse.osgi_3.18.300.v20230220-1352.jar;C:\Users\GILANG AKRAM\Downloads\Katalon_Studio_Free_Windows_64-9.4.0\Katalon_Studio_Free_Windows_64-9.4.0\plugins\com.kms.katalon.constant_1.0.0.202404040723.jar;C:\Users\GILANG AKRAM\Downloads\Katalon_Studio_Free_Windows_64-9.4.0\Katalon_Studio_Free_Windows_64-9.4.0\plugins\org.eclipse.persistence.eclipselink_2.7.11.jar;C:\Users\GILANG AKRAM\Downloads\Katalon_Studio_Free_Windows_64-9.4.0\Katalon_Studio_Free_Windows_64-9.4.0\plugins\com.kms.katalon.selenium-standalone_1.0.0.202404040723.jar;C:\Users\GILANG AKRAM\Downloads\Katalon_Studio_Free_Windows_64-9.4.0\Katalon_Studio_Free_Windows_64-9.4.0\plugins\atu.testrecorder.screen-recorder_2.1.0.jar;C:\Users\GILANG AKRAM\Downloads\Katalon_Studio_Free_Windows_64-9.4.0\Katalon_Studio_Free_Windows_64-9.4.0\plugins\com.google.guava_23.0.0.jar;C:\Users\GILANG AKRAM\Downloads\Katalon_Studio_Free_Windows_64-9.4.0\Katalon_Studio_Free_Windows_64-9.4.0\plugins\com.kms.katalon.util_1.0.0.202404040723.jar;C:\Users\GILANG AKRAM\Downloads\Katalon_Studio_Free_Windows_64-9.4.0\Katalon_Studio_Free_Windows_64-9.4.0\plugins\org.apache.httpcomponents.httpclient_4.5.14.v20221207-1049.jar;C:\Users\GILANG AKRAM\Downloads\Katalon_Studio_Free_Windows_64-9.4.0\Katalon_Studio_Free_Windows_64-9.4.0\plugins\org.apache.httpcomponents.httpcore_4.4.16.v20221207-1049.jar;C:\Users\GILANG AKRAM\Downloads\Katalon_Studio_Free_Windows_64-9.4.0\Katalon_Studio_Free_Windows_64-9.4.0\plugins\org.apache.httpcomponents.httpmime_4.5.1.jar;C:\Users\GILANG AKRAM\Downloads\Katalon_Studio_Free_Windows_64-9.4.0\Katalon_Studio_Free_Windows_64-9.4.0\plugins\org.apache.commons.lang3_3.7.0.jar;C:\Users\GILANG AKRAM\Downloads\Katalon_Studio_Free_Windows_64-9.4.0\Katalon_Studio_Free_Windows_64-9.4.0\plugins\org.greenrobot.eventbus_3.1.1.jar;C:\Users\GILANG AKRAM\Downloads\Katalon_Studio_Free_Windows_64-9.4.0\Katalon_Studio_Free_Windows_64-9.4.0\plugins\net.bytebuddy.byte-buddy_1.14.11.jar;C:\Users\GILANG AKRAM\Downloads\Katalon_Studio_Free_Windows_64-9.4.0\Katalon_Studio_Free_Windows_64-9.4.0\plugins\org.junit_4.13.2.v20211018-1956.jar;C:\Users\GILANG AKRAM\Downloads\Katalon_Studio_Free_Windows_64-9.4.0\Katalon_Studio_Free_Windows_64-9.4.0\plugins\com.fasterxml.jackson.core.jackson-databind_2.14.0.jar;C:\Users\GILANG AKRAM\Downloads\Katalon_Studio_Free_Windows_64-9.4.0\Katalon_Studio_Free_Windows_64-9.4.0\plugins\com.fasterxml.jackson.core.jackson-core_2.14.0.jar;C:\Users\GILANG AKRAM\Downloads\Katalon_Studio_Free_Windows_64-9.4.0\Katalon_Studio_Free_Windows_64-9.4.0\plugins\com.fasterxml.jackson.core.jackson-annotations_2.14.0.jar;C:\Users\GILANG AKRAM\Downloads\Katalon_Studio_Free_Windows_64-9.4.0\Katalon_Studio_Free_Windows_64-9.4.0\plugins\ch.qos.logback.classic_1.2.3.jar;C:\Users\GILANG AKRAM\Downloads\Katalon_Studio_Free_Windows_64-9.4.0\Katalon_Studio_Free_Windows_64-9.4.0\plugins\ch.qos.logback.core_1.2.3.jar;C:\Users\GILANG AKRAM\Downloads\Katalon_Studio_Free_Windows_64-9.4.0\Katalon_Studio_Free_Windows_64-9.4.0\plugins\slf4j.api_1.7.36.jar;C:\Users\GILANG AKRAM\Downloads\Katalon_Studio_Free_Windows_64-9.4.0\Katalon_Studio_Free_Windows_64-9.4.0\plugins\org.fusesource.jansi_1.17.1.jar;C:\Users\GILANG AKRAM\Downloads\Katalon_Studio_Free_Windows_64-9.4.0\Katalon_Studio_Free_Windows_64-9.4.0\plugins\com.kms.katalon.netlightbody_1.0.0.202404040723.jar;C:\Users\GILANG AKRAM\Downloads\Katalon_Studio_Free_Windows_64-9.4.0\Katalon_Studio_Free_Windows_64-9.4.0\plugins\com.kms.katalon.poi_1.0.0.202404040723.jar;C:\Users\GILANG AKRAM\Downloads\Katalon_Studio_Free_Windows_64-9.4.0\Katalon_Studio_Free_Windows_64-9.4.0\plugins\org.apache.commons.commons-text_1.10.0.jar;C:\Users\GILANG AKRAM\Downloads\Katalon_Studio_Free_Windows_64-9.4.0\Katalon_Studio_Free_Windows_64-9.4.0\plugins\com.kms.katalon.proxyvole_1.0.0.202404040723.jar;C:\Users\GILANG AKRAM\Downloads\Katalon_Studio_Free_Windows_64-9.4.0\Katalon_Studio_Free_Windows_64-9.4.0\plugins\com.microsoft.sqlserver.mssql-jdbc_6.2.2.jre8.jar;C:\Users\GILANG AKRAM\Downloads\Katalon_Studio_Free_Windows_64-9.4.0\Katalon_Studio_Free_Windows_64-9.4.0\plugins\com.github.kklisura.cdt.java-client_2.1.0.jar;C:\Users\GILANG AKRAM\Downloads\Katalon_Studio_Free_Windows_64-9.4.0\Katalon_Studio_Free_Windows_64-9.4.0\plugins\javax.websocket-api_1.1.0.jar;C:\Users\GILANG AKRAM\Downloads\Katalon_Studio_Free_Windows_64-9.4.0\Katalon_Studio_Free_Windows_64-9.4.0\plugins\org.glassfish.tyrus.container-grizzly-client_1.13.1.jar;C:\Users\GILANG AKRAM\Downloads\Katalon_Studio_Free_Windows_64-9.4.0\Katalon_Studio_Free_Windows_64-9.4.0\plugins\org.glassfish.grizzly.http-server_2.3.25.jar;C:\Users\GILANG AKRAM\Downloads\Katalon_Studio_Free_Windows_64-9.4.0\Katalon_Studio_Free_Windows_64-9.4.0\plugins\org.glassfish.grizzly.framework_2.3.25.jar;C:\Users\GILANG AKRAM\Downloads\Katalon_Studio_Free_Windows_64-9.4.0\Katalon_Studio_Free_Windows_64-9.4.0\plugins\org.glassfish.grizzly.http_2.3.25.jar;C:\Users\GILANG AKRAM\Downloads\Katalon_Studio_Free_Windows_64-9.4.0\Katalon_Studio_Free_Windows_64-9.4.0\plugins\org.glassfish.tyrus.client_1.13.1.jar;C:\Users\GILANG AKRAM\Downloads\Katalon_Studio_Free_Windows_64-9.4.0\Katalon_Studio_Free_Windows_64-9.4.0\plugins\org.glassfish.tyrus.core_1.13.1.jar;C:\Users\GILANG AKRAM\Downloads\Katalon_Studio_Free_Windows_64-9.4.0\Katalon_Studio_Free_Windows_64-9.4.0\plugins\org.glassfish.tyrus.spi_1.13.1.jar;C:\Users\GILANG AKRAM\Downloads\Katalon_Studio_Free_Windows_64-9.4.0\Katalon_Studio_Free_Windows_64-9.4.0\plugins\javassist_3.28.0.GA.jar;C:\Users\GILANG AKRAM\Downloads\Katalon_Studio_Free_Windows_64-9.4.0\Katalon_Studio_Free_Windows_64-9.4.0\plugins\com.graphql-java_16.2.0.jar;C:\Users\GILANG AKRAM\Downloads\Katalon_Studio_Free_Windows_64-9.4.0\Katalon_Studio_Free_Windows_64-9.4.0\plugins\org.glassfish.jaxb.runtime_2.3.6.jar;C:\Users\GILANG AKRAM\Downloads\Katalon_Studio_Free_Windows_64-9.4.0\Katalon_Studio_Free_Windows_64-9.4.0\plugins\org.glassfish.jaxb.txw2_2.3.6.jar;C:\Users\GILANG AKRAM\Downloads\Katalon_Studio_Free_Windows_64-9.4.0\Katalon_Studio_Free_Windows_64-9.4.0\plugins\org.dom4j_1.6.1.v201312101416.jar;C:\Users\GILANG AKRAM\Downloads\Katalon_Studio_Free_Windows_64-9.4.0\Katalon_Studio_Free_Windows_64-9.4.0\plugins\com.kms.katalon.groovy-extended_1.0.0.202404040723.jar;C:\Users\GILANG AKRAM\Downloads\Katalon_Studio_Free_Windows_64-9.4.0\Katalon_Studio_Free_Windows_64-9.4.0\plugins\com.sun.activation.javax.activation_1.2.0.jar;C:\Users\GILANG AKRAM\Downloads\Katalon_Studio_Free_Windows_64-9.4.0\Katalon_Studio_Free_Windows_64-9.4.0\plugins\jakarta.xml.bind-api_2.3.3.jar;C:\Users\GILANG AKRAM\Downloads\Katalon_Studio_Free_Windows_64-9.4.0\Katalon_Studio_Free_Windows_64-9.4.0\plugins\com.sun.xml.bind.jaxb-impl_2.3.6.jar;C:\Users\GILANG AKRAM\Downloads\Katalon_Studio_Free_Windows_64-9.4.0\Katalon_Studio_Free_Windows_64-9.4.0\plugins\org.eclipse.jface_3.29.0.v20230214-1401.jar;C:\Users\GILANG AKRAM\Downloads\Katalon_Studio_Free_Windows_64-9.4.0\Katalon_Studio_Free_Windows_64-9.4.0\plugins\com.kms.katalon.logging_1.0.0.202404040723.jar;C:\Users\GILANG AKRAM\Downloads\Katalon_Studio_Free_Windows_64-9.4.0\Katalon_Studio_Free_Windows_64-9.4.0\plugins\org.json_20140107.0.0.jar;C:\Users\GILANG AKRAM\Downloads\Katalon_Studio_Free_Windows_64-9.4.0\Katalon_Studio_Free_Windows_64-9.4.0\plugins\assertj-core_3.25.3.jar;C:\Users\GILANG AKRAM\Downloads\Katalon_Studio_Free_Windows_64-9.4.0\Katalon_Studio_Free_Windows_64-9.4.0\plugins\org.apache.commons.logging_1.2.0.v20180409-1502.jar;C:\Users\GILANG AKRAM\Downloads\Katalon_Studio_Free_Windows_64-9.4.0\Katalon_Studio_Free_Windows_64-9.4.0\plugins\org.hamcrest.core_1.3.0.v20180420-1519.jar;C:\Users\GILANG AKRAM\Downloads\Katalon_Studio_Free_Windows_64-9.4.0\Katalon_Studio_Free_Windows_64-9.4.0\plugins\org.beanshell.bsh_2.0.0.0b4.jar;C:\Users\GILANG AKRAM\Downloads\Katalon_Studio_Free_Windows_64-9.4.0\Katalon_Studio_Free_Windows_64-9.4.0\plugins\org.apache.ant.launcher_1.9.6.jar;C:\Users\GILANG AKRAM\Downloads\Katalon_Studio_Free_Windows_64-9.4.0\Katalon_Studio_Free_Windows_64-9.4.0\plugins\com.kms.katalon.core.appium_1.0.0.202404040723.jar;C:\Users\GILANG AKRAM\Downloads\Katalon_Studio_Free_Windows_64-9.4.0\Katalon_Studio_Free_Windows_64-9.4.0\plugins\org.eclipse.equinox.common_3.17.100.v20230202-1341.jar;C:\Users\GILANG AKRAM\Downloads\Katalon_Studio_Free_Windows_64-9.4.0\Katalon_Studio_Free_Windows_64-9.4.0\plugins\com.kms.katalon.core.webui_1.0.0.202404040723.jar;C:\Users\GILANG AKRAM\Downloads\Katalon_Studio_Free_Windows_64-9.4.0\Katalon_Studio_Free_Windows_64-9.4.0\plugins\org.eclipse.e4.core.contexts_1.11.0.v20220716-0839.jar;C:\Users\GILANG AKRAM\Downloads\Katalon_Studio_Free_Windows_64-9.4.0\Katalon_Studio_Free_Windows_64-9.4.0\plugins\org.eclipse.e4.core.services_2.3.400.v20220915-1347.jar;C:\Users\GILANG AKRAM\Downloads\Katalon_Studio_Free_Windows_64-9.4.0\Katalon_Studio_Free_Windows_64-9.4.0\plugins\com.kms.katalon.core.mobile_1.0.0.202404040723.jar;C:\Users\GILANG AKRAM\Downloads\Katalon_Studio_Free_Windows_64-9.4.0\Katalon_Studio_Free_Windows_64-9.4.0\plugins\org.apache.commons.commons-validator_1.7.0.jar;C:\Users\GILANG AKRAM\Downloads\Katalon_Studio_Free_Windows_64-9.4.0\Katalon_Studio_Free_Windows_64-9.4.0\plugins\com.kms.katalon.core.cucumber_1.0.0.202404040723.jar;C:\Users\GILANG AKRAM\Downloads\Katalon_Studio_Free_Windows_64-9.4.0\Katalon_Studio_Free_Windows_64-9.4.0\plugins\io.cucumber.core_3.0.2.jar;C:\Users\GILANG AKRAM\Downloads\Katalon_Studio_Free_Windows_64-9.4.0\Katalon_Studio_Free_Windows_64-9.4.0\plugins\io.cucumber.datatable_1.0.3.jar;C:\Users\GILANG AKRAM\Downloads\Katalon_Studio_Free_Windows_64-9.4.0\Katalon_Studio_Free_Windows_64-9.4.0\plugins\io.cucumber.datatable-dependencies_1.0.3.jar;C:\Users\GILANG AKRAM\Downloads\Katalon_Studio_Free_Windows_64-9.4.0\Katalon_Studio_Free_Windows_64-9.4.0\plugins\io.cucumber.expressions_5.0.19.jar;C:\Users\GILANG AKRAM\Downloads\Katalon_Studio_Free_Windows_64-9.4.0\Katalon_Studio_Free_Windows_64-9.4.0\plugins\io.cucumber.gherkin_5.0.0.jar;C:\Users\GILANG AKRAM\Downloads\Katalon_Studio_Free_Windows_64-9.4.0\Katalon_Studio_Free_Windows_64-9.4.0\plugins\io.cucumber.html_0.2.7.jar;C:\Users\GILANG AKRAM\Downloads\Katalon_Studio_Free_Windows_64-9.4.0\Katalon_Studio_Free_Windows_64-9.4.0\plugins\io.cucumber.java_3.0.2.jar;C:\Users\GILANG AKRAM\Downloads\Katalon_Studio_Free_Windows_64-9.4.0\Katalon_Studio_Free_Windows_64-9.4.0\plugins\io.cucumber.tag-expressions_1.1.1.jar;C:\Users\GILANG AKRAM\Downloads\Katalon_Studio_Free_Windows_64-9.4.0\Katalon_Studio_Free_Windows_64-9.4.0\plugins\io.cucumber.junit_3.0.2.jar;C:\Users\GILANG AKRAM\Downloads\Katalon_Studio_Free_Windows_64-9.4.0\Katalon_Studio_Free_Windows_64-9.4.0\plugins\com.kms.katalon.core.webservice_1.0.0.202404040723.jar;C:\Users\GILANG AKRAM\Downloads\Katalon_Studio_Free_Windows_64-9.4.0\Katalon_Studio_Free_Windows_64-9.4.0\plugins\wsdl4j_1.6.2.jar;C:\Users\GILANG AKRAM\Downloads\Katalon_Studio_Free_Windows_64-9.4.0\Katalon_Studio_Free_Windows_64-9.4.0\plugins\com.google.oauth-client.google-oauth-client_1.22.0.jar;C:\Users\GILANG AKRAM\Downloads\Katalon_Studio_Free_Windows_64-9.4.0\Katalon_Studio_Free_Windows_64-9.4.0\plugins\com.google.http-client.google-http-client_1.22.0.jar;C:\Users\GILANG AKRAM\Downloads\Katalon_Studio_Free_Windows_64-9.4.0\Katalon_Studio_Free_Windows_64-9.4.0\plugins\ca.juliusdavies.not-yet-commons-ssl_0.3.11.jar;C:\Users\GILANG AKRAM\Downloads\Katalon_Studio_Free_Windows_64-9.4.0\Katalon_Studio_Free_Windows_64-9.4.0\plugins\com.kms.katalon.preferences_1.0.0.202404040723.jar;C:\Users\GILANG AKRAM\Downloads\Katalon_Studio_Free_Windows_64-9.4.0\Katalon_Studio_Free_Windows_64-9.4.0\plugins\org.apache.xmlbeans_3.1.0.jar;C:\Users\GILANG AKRAM\Downloads\Katalon_Studio_Free_Windows_64-9.4.0\Katalon_Studio_Free_Windows_64-9.4.0\plugins\com.kms.katalon.entity_1.0.0.202404040723.jar;C:\Users\GILANG AKRAM\Downloads\Katalon_Studio_Free_Windows_64-9.4.0\Katalon_Studio_Free_Windows_64-9.4.0\plugins\org.antlr.antlr4-runtime_4.8.0.jar;C:\Users\GILANG AKRAM\Downloads\Katalon_Studio_Free_Windows_64-9.4.0\Katalon_Studio_Free_Windows_64-9.4.0\plugins\com.networknt.json-schema-validator_1.0.66.jar;C:\Users\GILANG AKRAM\Downloads\Katalon_Studio_Free_Windows_64-9.4.0\Katalon_Studio_Free_Windows_64-9.4.0\plugins\jakarta.xml.ws-api_2.3.3.jar;C:\Users\GILANG AKRAM\Downloads\Katalon_Studio_Free_Windows_64-9.4.0\Katalon_Studio_Free_Windows_64-9.4.0\plugins\javax.xml.soap-api_1.4.0.jar;C:\Users\GILANG AKRAM\Downloads\Katalon_Studio_Free_Windows_64-9.4.0\Katalon_Studio_Free_Windows_64-9.4.0\plugins\com.kms.katalon.core.windows_1.0.0.202404040723.jar;C:\Users\GILANG AKRAM\Downloads\Katalon_Studio_Free_Windows_64-9.4.0\Katalon_Studio_Free_Windows_64-9.4.0\plugins\com.kms.katalon.core.testng_1.0.0.202404040723.jar;C:\Users\GILANG AKRAM\Downloads\Katalon_Studio_Free_Windows_64-9.4.0\Katalon_Studio_Free_Windows_64-9.4.0\configuration\org.eclipse.osgi\28\0\.cp\resources\basic-report\katalon-studio-report-plugin.jar;C:\Users\GILANG AKRAM\Downloads\Katalon_Studio_Free_Windows_64-9.4.0\Katalon_Studio_Free_Windows_64-9.4.0\plugins\org.codehaus.groovy_3.0.17.v202303311542-e2303\lib\groovy-3.0.17-indy.jar;C:\Users\GILANG AKRAM\Downloads\Katalon_Studio_Free_Windows_64-9.4.0\Katalon_Studio_Free_Windows_64-9.4.0\plugins\org.codehaus.groovy_3.0.17.v202303311542-e2303\lib\ivy-2.5.1.jar --main groovy.ui.GroovyMain --encoding UTF-8 --indy C:\Users\GILANG AKRAM\Katalon Studio\Project-PickMe\Libs\TempTestSuite1715050066899.groovy

Host: AMD Ryzen 7 4800H with Radeon Graphics         , 16 cores, 15G,  Windows 11 , 64 bit Build 22621 (10.0.22621.3527)
Time: Tue May  7 09:47:58 2024 SE Asia Standard Time elapsed time: 11.299633 seconds (0d 0h 0m 11s)

---------------  T H R E A D  ---------------

Current thread (0x0000019840c767d0):  JavaThread "C2 CompilerThread1" daemon [_thread_in_native, id=17936, stack(0x0000002d51e00000,0x0000002d51f00000)]


Current CompileTask:
C2:  11299 5639   !   4       java.util.regex.Pattern::closure (276 bytes)

Stack: [0x0000002d51e00000,0x0000002d51f00000]
Native frames: (J=compiled Java code, j=interpreted, Vv=VM code, C=native code)
V  [jvm.dll+0x67754a]
V  [jvm.dll+0x834304]
V  [jvm.dll+0x835aae]
V  [jvm.dll+0x836113]
V  [jvm.dll+0x24696f]
V  [jvm.dll+0xac0ac]
V  [jvm.dll+0xac67c]
V  [jvm.dll+0x364e37]
V  [jvm.dll+0x32f6b1]
V  [jvm.dll+0x32eb5a]
V  [jvm.dll+0x219641]
V  [jvm.dll+0x218a61]
V  [jvm.dll+0x1a4d8d]
V  [jvm.dll+0x2284da]
V  [jvm.dll+0x226615]
V  [jvm.dll+0x7ea90b]
V  [jvm.dll+0x7e4e7a]
V  [jvm.dll+0x676395]
C  [ucrtbase.dll+0x29333]
C  [KERNEL32.DLL+0x1257d]
C  [ntdll.dll+0x5aa48]


---------------  P R O C E S S  ---------------

Threads class SMR info:
_java_thread_list=0x000001984132c300, length=22, elements={
0x000001981d75c930, 0x000001983952e7a0, 0x000001983a2c5860, 0x000001983a2a9d60,
0x000001983a2aa620, 0x000001983a2e7400, 0x000001983a2e7db0, 0x000001983a2edfa0,
0x000001983a2f69a0, 0x000001983a2f7390, 0x000001983a5ee6a0, 0x000001983f10fc40,
0x0000019840bc4dc0, 0x0000019840bc3a80, 0x0000019840bc3f50, 0x0000019840bc4420,
0x0000019840bc48f0, 0x0000019840bc5290, 0x0000019840bc2270, 0x0000019840bc5760,
0x0000019840bc1da0, 0x0000019840c767d0
}

Java Threads: ( => current thread )
  0x000001981d75c930 JavaThread "main" [_thread_blocked, id=13800, stack(0x0000002d50e00000,0x0000002d50f00000)]
  0x000001983952e7a0 JavaThread "Reference Handler" daemon [_thread_blocked, id=7192, stack(0x0000002d51500000,0x0000002d51600000)]
  0x000001983a2c5860 JavaThread "Finalizer" daemon [_thread_blocked, id=17384, stack(0x0000002d51600000,0x0000002d51700000)]
  0x000001983a2a9d60 JavaThread "Signal Dispatcher" daemon [_thread_blocked, id=24532, stack(0x0000002d51700000,0x0000002d51800000)]
  0x000001983a2aa620 JavaThread "Attach Listener" daemon [_thread_blocked, id=17400, stack(0x0000002d51800000,0x0000002d51900000)]
  0x000001983a2e7400 JavaThread "Service Thread" daemon [_thread_blocked, id=17168, stack(0x0000002d51900000,0x0000002d51a00000)]
  0x000001983a2e7db0 JavaThread "Monitor Deflation Thread" daemon [_thread_blocked, id=16648, stack(0x0000002d51a00000,0x0000002d51b00000)]
  0x000001983a2edfa0 JavaThread "C2 CompilerThread0" daemon [_thread_blocked, id=17196, stack(0x0000002d51b00000,0x0000002d51c00000)]
  0x000001983a2f69a0 JavaThread "C1 CompilerThread0" daemon [_thread_blocked, id=14640, stack(0x0000002d51c00000,0x0000002d51d00000)]
  0x000001983a2f7390 JavaThread "Sweeper thread" daemon [_thread_blocked, id=17712, stack(0x0000002d51d00000,0x0000002d51e00000)]
  0x000001983a5ee6a0 JavaThread "Common-Cleaner" daemon [_thread_blocked, id=16432, stack(0x0000002d51f00000,0x0000002d52000000)]
  0x000001983f10fc40 JavaThread "Notification Thread" daemon [_thread_blocked, id=6192, stack(0x0000002d52000000,0x0000002d52100000)]
  0x0000019840bc4dc0 JavaThread "Exec Default Executor" daemon [_thread_in_native, id=24944, stack(0x0000002d53400000,0x0000002d53500000)]
  0x0000019840bc3a80 JavaThread "UrlChecker-2" daemon [_thread_blocked, id=20704, stack(0x0000002d53500000,0x0000002d53600000)]
  0x0000019840bc3f50 JavaThread "Exec Stream Pumper" daemon [_thread_in_native, id=13752, stack(0x0000002d53700000,0x0000002d53800000)]
  0x0000019840bc4420 JavaThread "Exec Stream Pumper" daemon [_thread_in_native, id=18948, stack(0x0000002d53800000,0x0000002d53900000)]
  0x0000019840bc48f0 JavaThread "Keep-Alive-Timer" daemon [_thread_blocked, id=656, stack(0x0000002d53900000,0x0000002d53a00000)]
  0x0000019840bc5290 JavaThread "ForkJoinPool.commonPool-worker-1" daemon [_thread_blocked, id=652, stack(0x0000002d53a00000,0x0000002d53b00000)]
  0x0000019840bc2270 JavaThread "ForkJoinPool.commonPool-worker-2" daemon [_thread_blocked, id=644, stack(0x0000002d53b00000,0x0000002d53c00000)]
  0x0000019840bc5760 JavaThread "OkHttp ConnectionPool" daemon [_thread_blocked, id=680, stack(0x0000002d53c00000,0x0000002d53d00000)]
  0x0000019840bc1da0 JavaThread "Okio Watchdog" daemon [_thread_blocked, id=692, stack(0x0000002d53d00000,0x0000002d53e00000)]
=>0x0000019840c767d0 JavaThread "C2 CompilerThread1" daemon [_thread_in_native, id=17936, stack(0x0000002d51e00000,0x0000002d51f00000)]

Other Threads:
  0x000001983952e280 VMThread "VM Thread" [stack: 0x0000002d51400000,0x0000002d51500000] [id=16616]
  0x000001981d75d5a0 WatcherThread [stack: 0x0000002d52100000,0x0000002d52200000] [id=15052]
  0x000001981d7ba3d0 GCTaskThread "GC Thread#0" [stack: 0x0000002d50f00000,0x0000002d51000000] [id=11392]
  0x000001983f6276e0 GCTaskThread "GC Thread#1" [stack: 0x0000002d52200000,0x0000002d52300000] [id=17300]
  0x000001983f791070 GCTaskThread "GC Thread#2" [stack: 0x0000002d52300000,0x0000002d52400000] [id=13980]
  0x000001983f791320 GCTaskThread "GC Thread#3" [stack: 0x0000002d52400000,0x0000002d52500000] [id=13692]
  0x000001983f5f8a40 GCTaskThread "GC Thread#4" [stack: 0x0000002d52500000,0x0000002d52600000] [id=17272]
  0x0000019840210060 GCTaskThread "GC Thread#5" [stack: 0x0000002d52900000,0x0000002d52a00000] [id=25368]
  0x0000019840210dd0 GCTaskThread "GC Thread#6" [stack: 0x0000002d52a00000,0x0000002d52b00000] [id=4808]
  0x0000019840210b20 GCTaskThread "GC Thread#7" [stack: 0x0000002d52b00000,0x0000002d52c00000] [id=23368]
  0x0000019840210870 GCTaskThread "GC Thread#8" [stack: 0x0000002d52c00000,0x0000002d52d00000] [id=15056]
  0x0000019840211080 GCTaskThread "GC Thread#9" [stack: 0x0000002d52600000,0x0000002d52700000] [id=18000]
  0x00000198402105c0 GCTaskThread "GC Thread#10" [stack: 0x0000002d52d00000,0x0000002d52e00000] [id=25232]
  0x000001984020f850 GCTaskThread "GC Thread#11" [stack: 0x0000002d53200000,0x0000002d53300000] [id=12840]
  0x00000198431c3590 GCTaskThread "GC Thread#12" [stack: 0x0000002d53300000,0x0000002d53400000] [id=18164]
  0x000001981d7cb9b0 ConcurrentGCThread "G1 Main Marker" [stack: 0x0000002d51000000,0x0000002d51100000] [id=17404]
  0x000001981d7cc2c0 ConcurrentGCThread "G1 Conc#0" [stack: 0x0000002d51100000,0x0000002d51200000] [id=16584]
  0x000001984020f5a0 ConcurrentGCThread "G1 Conc#1" [stack: 0x0000002d52e00000,0x0000002d52f00000] [id=14876]
  0x0000019840210310 ConcurrentGCThread "G1 Conc#2" [stack: 0x0000002d52f00000,0x0000002d53000000] [id=12988]
  0x0000019839420ad0 ConcurrentGCThread "G1 Refine#0" [stack: 0x0000002d51200000,0x0000002d51300000] [id=16460]
  0x00000198394213f0 ConcurrentGCThread "G1 Service" [stack: 0x0000002d51300000,0x0000002d51400000] [id=16564]

Threads with active compile tasks:
C2 CompilerThread0    11325 5641       4       java.util.regex.Pattern::sequence (647 bytes)
C2 CompilerThread1    11325 5639   !   4       java.util.regex.Pattern::closure (276 bytes)

VM state: at safepoint (normal execution)

VM Mutex/Monitor currently owned by a thread:  ([mutex/lock_event])
[0x000001981d757fd0] Threads_lock - owner thread: 0x000001983952e280
[0x000001981d756560] Heap_lock - owner thread: 0x000001981d75c930

Heap address: 0x0000000080000000, size: 2048 MB, Compressed Oops mode: 32-bit

CDS archive(s) not mapped
Compressed class space mapped at: 0x0000000100000000-0x0000000140000000, reserved size: 1073741824
Narrow klass base: 0x0000000000000000, Narrow klass shift: 3, Narrow klass range: 0x140000000

GC Precious Log:
 CPUs: 16 total, 16 available
 Memory: 15789M
 Large Page Support: Disabled
 NUMA Support: Disabled
 Compressed Oops: Enabled (32-bit)
 Heap Region Size: 1M
 Heap Min Capacity: 8M
 Heap Initial Capacity: 248M
 Heap Max Capacity: 2G
 Pre-touch: Disabled
 Parallel Workers: 13
 Concurrent Workers: 3
 Concurrent Refinement Workers: 13
 Periodic GC: Disabled

Heap:
 garbage-first heap   total 119808K, used 96475K [0x0000000080000000, 0x0000000100000000)
  region size 1024K, 66 young (67584K), 5 survivors (5120K)
 Metaspace       used 43618K, committed 44160K, reserved 1114112K
  class space    used 4826K, committed 5056K, reserved 1048576K

Heap Regions: E=young(eden), S=young(survivor), O=old, HS=humongous(starts), HC=humongous(continues), CS=collection set, F=free, OA=open archive, CA=closed archive, TAMS=top-at-mark-start (previous, next)
|   0|0x0000000080000000, 0x0000000080100000, 0x0000000080100000|100%|HS|  |TAMS 0x0000000080100000, 0x0000000080000000| Complete 
|   1|0x0000000080100000, 0x0000000080200000, 0x0000000080200000|100%|HS|  |TAMS 0x0000000080200000, 0x0000000080100000| Complete 
|   2|0x0000000080200000, 0x0000000080300000, 0x0000000080300000|100%|HS|  |TAMS 0x0000000080300000, 0x0000000080200000| Complete 
|   3|0x0000000080300000, 0x0000000080400000, 0x0000000080400000|100%|HC|  |TAMS 0x0000000080400000, 0x0000000080300000| Complete 
|   4|0x0000000080400000, 0x0000000080500000, 0x0000000080500000|100%| O|  |TAMS 0x0000000080500000, 0x0000000080400000| Untracked 
|   5|0x0000000080500000, 0x0000000080600000, 0x0000000080600000|100%| O|  |TAMS 0x0000000080600000, 0x0000000080500000| Untracked 
|   6|0x0000000080600000, 0x0000000080700000, 0x0000000080700000|100%| O|  |TAMS 0x0000000080700000, 0x0000000080600000| Untracked 
|   7|0x0000000080700000, 0x0000000080800000, 0x0000000080800000|100%| O|  |TAMS 0x0000000080800000, 0x0000000080700000| Untracked 
|   8|0x0000000080800000, 0x0000000080900000, 0x0000000080900000|100%| O|  |TAMS 0x0000000080900000, 0x0000000080800000| Untracked 
|   9|0x0000000080900000, 0x0000000080a00000, 0x0000000080a00000|100%| O|  |TAMS 0x0000000080a00000, 0x0000000080900000| Untracked 
|  10|0x0000000080a00000, 0x0000000080b00000, 0x0000000080b00000|100%| O|  |TAMS 0x0000000080b00000, 0x0000000080a00000| Untracked 
|  11|0x0000000080b00000, 0x0000000080c00000, 0x0000000080c00000|100%| O|  |TAMS 0x0000000080c00000, 0x0000000080b00000| Untracked 
|  12|0x0000000080c00000, 0x0000000080d00000, 0x0000000080d00000|100%| O|  |TAMS 0x0000000080d00000, 0x0000000080c00000| Untracked 
|  13|0x0000000080d00000, 0x0000000080e00000, 0x0000000080e00000|100%| O|  |TAMS 0x0000000080e00000, 0x0000000080d00000| Untracked 
|  14|0x0000000080e00000, 0x0000000080f00000, 0x0000000080f00000|100%| O|  |TAMS 0x0000000080e00000, 0x0000000080e00000| Untracked 
|  15|0x0000000080f00000, 0x0000000081000000, 0x0000000081000000|100%| O|  |TAMS 0x0000000081000000, 0x0000000080f00000| Untracked 
|  16|0x0000000081000000, 0x0000000081100000, 0x0000000081100000|100%| O|  |TAMS 0x0000000081100000, 0x0000000081000000| Untracked 
|  17|0x0000000081100000, 0x0000000081200000, 0x0000000081200000|100%| O|  |TAMS 0x0000000081200000, 0x0000000081100000| Untracked 
|  18|0x0000000081200000, 0x0000000081300000, 0x0000000081300000|100%| O|  |TAMS 0x0000000081300000, 0x0000000081200000| Untracked 
|  19|0x0000000081300000, 0x0000000081400000, 0x0000000081400000|100%| O|  |TAMS 0x0000000081400000, 0x0000000081300000| Untracked 
|  20|0x0000000081400000, 0x0000000081500000, 0x0000000081500000|100%| O|  |TAMS 0x0000000081500000, 0x0000000081400000| Untracked 
|  21|0x0000000081500000, 0x0000000081600000, 0x0000000081600000|100%| O|  |TAMS 0x0000000081600000, 0x0000000081500000| Untracked 
|  22|0x0000000081600000, 0x0000000081700000, 0x0000000081700000|100%| O|  |TAMS 0x0000000081700000, 0x0000000081600000| Untracked 
|  23|0x0000000081700000, 0x0000000081800000, 0x0000000081800000|100%| O|  |TAMS 0x000000008175aa00, 0x0000000081700000| Untracked 
|  24|0x0000000081800000, 0x0000000081836e00, 0x0000000081900000| 21%| O|  |TAMS 0x0000000081800000, 0x0000000081800000| Untracked 
|  25|0x0000000081900000, 0x0000000081a00000, 0x0000000081a00000|100%| O|  |TAMS 0x0000000081900000, 0x0000000081900000| Untracked 
|  26|0x0000000081a00000, 0x0000000081b00000, 0x0000000081b00000|100%| O|  |TAMS 0x0000000081a00000, 0x0000000081a00000| Untracked 
|  27|0x0000000081b00000, 0x0000000081c00000, 0x0000000081c00000|100%| O|  |TAMS 0x0000000081b00000, 0x0000000081b00000| Untracked 
|  28|0x0000000081c00000, 0x0000000081d00000, 0x0000000081d00000|100%| O|  |TAMS 0x0000000081c00000, 0x0000000081c00000| Untracked 
|  29|0x0000000081d00000, 0x0000000081e00000, 0x0000000081e00000|100%| O|  |TAMS 0x0000000081d00000, 0x0000000081d00000| Untracked 
|  30|0x0000000081e00000, 0x0000000081e17440, 0x0000000081f00000|  9%| O|  |TAMS 0x0000000081e00000, 0x0000000081e00000| Untracked 
|  31|0x0000000081f00000, 0x0000000081f00000, 0x0000000082000000|  0%| F|  |TAMS 0x0000000081f00000, 0x0000000081f00000| Untracked 
|  32|0x0000000082000000, 0x0000000082000000, 0x0000000082100000|  0%| F|  |TAMS 0x0000000082000000, 0x0000000082000000| Untracked 
|  33|0x0000000082100000, 0x0000000082100000, 0x0000000082200000|  0%| F|  |TAMS 0x0000000082100000, 0x0000000082100000| Untracked 
|  34|0x0000000082200000, 0x0000000082200000, 0x0000000082300000|  0%| F|  |TAMS 0x0000000082200000, 0x0000000082200000| Untracked 
|  35|0x0000000082300000, 0x0000000082300000, 0x0000000082400000|  0%| F|  |TAMS 0x0000000082300000, 0x0000000082300000| Untracked 
|  36|0x0000000082400000, 0x0000000082400000, 0x0000000082500000|  0%| F|  |TAMS 0x0000000082400000, 0x0000000082400000| Untracked 
|  37|0x0000000082500000, 0x0000000082500000, 0x0000000082600000|  0%| F|  |TAMS 0x0000000082500000, 0x0000000082500000| Untracked 
|  38|0x0000000082600000, 0x0000000082600000, 0x0000000082700000|  0%| F|  |TAMS 0x0000000082600000, 0x0000000082600000| Untracked 
|  39|0x0000000082700000, 0x0000000082700000, 0x0000000082800000|  0%| F|  |TAMS 0x0000000082700000, 0x0000000082700000| Untracked 
|  40|0x0000000082800000, 0x0000000082800000, 0x0000000082900000|  0%| F|  |TAMS 0x0000000082800000, 0x0000000082800000| Untracked 
|  41|0x0000000082900000, 0x0000000082980000, 0x0000000082a00000| 50%| S|  |TAMS 0x0000000082900000, 0x0000000082900000| Complete 
|  42|0x0000000082a00000, 0x0000000082b00000, 0x0000000082b00000|100%| S|  |TAMS 0x0000000082a00000, 0x0000000082a00000| Complete 
|  43|0x0000000082b00000, 0x0000000082c00000, 0x0000000082c00000|100%| S|  |TAMS 0x0000000082b00000, 0x0000000082b00000| Complete 
|  44|0x0000000082c00000, 0x0000000082d00000, 0x0000000082d00000|100%| S|  |TAMS 0x0000000082c00000, 0x0000000082c00000| Complete 
|  45|0x0000000082d00000, 0x0000000082e00000, 0x0000000082e00000|100%| S|  |TAMS 0x0000000082d00000, 0x0000000082d00000| Complete 
|  46|0x0000000082e00000, 0x0000000082f00000, 0x0000000082f00000|100%| S|  |TAMS 0x0000000082e00000, 0x0000000082e00000| Complete 
|  47|0x0000000082f00000, 0x0000000083000000, 0x0000000083000000|100%| E|CS|TAMS 0x0000000082f00000, 0x0000000082f00000| Complete 
|  48|0x0000000083000000, 0x0000000083100000, 0x0000000083100000|100%| E|CS|TAMS 0x0000000083000000, 0x0000000083000000| Complete 
|  49|0x0000000083100000, 0x0000000083200000, 0x0000000083200000|100%| E|CS|TAMS 0x0000000083100000, 0x0000000083100000| Complete 
|  50|0x0000000083200000, 0x0000000083300000, 0x0000000083300000|100%| E|CS|TAMS 0x0000000083200000, 0x0000000083200000| Complete 
|  51|0x0000000083300000, 0x0000000083400000, 0x0000000083400000|100%| E|CS|TAMS 0x0000000083300000, 0x0000000083300000| Complete 
|  52|0x0000000083400000, 0x0000000083500000, 0x0000000083500000|100%| E|CS|TAMS 0x0000000083400000, 0x0000000083400000| Complete 
|  53|0x0000000083500000, 0x0000000083600000, 0x0000000083600000|100%| E|CS|TAMS 0x0000000083500000, 0x0000000083500000| Complete 
|  54|0x0000000083600000, 0x0000000083700000, 0x0000000083700000|100%| E|CS|TAMS 0x0000000083600000, 0x0000000083600000| Complete 
|  55|0x0000000083700000, 0x0000000083800000, 0x0000000083800000|100%| E|CS|TAMS 0x0000000083700000, 0x0000000083700000| Complete 
|  56|0x0000000083800000, 0x0000000083900000, 0x0000000083900000|100%| E|CS|TAMS 0x0000000083800000, 0x0000000083800000| Complete 
|  57|0x0000000083900000, 0x0000000083a00000, 0x0000000083a00000|100%| E|CS|TAMS 0x0000000083900000, 0x0000000083900000| Complete 
|  58|0x0000000083a00000, 0x0000000083b00000, 0x0000000083b00000|100%| E|CS|TAMS 0x0000000083a00000, 0x0000000083a00000| Complete 
|  59|0x0000000083b00000, 0x0000000083c00000, 0x0000000083c00000|100%| E|CS|TAMS 0x0000000083b00000, 0x0000000083b00000| Complete 
|  60|0x0000000083c00000, 0x0000000083d00000, 0x0000000083d00000|100%| E|CS|TAMS 0x0000000083c00000, 0x0000000083c00000| Complete 
|  61|0x0000000083d00000, 0x0000000083e00000, 0x0000000083e00000|100%| E|CS|TAMS 0x0000000083d00000, 0x0000000083d00000| Complete 
|  62|0x0000000083e00000, 0x0000000083f00000, 0x0000000083f00000|100%| E|CS|TAMS 0x0000000083e00000, 0x0000000083e00000| Complete 
|  63|0x0000000083f00000, 0x0000000084000000, 0x0000000084000000|100%| E|CS|TAMS 0x0000000083f00000, 0x0000000083f00000| Complete 
|  64|0x0000000084000000, 0x0000000084100000, 0x0000000084100000|100%| E|CS|TAMS 0x0000000084000000, 0x0000000084000000| Complete 
|  65|0x0000000084100000, 0x0000000084200000, 0x0000000084200000|100%| E|CS|TAMS 0x0000000084100000, 0x0000000084100000| Complete 
|  66|0x0000000084200000, 0x0000000084300000, 0x0000000084300000|100%| E|CS|TAMS 0x0000000084200000, 0x0000000084200000| Complete 
|  67|0x0000000084300000, 0x0000000084400000, 0x0000000084400000|100%| E|CS|TAMS 0x0000000084300000, 0x0000000084300000| Complete 
|  68|0x0000000084400000, 0x0000000084500000, 0x0000000084500000|100%| E|CS|TAMS 0x0000000084400000, 0x0000000084400000| Complete 
|  69|0x0000000084500000, 0x0000000084600000, 0x0000000084600000|100%| E|CS|TAMS 0x0000000084500000, 0x0000000084500000| Complete 
|  70|0x0000000084600000, 0x0000000084700000, 0x0000000084700000|100%| E|CS|TAMS 0x0000000084600000, 0x0000000084600000| Complete 
|  71|0x0000000084700000, 0x0000000084800000, 0x0000000084800000|100%| E|CS|TAMS 0x0000000084700000, 0x0000000084700000| Complete 
|  72|0x0000000084800000, 0x0000000084900000, 0x0000000084900000|100%| E|CS|TAMS 0x0000000084800000, 0x0000000084800000| Complete 
|  73|0x0000000084900000, 0x0000000084a00000, 0x0000000084a00000|100%| E|CS|TAMS 0x0000000084900000, 0x0000000084900000| Complete 
|  74|0x0000000084a00000, 0x0000000084b00000, 0x0000000084b00000|100%| E|CS|TAMS 0x0000000084a00000, 0x0000000084a00000| Complete 
|  75|0x0000000084b00000, 0x0000000084c00000, 0x0000000084c00000|100%| E|CS|TAMS 0x0000000084b00000, 0x0000000084b00000| Complete 
|  76|0x0000000084c00000, 0x0000000084d00000, 0x0000000084d00000|100%| E|CS|TAMS 0x0000000084c00000, 0x0000000084c00000| Complete 
|  77|0x0000000084d00000, 0x0000000084e00000, 0x0000000084e00000|100%| E|CS|TAMS 0x0000000084d00000, 0x0000000084d00000| Complete 
|  78|0x0000000084e00000, 0x0000000084f00000, 0x0000000084f00000|100%| E|CS|TAMS 0x0000000084e00000, 0x0000000084e00000| Complete 
|  79|0x0000000084f00000, 0x0000000085000000, 0x0000000085000000|100%| E|CS|TAMS 0x0000000084f00000, 0x0000000084f00000| Complete 
|  80|0x0000000085000000, 0x0000000085100000, 0x0000000085100000|100%| E|CS|TAMS 0x0000000085000000, 0x0000000085000000| Complete 
|  81|0x0000000085100000, 0x0000000085200000, 0x0000000085200000|100%| E|CS|TAMS 0x0000000085100000, 0x0000000085100000| Complete 
|  82|0x0000000085200000, 0x0000000085300000, 0x0000000085300000|100%| E|CS|TAMS 0x0000000085200000, 0x0000000085200000| Complete 
|  83|0x0000000085300000, 0x0000000085400000, 0x0000000085400000|100%| E|CS|TAMS 0x0000000085300000, 0x0000000085300000| Complete 
|  84|0x0000000085400000, 0x0000000085500000, 0x0000000085500000|100%| E|CS|TAMS 0x0000000085400000, 0x0000000085400000| Complete 
|  85|0x0000000085500000, 0x0000000085600000, 0x0000000085600000|100%| E|CS|TAMS 0x0000000085500000, 0x0000000085500000| Complete 
|  86|0x0000000085600000, 0x0000000085700000, 0x0000000085700000|100%| E|CS|TAMS 0x0000000085600000, 0x0000000085600000| Complete 
|  87|0x0000000085700000, 0x0000000085800000, 0x0000000085800000|100%| E|CS|TAMS 0x0000000085700000, 0x0000000085700000| Complete 
|  88|0x0000000085800000, 0x0000000085900000, 0x0000000085900000|100%| E|CS|TAMS 0x0000000085800000, 0x0000000085800000| Complete 
|  89|0x0000000085900000, 0x0000000085a00000, 0x0000000085a00000|100%| E|CS|TAMS 0x0000000085900000, 0x0000000085900000| Complete 
|  90|0x0000000085a00000, 0x0000000085b00000, 0x0000000085b00000|100%| E|CS|TAMS 0x0000000085a00000, 0x0000000085a00000| Complete 
|  91|0x0000000085b00000, 0x0000000085c00000, 0x0000000085c00000|100%| E|CS|TAMS 0x0000000085b00000, 0x0000000085b00000| Complete 
|  92|0x0000000085c00000, 0x0000000085d00000, 0x0000000085d00000|100%| E|CS|TAMS 0x0000000085c00000, 0x0000000085c00000| Complete 
|  93|0x0000000085d00000, 0x0000000085e00000, 0x0000000085e00000|100%| E|CS|TAMS 0x0000000085d00000, 0x0000000085d00000| Complete 
|  94|0x0000000085e00000, 0x0000000085f00000, 0x0000000085f00000|100%| E|CS|TAMS 0x0000000085e00000, 0x0000000085e00000| Complete 
|  95|0x0000000085f00000, 0x0000000086000000, 0x0000000086000000|100%| E|CS|TAMS 0x0000000085f00000, 0x0000000085f00000| Complete 
|  96|0x0000000086000000, 0x0000000086100000, 0x0000000086100000|100%| E|CS|TAMS 0x0000000086000000, 0x0000000086000000| Complete 
|  97|0x0000000086100000, 0x0000000086200000, 0x0000000086200000|100%| E|CS|TAMS 0x0000000086100000, 0x0000000086100000| Complete 
|  98|0x0000000086200000, 0x0000000086300000, 0x0000000086300000|100%| E|CS|TAMS 0x0000000086200000, 0x0000000086200000| Complete 
|  99|0x0000000086300000, 0x0000000086400000, 0x0000000086400000|100%| E|CS|TAMS 0x0000000086300000, 0x0000000086300000| Complete 
| 100|0x0000000086400000, 0x0000000086500000, 0x0000000086500000|100%| E|CS|TAMS 0x0000000086400000, 0x0000000086400000| Complete 
| 101|0x0000000086500000, 0x0000000086600000, 0x0000000086600000|100%| E|CS|TAMS 0x0000000086500000, 0x0000000086500000| Complete 
| 102|0x0000000086600000, 0x0000000086700000, 0x0000000086700000|100%| E|CS|TAMS 0x0000000086600000, 0x0000000086600000| Complete 
| 103|0x0000000086700000, 0x0000000086800000, 0x0000000086800000|100%| E|CS|TAMS 0x0000000086700000, 0x0000000086700000| Complete 
| 104|0x0000000086800000, 0x0000000086900000, 0x0000000086900000|100%| E|CS|TAMS 0x0000000086800000, 0x0000000086800000| Complete 
| 105|0x0000000086900000, 0x0000000086a00000, 0x0000000086a00000|100%| E|CS|TAMS 0x0000000086900000, 0x0000000086900000| Complete 
| 106|0x0000000086a00000, 0x0000000086b00000, 0x0000000086b00000|100%| E|CS|TAMS 0x0000000086a00000, 0x0000000086a00000| Complete 
| 110|0x0000000086e00000, 0x0000000086f00000, 0x0000000086f00000|100%| E|CS|TAMS 0x0000000086e00000, 0x0000000086e00000| Complete 
| 111|0x0000000086f00000, 0x0000000087000000, 0x0000000087000000|100%| E|CS|TAMS 0x0000000086f00000, 0x0000000086f00000| Complete 
| 112|0x0000000087000000, 0x0000000087100000, 0x0000000087100000|100%| E|CS|TAMS 0x0000000087000000, 0x0000000087000000| Complete 
| 113|0x0000000087100000, 0x0000000087200000, 0x0000000087200000|100%| E|CS|TAMS 0x0000000087100000, 0x0000000087100000| Complete 
| 114|0x0000000087200000, 0x0000000087300000, 0x0000000087300000|100%| E|CS|TAMS 0x0000000087200000, 0x0000000087200000| Complete 
| 115|0x0000000087300000, 0x0000000087400000, 0x0000000087400000|100%| E|CS|TAMS 0x0000000087300000, 0x0000000087300000| Complete 
| 116|0x0000000087400000, 0x0000000087500000, 0x0000000087500000|100%| E|CS|TAMS 0x0000000087400000, 0x0000000087400000| Complete 
| 117|0x0000000087500000, 0x0000000087600000, 0x0000000087600000|100%| E|CS|TAMS 0x0000000087500000, 0x0000000087500000| Complete 
| 118|0x0000000087600000, 0x0000000087700000, 0x0000000087700000|100%| E|CS|TAMS 0x0000000087600000, 0x0000000087600000| Complete 
| 247|0x000000008f700000, 0x000000008f800000, 0x000000008f800000|100%| E|CS|TAMS 0x000000008f700000, 0x000000008f700000| Complete 

Card table byte_map: [0x0000019832950000,0x0000019832d50000] _byte_map_base: 0x0000019832550000

Marking Bits (Prev, Next): (CMBitMap*) 0x000001981d7ba8e0, (CMBitMap*) 0x000001981d7ba920
 Prev Bits: [0x0000019833150000, 0x0000019835150000)
 Next Bits: [0x0000019835150000, 0x0000019837150000)

Polling page: 0x000001981d7d0000

Metaspace:

Usage:
  Non-class:     37.88 MB used.
      Class:      4.71 MB used.
       Both:     42.60 MB used.

Virtual space:
  Non-class space:       64.00 MB reserved,      38.19 MB ( 60%) committed,  1 nodes.
      Class space:        1.00 GB reserved,       4.94 MB ( <1%) committed,  1 nodes.
             Both:        1.06 GB reserved,      43.12 MB (  4%) committed. 

Chunk freelists:
   Non-Class:  9.24 MB
       Class:  11.02 MB
        Both:  20.26 MB

MaxMetaspaceSize: unlimited
CompressedClassSpaceSize: 1.00 GB
Initial GC threshold: 21.00 MB
Current GC threshold: 58.69 MB
CDS: off
MetaspaceReclaimPolicy: balanced
 - commit_granule_bytes: 65536.
 - commit_granule_words: 8192.
 - virtual_space_node_default_size: 8388608.
 - enlarge_chunks_in_place: 1.
 - new_chunks_are_fully_committed: 0.
 - uncommit_free_chunks: 1.
 - use_allocation_guard: 0.
 - handle_deallocations: 1.


Internal statistics:

num_allocs_failed_limit: 6.
num_arena_births: 598.
num_arena_deaths: 0.
num_vsnodes_births: 2.
num_vsnodes_deaths: 0.
num_space_committed: 690.
num_space_uncommitted: 0.
num_chunks_returned_to_freelist: 6.
num_chunks_taken_from_freelist: 1650.
num_chunk_merges: 6.
num_chunk_splits: 1111.
num_chunks_enlarged: 761.
num_inconsistent_stats: 0.

CodeHeap 'non-profiled nmethods': size=119168Kb used=3071Kb max_used=3071Kb free=116096Kb
 bounds [0x000001982a140000, 0x000001982a440000, 0x00000198315a0000]
CodeHeap 'profiled nmethods': size=119104Kb used=9518Kb max_used=9691Kb free=109586Kb
 bounds [0x00000198225a0000, 0x0000019822f20000, 0x00000198299f0000]
CodeHeap 'non-nmethods': size=7488Kb used=2310Kb max_used=4045Kb free=5178Kb
 bounds [0x00000198299f0000, 0x0000019829df0000, 0x000001982a140000]
 total_blobs=5667 nmethods=4842 adapters=737
 compilation: enabled
              stopped_count=0, restarted_count=0
 full_count=0

Compilation events (20 events):
Event: 11.271 Thread 0x000001983a2f69a0 5629       3       java.lang.invoke.InvokerBytecodeGenerator::classFilePrologue (63 bytes)
Event: 11.272 Thread 0x000001983a2f69a0 nmethod 5629 0x00000198226be590 code [0x00000198226be7e0, 0x00000198226bef98]
Event: 11.272 Thread 0x000001983a2f69a0 5630       3       java.lang.invoke.InvokerBytecodeGenerator::clinit (282 bytes)
Event: 11.274 Thread 0x000001983a2f69a0 nmethod 5630 0x00000198229ed490 code [0x00000198229ed8c0, 0x00000198229ef5d8]
Event: 11.274 Thread 0x000001983a2f69a0 5636       1       java.lang.invoke.MethodHandleImpl$IntrinsicMethodHandle::intrinsicName (5 bytes)
Event: 11.274 Thread 0x000001983a2f69a0 nmethod 5636 0x000001982a43ee10 code [0x000001982a43efa0, 0x000001982a43f078]
Event: 11.275 Thread 0x000001983a2f69a0 5633       3       java.lang.invoke.InvokerBytecodeGenerator::maybeDump (15 bytes)
Event: 11.275 Thread 0x000001983a2f69a0 nmethod 5633 0x00000198226be210 code [0x00000198226be3a0, 0x00000198226be4b8]
Event: 11.275 Thread 0x000001983a2f69a0 5634       3       java.lang.invoke.MethodHandleNatives::classData (17 bytes)
Event: 11.275 Thread 0x000001983a2f69a0 nmethod 5634 0x00000198226bdb90 code [0x00000198226bdd60, 0x00000198226be098]
Event: 11.275 Thread 0x000001983a2f69a0 5635       3       java.lang.System$2::classData (5 bytes)
Event: 11.276 Thread 0x000001983a2f69a0 nmethod 5635 0x00000198226bd810 code [0x00000198226bd9a0, 0x00000198226bdad8]
Event: 11.276 Thread 0x000001983a2f69a0 5631       3       java.lang.invoke.InvokerBytecodeGenerator::bogusMethod (74 bytes)
Event: 11.276 Thread 0x000001983a2f69a0 nmethod 5631 0x00000198226bd490 code [0x00000198226bd620, 0x00000198226bd738]
Event: 11.276 Thread 0x000001983a2f69a0 5632   !   3       java.lang.invoke.InvokerBytecodeGenerator::toByteArray (18 bytes)
Event: 11.276 Thread 0x000001983a2f69a0 nmethod 5632 0x00000198226bcf10 code [0x00000198226bd0c0, 0x00000198226bd318]
Event: 11.280 Thread 0x000001983a2f69a0 5637       3       java.util.regex.Pattern$BnM::<init> (26 bytes)
Event: 11.280 Thread 0x000001983a2edfa0 5638       4       java.util.regex.Pattern$BnM::optimize (179 bytes)
Event: 11.280 Thread 0x000001983a2f69a0 nmethod 5637 0x00000198226bc890 code [0x00000198226bca40, 0x00000198226bcdd8]
Event: 11.281 Thread 0x0000019840c767d0 5639   !   4       java.util.regex.Pattern::closure (276 bytes)

GC Heap History (20 events):
Event: 0.536 GC heap before
{Heap before GC invocations=0 (full 0):
 garbage-first heap   total 253952K, used 26624K [0x0000000080000000, 0x0000000100000000)
  region size 1024K, 23 young (23552K), 0 survivors (0K)
 Metaspace       used 6805K, committed 6976K, reserved 1114112K
  class space    used 524K, committed 640K, reserved 1048576K
}
Event: 0.540 GC heap after
{Heap after GC invocations=1 (full 0):
 garbage-first heap   total 253952K, used 14586K [0x0000000080000000, 0x0000000100000000)
  region size 1024K, 3 young (3072K), 3 survivors (3072K)
 Metaspace       used 6805K, committed 6976K, reserved 1114112K
  class space    used 524K, committed 640K, reserved 1048576K
}
Event: 1.135 GC heap before
{Heap before GC invocations=1 (full 0):
 garbage-first heap   total 253952K, used 36090K [0x0000000080000000, 0x0000000100000000)
  region size 1024K, 25 young (25600K), 3 survivors (3072K)
 Metaspace       used 10931K, committed 11136K, reserved 1114112K
  class space    used 924K, committed 1024K, reserved 1048576K
}
Event: 1.139 GC heap after
{Heap after GC invocations=2 (full 0):
 garbage-first heap   total 253952K, used 16794K [0x0000000080000000, 0x0000000100000000)
  region size 1024K, 3 young (3072K), 3 survivors (3072K)
 Metaspace       used 10931K, committed 11136K, reserved 1114112K
  class space    used 924K, committed 1024K, reserved 1048576K
}
Event: 2.269 GC heap before
{Heap before GC invocations=2 (full 0):
 garbage-first heap   total 253952K, used 63898K [0x0000000080000000, 0x0000000100000000)
  region size 1024K, 48 young (49152K), 3 survivors (3072K)
 Metaspace       used 18008K, committed 18176K, reserved 1114112K
  class space    used 1684K, committed 1792K, reserved 1048576K
}
Event: 2.274 GC heap after
{Heap after GC invocations=3 (full 0):
 garbage-first heap   total 253952K, used 22486K [0x0000000080000000, 0x0000000100000000)
  region size 1024K, 6 young (6144K), 6 survivors (6144K)
 Metaspace       used 18008K, committed 18176K, reserved 1114112K
  class space    used 1684K, committed 1792K, reserved 1048576K
}
Event: 2.794 GC heap before
{Heap before GC invocations=3 (full 0):
 garbage-first heap   total 253952K, used 45014K [0x0000000080000000, 0x0000000100000000)
  region size 1024K, 29 young (29696K), 6 survivors (6144K)
 Metaspace       used 21318K, committed 21504K, reserved 1114112K
  class space    used 2197K, committed 2304K, reserved 1048576K
}
Event: 2.798 GC heap after
{Heap after GC invocations=4 (full 0):
 garbage-first heap   total 253952K, used 22118K [0x0000000080000000, 0x0000000100000000)
  region size 1024K, 8 young (8192K), 8 survivors (8192K)
 Metaspace       used 21318K, committed 21504K, reserved 1114112K
  class space    used 2197K, committed 2304K, reserved 1048576K
}
Event: 3.155 GC heap before
{Heap before GC invocations=5 (full 0):
 garbage-first heap   total 81920K, used 63078K [0x0000000080000000, 0x0000000100000000)
  region size 1024K, 48 young (49152K), 8 survivors (8192K)
 Metaspace       used 22412K, committed 22656K, reserved 1114112K
  class space    used 2336K, committed 2432K, reserved 1048576K
}
Event: 3.165 GC heap after
{Heap after GC invocations=6 (full 0):
 garbage-first heap   total 81920K, used 23154K [0x0000000080000000, 0x0000000100000000)
  region size 1024K, 3 young (3072K), 3 survivors (3072K)
 Metaspace       used 22412K, committed 22656K, reserved 1114112K
  class space    used 2336K, committed 2432K, reserved 1048576K
}
Event: 3.168 GC heap before
{Heap before GC invocations=6 (full 0):
 garbage-first heap   total 81920K, used 24178K [0x0000000080000000, 0x0000000100000000)
  region size 1024K, 4 young (4096K), 3 survivors (3072K)
 Metaspace       used 22412K, committed 22656K, reserved 1114112K
  class space    used 2336K, committed 2432K, reserved 1048576K
}
Event: 3.174 GC heap after
{Heap after GC invocations=7 (full 0):
 garbage-first heap   total 81920K, used 23192K [0x0000000080000000, 0x0000000100000000)
  region size 1024K, 1 young (1024K), 1 survivors (1024K)
 Metaspace       used 22412K, committed 22656K, reserved 1114112K
  class space    used 2336K, committed 2432K, reserved 1048576K
}
Event: 3.745 GC heap before
{Heap before GC invocations=7 (full 0):
 garbage-first heap   total 81920K, used 58008K [0x0000000080000000, 0x0000000100000000)
  region size 1024K, 35 young (35840K), 1 survivors (1024K)
 Metaspace       used 24682K, committed 24960K, reserved 1114112K
  class space    used 2550K, committed 2688K, reserved 1048576K
}
Event: 3.751 GC heap after
{Heap after GC invocations=8 (full 0):
 garbage-first heap   total 81920K, used 24821K [0x0000000080000000, 0x0000000100000000)
  region size 1024K, 2 young (2048K), 2 survivors (2048K)
 Metaspace       used 24682K, committed 24960K, reserved 1114112K
  class space    used 2550K, committed 2688K, reserved 1048576K
}
Event: 4.778 GC heap before
{Heap before GC invocations=8 (full 0):
 garbage-first heap   total 81920K, used 60661K [0x0000000080000000, 0x0000000100000000)
  region size 1024K, 37 young (37888K), 2 survivors (2048K)
 Metaspace       used 31036K, committed 31424K, reserved 1114112K
  class space    used 3304K, committed 3520K, reserved 1048576K
}
Event: 4.794 GC heap after
{Heap after GC invocations=9 (full 0):
 garbage-first heap   total 189440K, used 28010K [0x0000000080000000, 0x0000000100000000)
  region size 1024K, 5 young (5120K), 5 survivors (5120K)
 Metaspace       used 31036K, committed 31424K, reserved 1114112K
  class space    used 3304K, committed 3520K, reserved 1048576K
}
Event: 5.760 GC heap before
{Heap before GC invocations=9 (full 0):
 garbage-first heap   total 189440K, used 139626K [0x0000000080000000, 0x0000000100000000)
  region size 1024K, 111 young (113664K), 5 survivors (5120K)
 Metaspace       used 34813K, committed 35264K, reserved 1114112K
  class space    used 3653K, committed 3840K, reserved 1048576K
}
Event: 5.769 GC heap after
{Heap after GC invocations=10 (full 0):
 garbage-first heap   total 189440K, used 30673K [0x0000000080000000, 0x0000000100000000)
  region size 1024K, 8 young (8192K), 8 survivors (8192K)
 Metaspace       used 34813K, committed 35264K, reserved 1114112K
  class space    used 3653K, committed 3840K, reserved 1048576K
}
Event: 6.167 GC heap before
{Heap before GC invocations=10 (full 0):
 garbage-first heap   total 189440K, used 97233K [0x0000000080000000, 0x0000000100000000)
  region size 1024K, 74 young (75776K), 8 survivors (8192K)
 Metaspace       used 35497K, committed 35968K, reserved 1114112K
  class space    used 3721K, committed 3968K, reserved 1048576K
}
Event: 6.175 GC heap after
{Heap after GC invocations=11 (full 0):
 garbage-first heap   total 189440K, used 34011K [0x0000000080000000, 0x0000000100000000)
  region size 1024K, 9 young (9216K), 9 survivors (9216K)
 Metaspace       used 35497K, committed 35968K, reserved 1114112K
  class space    used 3721K, committed 3968K, reserved 1048576K
}

Dll operation events (7 events):
Event: 0.009 Loaded shared library C:\Users\GILANG AKRAM\Downloads\Katalon_Studio_Free_Windows_64-9.4.0\Katalon_Studio_Free_Windows_64-9.4.0\jre\bin\java.dll
Event: 0.181 Loaded shared library C:\Users\GILANG AKRAM\Downloads\Katalon_Studio_Free_Windows_64-9.4.0\Katalon_Studio_Free_Windows_64-9.4.0\jre\bin\net.dll
Event: 0.183 Loaded shared library C:\Users\GILANG AKRAM\Downloads\Katalon_Studio_Free_Windows_64-9.4.0\Katalon_Studio_Free_Windows_64-9.4.0\jre\bin\nio.dll
Event: 0.193 Loaded shared library C:\Users\GILANG AKRAM\Downloads\Katalon_Studio_Free_Windows_64-9.4.0\Katalon_Studio_Free_Windows_64-9.4.0\jre\bin\zip.dll
Event: 0.606 Loaded shared library C:\Users\GILANG AKRAM\Downloads\Katalon_Studio_Free_Windows_64-9.4.0\Katalon_Studio_Free_Windows_64-9.4.0\jre\bin\verify.dll
Event: 0.855 Loaded shared library C:\Users\GILANG AKRAM\Downloads\Katalon_Studio_Free_Windows_64-9.4.0\Katalon_Studio_Free_Windows_64-9.4.0\jre\bin\jimage.dll
Event: 7.000 Loaded shared library C:\Users\GILANG AKRAM\Downloads\Katalon_Studio_Free_Windows_64-9.4.0\Katalon_Studio_Free_Windows_64-9.4.0\jre\bin\sunmscapi.dll

Deoptimization events (20 events):
Event: 11.054 Thread 0x000001981d75c930 Uncommon trap: trap_request=0xffffffdc fr.pc=0x000001982a223218 relative=0x0000000000000278
Event: 11.054 Thread 0x000001981d75c930 Uncommon trap: reason=class_check action=make_not_entrant pc=0x000001982a223218 method=java.util.ArrayList.toArray([Ljava/lang/Object;)[Ljava/lang/Object; @ 21 c2
Event: 11.054 Thread 0x000001981d75c930 DEOPT PACKING pc=0x000001982a223218 sp=0x0000002d50efc7e0
Event: 11.054 Thread 0x000001981d75c930 DEOPT UNPACKING pc=0x0000019829a469a3 sp=0x0000002d50efc7b0 mode 2
Event: 11.278 Thread 0x000001981d75c930 Uncommon trap: trap_request=0xffffffbe fr.pc=0x000001982a431d90 relative=0x00000000000002d0
Event: 11.278 Thread 0x000001981d75c930 Uncommon trap: reason=profile_predicate action=maybe_recompile pc=0x000001982a431d90 method=java.util.regex.Pattern$BnM.optimize(Ljava/util/regex/Pattern$Node;)Ljava/util/regex/Pattern$Node; @ 67 c2
Event: 11.278 Thread 0x000001981d75c930 DEOPT PACKING pc=0x000001982a431d90 sp=0x0000002d50efc760
Event: 11.278 Thread 0x000001981d75c930 DEOPT UNPACKING pc=0x0000019829a469a3 sp=0x0000002d50efc708 mode 2
Event: 11.279 Thread 0x000001981d75c930 Uncommon trap: trap_request=0xffffffbe fr.pc=0x000001982a431d90 relative=0x00000000000002d0
Event: 11.279 Thread 0x000001981d75c930 Uncommon trap: reason=profile_predicate action=maybe_recompile pc=0x000001982a431d90 method=java.util.regex.Pattern$BnM.optimize(Ljava/util/regex/Pattern$Node;)Ljava/util/regex/Pattern$Node; @ 67 c2
Event: 11.279 Thread 0x000001981d75c930 DEOPT PACKING pc=0x000001982a431d90 sp=0x0000002d50efc720
Event: 11.279 Thread 0x000001981d75c930 DEOPT UNPACKING pc=0x0000019829a469a3 sp=0x0000002d50efc6c8 mode 2
Event: 11.279 Thread 0x000001981d75c930 Uncommon trap: trap_request=0xffffffbe fr.pc=0x000001982a431d90 relative=0x00000000000002d0
Event: 11.279 Thread 0x000001981d75c930 Uncommon trap: reason=profile_predicate action=maybe_recompile pc=0x000001982a431d90 method=java.util.regex.Pattern$BnM.optimize(Ljava/util/regex/Pattern$Node;)Ljava/util/regex/Pattern$Node; @ 67 c2
Event: 11.279 Thread 0x000001981d75c930 DEOPT PACKING pc=0x000001982a431d90 sp=0x0000002d50efc720
Event: 11.279 Thread 0x000001981d75c930 DEOPT UNPACKING pc=0x0000019829a469a3 sp=0x0000002d50efc6c8 mode 2
Event: 11.279 Thread 0x000001981d75c930 Uncommon trap: trap_request=0xffffffbe fr.pc=0x000001982a431d90 relative=0x00000000000002d0
Event: 11.279 Thread 0x000001981d75c930 Uncommon trap: reason=profile_predicate action=maybe_recompile pc=0x000001982a431d90 method=java.util.regex.Pattern$BnM.optimize(Ljava/util/regex/Pattern$Node;)Ljava/util/regex/Pattern$Node; @ 67 c2
Event: 11.279 Thread 0x000001981d75c930 DEOPT PACKING pc=0x000001982a431d90 sp=0x0000002d50efc720
Event: 11.279 Thread 0x000001981d75c930 DEOPT UNPACKING pc=0x0000019829a469a3 sp=0x0000002d50efc6c8 mode 2

Classes unloaded (0 events):
No events

Classes redefined (0 events):
No events

Internal exceptions (20 events):
Event: 7.183 Thread 0x0000019840bc3a80 Exception <a 'java/net/SocketException'{0x00000000849ccab8}: Socket is not connected: shutdown> (0x00000000849ccab8) 
thrown [s\src\hotspot\share\prims\jni.cpp, line 535]
Event: 7.205 Thread 0x0000019840bc3a80 Exception <a 'java/net/ConnectException'{0x00000000849cda50}: Connection refused: no further information> (0x00000000849cda50) 
thrown [s\src\hotspot\share\prims\jni.cpp, line 535]
Event: 7.205 Thread 0x0000019840bc3a80 Exception <a 'java/net/SocketException'{0x00000000849cdd88}: Socket is not connected: shutdown> (0x00000000849cdd88) 
thrown [s\src\hotspot\share\prims\jni.cpp, line 535]
Event: 7.288 Thread 0x000001981d75c930 Exception <a 'java/lang/IncompatibleClassChangeError'{0x00000000847402e0}: Found class java.lang.Object, but interface was expected> (0x00000000847402e0) 
thrown [s\src\hotspot\share\interpreter\linkResolver.cpp, line 826]
Event: 7.289 Thread 0x000001981d75c930 Exception <a 'java/lang/NoSuchMethodError'{0x0000000084746c18}: 'int java.lang.invoke.DirectMethodHandle$Holder.invokeSpecialIFC(java.lang.Object, java.lang.Object, java.lang.Object, java.lang.Object)'> (0x0000000084746c18) 
thrown [s\src\hotspot\share\interpreter\linkResolver.cpp, line 759]
Event: 7.312 Thread 0x000001981d75c930 Exception <a 'java/lang/NoSuchMethodError'{0x00000000847e5590}: 'double java.lang.invoke.DirectMethodHandle$Holder.invokeVirtual(java.lang.Object, java.lang.Object)'> (0x00000000847e5590) 
thrown [s\src\hotspot\share\interpreter\linkResolver.cpp, line 759]
Event: 7.313 Thread 0x000001981d75c930 Exception <a 'java/lang/NoSuchMethodError'{0x00000000847ebfb8}: 'float java.lang.invoke.DirectMethodHandle$Holder.invokeVirtual(java.lang.Object, java.lang.Object)'> (0x00000000847ebfb8) 
thrown [s\src\hotspot\share\interpreter\linkResolver.cpp, line 759]
Event: 7.314 Thread 0x000001981d75c930 Exception <a 'java/lang/NoSuchMethodError'{0x00000000847f5220}: 'long java.lang.invoke.DirectMethodHandle$Holder.invokeVirtual(java.lang.Object, java.lang.Object)'> (0x00000000847f5220) 
thrown [s\src\hotspot\share\interpreter\linkResolver.cpp, line 759]
Event: 7.403 Thread 0x000001981d75c930 Implicit null exception at 0x000001982a21fc4b to 0x000001982a21fc70
Event: 7.419 Thread 0x000001981d75c930 Exception <a 'java/lang/NoSuchMethodError'{0x0000000084138b70}: 'void java.lang.invoke.DirectMethodHandle$Holder.invokeInterface(java.lang.Object, java.lang.Object, java.lang.Object)'> (0x0000000084138b70) 
thrown [s\src\hotspot\share\interpreter\linkResolver.cpp, line 759]
Event: 8.448 Thread 0x000001981d75c930 Exception <a 'java/lang/NoSuchMethodError'{0x000000008387cfa8}: 'java.lang.Object java.lang.invoke.DirectMethodHandle$Holder.invokeSpecialIFC(java.lang.Object, java.lang.Object, java.lang.Object)'> (0x000000008387cfa8) 
thrown [s\src\hotspot\share\interpreter\linkResolver.cpp, line 759]
Event: 11.060 Thread 0x000001981d75c930 Exception <a 'java/lang/ClassNotFoundException'{0x00000000833584c8}: com/kms/katalon/core/webui/keyword/builtin/MaximizeWindowKeywordBeanInfo> (0x00000000833584c8) 
thrown [s\src\hotspot\share\classfile\systemDictionary.cpp, line 256]
Event: 11.063 Thread 0x000001981d75c930 Exception <a 'java/lang/ClassNotFoundException'{0x000000008338bc00}: com/kms/katalon/core/webui/keyword/builtin/MaximizeWindowKeywordCustomizer> (0x000000008338bc00) 
thrown [s\src\hotspot\share\classfile\systemDictionary.cpp, line 256]
Event: 11.223 Thread 0x000001981d75c930 Exception <a 'java/lang/ClassNotFoundException'{0x00000000832ddbd0}: com/kms/katalon/core/testobject/TestObjectBeanInfo> (0x00000000832ddbd0) 
thrown [s\src\hotspot\share\classfile\systemDictionary.cpp, line 256]
Event: 11.229 Thread 0x000001981d75c930 Exception <a 'java/lang/ClassNotFoundException'{0x000000008310d9d8}: com/kms/katalon/core/testobject/TestObjectCustomizer> (0x000000008310d9d8) 
thrown [s\src\hotspot\share\classfile\systemDictionary.cpp, line 256]
Event: 11.245 Thread 0x000001981d75c930 Exception <a 'java/lang/ClassNotFoundException'{0x00000000831749d8}: com/kms/katalon/core/testobject/ConditionTypeBeanInfo> (0x00000000831749d8) 
thrown [s\src\hotspot\share\classfile\systemDictionary.cpp, line 256]
Event: 11.250 Thread 0x000001981d75c930 Exception <a 'java/lang/ClassNotFoundException'{0x0000000083194268}: java/lang/EnumBeanInfo> (0x0000000083194268) 
thrown [s\src\hotspot\share\classfile\systemDictionary.cpp, line 256]
Event: 11.255 Thread 0x000001981d75c930 Exception <a 'java/lang/ClassNotFoundException'{0x00000000831b3778}: java/lang/EnumCustomizer> (0x00000000831b3778) 
thrown [s\src\hotspot\share\classfile\systemDictionary.cpp, line 256]
Event: 11.263 Thread 0x000001981d75c930 Exception <a 'java/lang/ClassNotFoundException'{0x00000000831eba98}: com/kms/katalon/core/testobject/ConditionTypeCustomizer> (0x00000000831eba98) 
thrown [s\src\hotspot\share\classfile\systemDictionary.cpp, line 256]
Event: 11.268 Thread 0x000001981d75c930 Exception <a 'java/lang/NoSuchMethodError'{0x00000000831fbea0}: 'java.lang.Object java.lang.invoke.DirectMethodHandle$Holder.invokeVirtual(java.lang.Object, java.lang.Object, java.lang.Object, java.lang.Object, java.lang.Object)'> (0x00000000831fbea0) 
thrown [s\src\hotspot\share\interpreter\linkResolver.cpp, line 759]

VM Operations (20 events):
Event: 6.891 Executing VM operation: HandshakeAllThreads
Event: 6.891 Executing VM operation: HandshakeAllThreads done
Event: 7.021 Executing VM operation: HandshakeAllThreads
Event: 7.021 Executing VM operation: HandshakeAllThreads done
Event: 7.022 Executing VM operation: HandshakeAllThreads
Event: 7.022 Executing VM operation: HandshakeAllThreads done
Event: 7.250 Executing VM operation: HandshakeAllThreads
Event: 7.250 Executing VM operation: HandshakeAllThreads done
Event: 7.250 Executing VM operation: Cleanup
Event: 7.250 Executing VM operation: Cleanup done
Event: 7.251 Executing VM operation: HandshakeAllThreads
Event: 7.251 Executing VM operation: HandshakeAllThreads done
Event: 7.254 Executing VM operation: HandshakeAllThreads
Event: 7.254 Executing VM operation: HandshakeAllThreads done
Event: 8.255 Executing VM operation: Cleanup
Event: 8.255 Executing VM operation: Cleanup done
Event: 8.513 Executing VM operation: HandshakeAllThreads
Event: 8.513 Executing VM operation: HandshakeAllThreads done
Event: 9.513 Executing VM operation: Cleanup
Event: 9.513 Executing VM operation: Cleanup done

Events (20 events):
Event: 8.487 loading class java/util/UUID$Holder
Event: 8.487 loading class java/util/UUID$Holder done
Event: 8.554 Thread 0x0000019840c77700 Thread added: 0x0000019840c77700
Event: 8.554 Thread 0x0000019840c767d0 Thread added: 0x0000019840c767d0
Event: 8.603 loading class sun/net/www/protocol/https/Handler
Event: 8.604 loading class sun/net/www/protocol/https/Handler done
Event: 11.034 Thread 0x0000019840c76ce0 Thread exited: 0x0000019840c76ce0
Event: 11.034 Thread 0x0000019840c767d0 Thread exited: 0x0000019840c767d0
Event: 11.034 Thread 0x0000019840c77700 Thread exited: 0x0000019840c77700
Event: 11.035 loading class java/lang/StackTraceElement$HashedModules
Event: 11.035 loading class java/lang/StackTraceElement$HashedModules done
Event: 11.060 Thread 0x0000019840c767d0 Thread added: 0x0000019840c767d0
Event: 11.246 loading class java/lang/EnumBeanInfo
Event: 11.246 loading class java/lang/EnumBeanInfo done
Event: 11.250 loading class java/lang/EnumBeanInfo
Event: 11.250 loading class java/lang/EnumBeanInfo done
Event: 11.251 loading class java/lang/EnumCustomizer
Event: 11.251 loading class java/lang/EnumCustomizer done
Event: 11.254 loading class java/lang/EnumCustomizer
Event: 11.254 loading class java/lang/EnumCustomizer done


Dynamic libraries:
0x00007ff69b7e0000 - 0x00007ff69b7ee000 	C:\Users\GILANG AKRAM\Downloads\Katalon_Studio_Free_Windows_64-9.4.0\Katalon_Studio_Free_Windows_64-9.4.0\jre\bin\javaw.exe
0x00007ffaa7370000 - 0x00007ffaa7587000 	C:\Windows\SYSTEM32\ntdll.dll
0x00007ffaa6580000 - 0x00007ffaa6644000 	C:\Windows\System32\KERNEL32.DLL
0x00007ffaa4ae0000 - 0x00007ffaa4e87000 	C:\Windows\System32\KERNELBASE.dll
0x00007ffaa46c0000 - 0x00007ffaa47d1000 	C:\Windows\System32\ucrtbase.dll
0x00007ffa99cc0000 - 0x00007ffa99cd9000 	C:\Users\GILANG AKRAM\Downloads\Katalon_Studio_Free_Windows_64-9.4.0\Katalon_Studio_Free_Windows_64-9.4.0\jre\bin\VCRUNTIME140.dll
0x00007ffa9eca0000 - 0x00007ffa9ecb7000 	C:\Users\GILANG AKRAM\Downloads\Katalon_Studio_Free_Windows_64-9.4.0\Katalon_Studio_Free_Windows_64-9.4.0\jre\bin\jli.dll
0x00007ffaa62e0000 - 0x00007ffaa648e000 	C:\Windows\System32\USER32.dll
0x00007ffaa4690000 - 0x00007ffaa46b6000 	C:\Windows\System32\win32u.dll
0x00007ffaa39f0000 - 0x00007ffaa3c83000 	C:\Windows\WinSxS\amd64_microsoft.windows.common-controls_6595b64144ccf1df_6.0.22621.3527_none_270e469b73872a76\COMCTL32.dll
0x00007ffaa5e30000 - 0x00007ffaa5e59000 	C:\Windows\System32\GDI32.dll
0x00007ffaa66b0000 - 0x00007ffaa6757000 	C:\Windows\System32\msvcrt.dll
0x00007ffaa4910000 - 0x00007ffaa4a29000 	C:\Windows\System32\gdi32full.dll
0x00007ffaa4e90000 - 0x00007ffaa4f2a000 	C:\Windows\System32\msvcp_win.dll
0x00007ffaa5cf0000 - 0x00007ffaa5d21000 	C:\Windows\System32\IMM32.DLL
0x00007ffa9ec90000 - 0x00007ffa9ec9c000 	C:\Users\GILANG AKRAM\Downloads\Katalon_Studio_Free_Windows_64-9.4.0\Katalon_Studio_Free_Windows_64-9.4.0\jre\bin\vcruntime140_1.dll
0x00007ffa80210000 - 0x00007ffa802a1000 	C:\Users\GILANG AKRAM\Downloads\Katalon_Studio_Free_Windows_64-9.4.0\Katalon_Studio_Free_Windows_64-9.4.0\jre\bin\msvcp140.dll
0x00007ffa63aa0000 - 0x00007ffa646e8000 	C:\Users\GILANG AKRAM\Downloads\Katalon_Studio_Free_Windows_64-9.4.0\Katalon_Studio_Free_Windows_64-9.4.0\jre\bin\server\jvm.dll
0x00007ffaa5200000 - 0x00007ffaa52b2000 	C:\Windows\System32\ADVAPI32.dll
0x00007ffaa6910000 - 0x00007ffaa69b8000 	C:\Windows\System32\sechost.dll
0x00007ffaa4ab0000 - 0x00007ffaa4ad8000 	C:\Windows\System32\bcrypt.dll
0x00007ffaa67e0000 - 0x00007ffaa68f5000 	C:\Windows\System32\RPCRT4.dll
0x00007ffaa3670000 - 0x00007ffaa367a000 	C:\Windows\SYSTEM32\VERSION.dll
0x00007ffa87980000 - 0x00007ffa87989000 	C:\Windows\SYSTEM32\WSOCK32.dll
0x00007ffa9b5c0000 - 0x00007ffa9b5f4000 	C:\Windows\SYSTEM32\WINMM.dll
0x00007ffaa6760000 - 0x00007ffaa67d1000 	C:\Windows\System32\WS2_32.dll
0x00007ffaa2750000 - 0x00007ffaa2768000 	C:\Windows\SYSTEM32\kernel.appcore.dll
0x00007ffaa2f30000 - 0x00007ffaa2f3a000 	C:\Users\GILANG AKRAM\Downloads\Katalon_Studio_Free_Windows_64-9.4.0\Katalon_Studio_Free_Windows_64-9.4.0\jre\bin\jimage.dll
0x00007ffaa3f60000 - 0x00007ffaa4193000 	C:\Windows\SYSTEM32\DBGHELP.DLL
0x00007ffaa6ce0000 - 0x00007ffaa7068000 	C:\Windows\System32\combase.dll
0x00007ffaa6490000 - 0x00007ffaa6567000 	C:\Windows\System32\OLEAUT32.dll
0x00007ffaa3e50000 - 0x00007ffaa3e82000 	C:\Windows\SYSTEM32\dbgcore.DLL
0x00007ffaa4a30000 - 0x00007ffaa4aa9000 	C:\Windows\System32\bcryptPrimitives.dll
0x00007ffa9ed60000 - 0x00007ffa9ed85000 	C:\Users\GILANG AKRAM\Downloads\Katalon_Studio_Free_Windows_64-9.4.0\Katalon_Studio_Free_Windows_64-9.4.0\jre\bin\java.dll
0x00007ffaa0a30000 - 0x00007ffaa0a48000 	C:\Users\GILANG AKRAM\Downloads\Katalon_Studio_Free_Windows_64-9.4.0\Katalon_Studio_Free_Windows_64-9.4.0\jre\bin\zip.dll
0x00007ffaa5480000 - 0x00007ffaa5cdc000 	C:\Windows\System32\SHELL32.dll
0x00007ffaa1660000 - 0x00007ffaa1f56000 	C:\Windows\SYSTEM32\windows.storage.dll
0x00007ffaa1520000 - 0x00007ffaa165e000 	C:\Windows\SYSTEM32\wintypes.dll
0x00007ffaa5d30000 - 0x00007ffaa5e25000 	C:\Windows\System32\SHCORE.dll
0x00007ffaa6c80000 - 0x00007ffaa6cde000 	C:\Windows\System32\shlwapi.dll
0x00007ffaa45c0000 - 0x00007ffaa45e1000 	C:\Windows\SYSTEM32\profapi.dll
0x00007ffa9ed40000 - 0x00007ffa9ed59000 	C:\Users\GILANG AKRAM\Downloads\Katalon_Studio_Free_Windows_64-9.4.0\Katalon_Studio_Free_Windows_64-9.4.0\jre\bin\net.dll
0x00007ffa9e000000 - 0x00007ffa9e136000 	C:\Windows\SYSTEM32\WINHTTP.dll
0x00007ffaa2b40000 - 0x00007ffaa2ba9000 	C:\Windows\system32\mswsock.dll
0x00007ffa9ed20000 - 0x00007ffa9ed35000 	C:\Users\GILANG AKRAM\Downloads\Katalon_Studio_Free_Windows_64-9.4.0\Katalon_Studio_Free_Windows_64-9.4.0\jre\bin\nio.dll
0x00007ffa9ed10000 - 0x00007ffa9ed20000 	C:\Users\GILANG AKRAM\Downloads\Katalon_Studio_Free_Windows_64-9.4.0\Katalon_Studio_Free_Windows_64-9.4.0\jre\bin\verify.dll
0x00007ffaa21e0000 - 0x00007ffaa22d9000 	C:\Windows\SYSTEM32\DNSAPI.dll
0x00007ffaa21b0000 - 0x00007ffaa21dd000 	C:\Windows\SYSTEM32\IPHLPAPI.DLL
0x00007ffaa6570000 - 0x00007ffaa6579000 	C:\Windows\System32\NSI.dll
0x00007ffa9b590000 - 0x00007ffa9b59a000 	C:\Windows\System32\rasadhlp.dll
0x00007ffa9bd60000 - 0x00007ffa9bde3000 	C:\Windows\System32\fwpuclnt.dll
0x00007ffa9ed00000 - 0x00007ffa9ed0e000 	C:\Users\GILANG AKRAM\Downloads\Katalon_Studio_Free_Windows_64-9.4.0\Katalon_Studio_Free_Windows_64-9.4.0\jre\bin\sunmscapi.dll
0x00007ffaa4f30000 - 0x00007ffaa5097000 	C:\Windows\System32\CRYPT32.dll
0x00007ffaa3880000 - 0x00007ffaa38ae000 	C:\Windows\SYSTEM32\ncrypt.dll
0x00007ffaa3840000 - 0x00007ffaa3877000 	C:\Windows\SYSTEM32\NTASN1.dll
0x00007ffaa42a0000 - 0x00007ffaa42bb000 	C:\Windows\SYSTEM32\CRYPTSP.dll
0x00007ffaa26b0000 - 0x00007ffaa26e5000 	C:\Windows\system32\rsaenh.dll
0x00007ffaa2c60000 - 0x00007ffaa2c88000 	C:\Windows\SYSTEM32\USERENV.dll
0x00007ffaa2dc0000 - 0x00007ffaa2dcc000 	C:\Windows\SYSTEM32\CRYPTBASE.dll
0x00007ffa9de40000 - 0x00007ffa9de59000 	C:\Windows\SYSTEM32\dhcpcsvc6.DLL
0x00007ffa9ddd0000 - 0x00007ffa9ddef000 	C:\Windows\SYSTEM32\dhcpcsvc.DLL

dbghelp: loaded successfully - version: 4.0.5 - missing functions: none
symbol engine: initialized successfully - sym options: 0x614 - pdb path: .;C:\Users\GILANG AKRAM\Downloads\Katalon_Studio_Free_Windows_64-9.4.0\Katalon_Studio_Free_Windows_64-9.4.0\jre\bin;C:\Windows\SYSTEM32;C:\Windows\WinSxS\amd64_microsoft.windows.common-controls_6595b64144ccf1df_6.0.22621.3527_none_270e469b73872a76;C:\Users\GILANG AKRAM\Downloads\Katalon_Studio_Free_Windows_64-9.4.0\Katalon_Studio_Free_Windows_64-9.4.0\jre\bin\server

VM Arguments:
jvm_args: -Dgroovy.home=C:\Users\GILANG AKRAM/.groovy -Djava.system.class.loader=groovy.lang.GroovyClassLoader -Xmx2048m -Dfile.encoding=UTF-8 -XX:+ShowCodeDetailsInExceptionMessages 
java_command: org.codehaus.groovy.tools.GroovyStarter --classpath C:\Users\GILANG AKRAM\Katalon Studio\Project-PickMe\bin\keyword;C:\Users\GILANG AKRAM\Katalon Studio\Project-PickMe\Keywords;C:\Users\GILANG AKRAM\Katalon Studio\Project-PickMe\bin\listener;C:\Users\GILANG AKRAM\Katalon Studio\Project-PickMe\Test Listeners;C:\Users\GILANG AKRAM\Katalon Studio\Project-PickMe\bin\lib;C:\Users\GILANG AKRAM\Katalon Studio\Project-PickMe\Libs;C:\Users\GILANG AKRAM\Katalon Studio\Project-PickMe\bin\groovy;C:\Users\GILANG AKRAM\Katalon Studio\Project-PickMe\Include\scripts\groovy;C:\Users\GILANG AKRAM\Downloads\Katalon_Studio_Free_Windows_64-9.4.0\Katalon_Studio_Free_Windows_64-9.4.0\plugins\com.kms.katalon.core_1.0.0.202404040723.jar;C:\Users\GILANG AKRAM\Downloads\Katalon_Studio_Free_Windows_64-9.4.0\Katalon_Studio_Free_Windows_64-9.4.0\configuration\resources\lib\aalto-xml-1.0.0.jar;C:\Users\GILANG AKRAM\Downloads\Katalon_Studio_Free_Windows_64-9.4.0\Katalon_Studio_Free_Windows_64-9.4.0\configuration\resources\lib\aspectjweaver-1.9.1.jar;C:\Users\GILANG AKRAM\Downloads\Katalon_Studio_Free_Windows_64-9.4.0\Katalon_Studio_Free_Windows_64-9.4.0\configuration\resources\lib\bcpkix-jdk15on-1.64.jar;C:\Users\GILANG AKRAM\Downloads\Katalon_Studio_Free_Windows_64-9.4.0\Katalon_Studio_Free_Windows_64-9.4.0\configuration\resources\lib\bcprov-jdk15on-1.64.jar;C:\Users\GILANG AKRAM\Downloads\Katalon_Studio_Free_Windows_64-9.4.0\Katalon_Studio_Free_Windows_64-9.4.0\configuration\resources\lib\browsermob-core-2.1.5.jar;C:\Users\GILANG AKRAM\Downloads\Katalon_Studio_Free_Windows_64-9.4.0\Katalon_Studio_Free_Windows_64-9.4.0\configuration\resources\lib\byte-buddy-1.14.3.jar;C:\Users\GILANG AKRAM\Downloads\Katalon_Studio_Free_Windows_64-9.4.0\Katalon_Studio_Free_Windows_64-9.4.0\configuration\resources\lib\byte-buddy-agent-1.14.3.jar;C:\Users\GILANG AKRAM\Downloads\Katalon_Studio_Free_Windows_64-9.4.0\Katalon_Studio_Free_Windows_64-9.4.0\configuration\resources\lib\cglib-3.2.10.jar;C:\Us
java_class_path (initial): C:\Users\GILANG AKRAM\Katalon Studio\Project-PickMe\bin\keyword;C:\Users\GILANG AKRAM\Katalon Studio\Project-PickMe\bin\listener;C:\Users\GILANG AKRAM\Katalon Studio\Project-PickMe\bin\lib;C:\Users\GILANG AKRAM\Katalon Studio\Project-PickMe\bin\groovy;C:\Users\GILANG AKRAM\Katalon Studio\Project-PickMe\bin;C:\Users\GILANG AKRAM\Downloads\Katalon_Studio_Free_Windows_64-9.4.0\Katalon_Studio_Free_Windows_64-9.4.0\plugins\com.kms.katalon.core_1.0.0.202404040723.jar;C:\Users\GILANG AKRAM\Downloads\Katalon_Studio_Free_Windows_64-9.4.0\Katalon_Studio_Free_Windows_64-9.4.0\configuration\resources\lib\aalto-xml-1.0.0.jar;C:\Users\GILANG AKRAM\Downloads\Katalon_Studio_Free_Windows_64-9.4.0\Katalon_Studio_Free_Windows_64-9.4.0\configuration\resources\lib\aspectjweaver-1.9.1.jar;C:\Users\GILANG AKRAM\Downloads\Katalon_Studio_Free_Windows_64-9.4.0\Katalon_Studio_Free_Windows_64-9.4.0\configuration\resources\lib\bcpkix-jdk15on-1.64.jar;C:\Users\GILANG AKRAM\Downloads\Katalon_Studio_Free_Windows_64-9.4.0\Katalon_Studio_Free_Windows_64-9.4.0\configuration\resources\lib\bcprov-jdk15on-1.64.jar;C:\Users\GILANG AKRAM\Downloads\Katalon_Studio_Free_Windows_64-9.4.0\Katalon_Studio_Free_Windows_64-9.4.0\configuration\resources\lib\browsermob-core-2.1.5.jar;C:\Users\GILANG AKRAM\Downloads\Katalon_Studio_Free_Windows_64-9.4.0\Katalon_Studio_Free_Windows_64-9.4.0\configuration\resources\lib\byte-buddy-1.14.3.jar;C:\Users\GILANG AKRAM\Downloads\Katalon_Studio_Free_Windows_64-9.4.0\Katalon_Studio_Free_Windows_64-9.4.0\configuration\resources\lib\byte-buddy-agent-1.14.3.jar;C:\Users\GILANG AKRAM\Downloads\Katalon_Studio_Free_Windows_64-9.4.0\Katalon_Studio_Free_Windows_64-9.4.0\configuration\resources\lib\cglib-3.2.10.jar;C:\Users\GILANG AKRAM\Downloads\Katalon_Studio_Free_Windows_64-9.4.0\Katalon_Studio_Free_Windows_64-9.4.0\configuration\resources\lib\commons-codec-1.10.jar;C:\Users\GILANG AKRAM\Downloads\Katalon_Studio_Free_Windows_64-9.4.0\Katalon_Studio_Free_Wi
Launcher Type: SUN_STANDARD

[Global flags]
     intx CICompilerCount                          = 12                                        {product} {ergonomic}
     uint ConcGCThreads                            = 3                                         {product} {ergonomic}
     uint G1ConcRefinementThreads                  = 13                                        {product} {ergonomic}
   size_t G1HeapRegionSize                         = 1048576                                   {product} {ergonomic}
    uintx GCDrainStackTargetSize                   = 64                                        {product} {ergonomic}
   size_t InitialHeapSize                          = 260046848                                 {product} {ergonomic}
   size_t MarkStackSize                            = 4194304                                   {product} {ergonomic}
   size_t MaxHeapSize                              = 2147483648                                {product} {command line}
   size_t MaxNewSize                               = 1287651328                                {product} {ergonomic}
   size_t MinHeapDeltaBytes                        = 1048576                                   {product} {ergonomic}
   size_t MinHeapSize                              = 8388608                                   {product} {ergonomic}
    uintx NonNMethodCodeHeapSize                   = 7602480                                {pd product} {ergonomic}
    uintx NonProfiledCodeHeapSize                  = 122027880                              {pd product} {ergonomic}
    uintx ProfiledCodeHeapSize                     = 122027880                              {pd product} {ergonomic}
    uintx ReservedCodeCacheSize                    = 251658240                              {pd product} {ergonomic}
     bool SegmentedCodeCache                       = true                                      {product} {ergonomic}
     bool ShowCodeDetailsInExceptionMessages       = true                                   {manageable} {command line}
   size_t SoftMaxHeapSize                          = 2147483648                             {manageable} {ergonomic}
     bool UseCompressedClassPointers               = true                           {product lp64_product} {ergonomic}
     bool UseCompressedOops                        = true                           {product lp64_product} {ergonomic}
     bool UseG1GC                                  = true                                      {product} {ergonomic}
     bool UseLargePagesIndividualAllocation        = false                                  {pd product} {ergonomic}

Logging:
Log output configuration:
 #0: stdout all=warning uptime,level,tags
 #1: stderr all=off uptime,level,tags

Environment Variables:
PATH=C:/Users/GILANG AKRAM/Downloads/Katalon_Studio_Free_Windows_64-9.4.0/Katalon_Studio_Free_Windows_64-9.4.0/jre/bin/server;C:/Users/GILANG AKRAM/Downloads/Katalon_Studio_Free_Windows_64-9.4.0/Katalon_Studio_Free_Windows_64-9.4.0/jre/bin;C:\Program Files (x86)\Common Files\Oracle\Java\javapath;C:\Python312\Scripts\;C:\Python312\;C:\Windows\system32;C:\Windows;C:\Windows\System32\Wbem;C:\Windows\System32\WindowsPowerShell\v1.0\;C:\Windows\System32\OpenSSH\;C:\Program Files (x86)\NVIDIA Corporation\PhysX\Common;C:\Program Files\NVIDIA Corporation\NVIDIA NvDLISR;C:\Program Files\Microsoft SQL Server\Client SDK\ODBC\170\Tools\Binn\;C:\Program Files\Azure Data Studio\bin;C:\Program Files (x86)\Microsoft SQL Server\160\Tools\Binn\;C:\Program Files\Microsoft SQL Server\160\Tools\Binn\;C:\Program Files\Microsoft SQL Server\160\DTS\Binn\;C:\Program Files (x86)\Microsoft SQL Server\160\DTS\Binn\;C:\Program Files\Git\cmd;C:\ProgramData\chocolatey\bin;C:\Program Files\Microsoft SQL Server\150\Tools\Binn\;C:\Program Files\dotnet\;C:\Program Files\nodejs\;C:\Users\GILANG AKRAM\AppData\Local\Microsoft\WindowsApps;C:\Program Files\Azure Data Studio\bin;C:\Users\GILANG AKRAM\AppData\Local\GitHubDesktop\bin;C:\Users\GILANG AKRAM\AppData\Local\Programs\Microsoft VS Code\bin;C:\Users\GILANG AKRAM\Downloads\flutter_windows_3.13.9-stable\flutter\bin;C:\Users\GILANG AKRAM\.dotnet\tools;C:\Users\GILANG AKRAM\AppData\Roaming\npm;C:\Users\GILANG AKRAM\Downloads\Katalon_Studio_Free_Windows_64-9.4.0\Katalon_Studio_Free_Windows_64-9.4.0;
USERNAME=GILANG AKRAM
OS=Windows_NT
PROCESSOR_IDENTIFIER=AMD64 Family 23 Model 96 Stepping 1, AuthenticAMD
TMP=C:\Users\GILANG~1\AppData\Local\Temp
TEMP=C:\Users\GILANG~1\AppData\Local\Temp



---------------  S Y S T E M  ---------------

OS:
 Windows 11 , 64 bit Build 22621 (10.0.22621.3527)
OS uptime: 0 days 1:10 hours
Hyper-V role detected

CPU: total 16 (initial active 16) (16 cores per cpu, 2 threads per core) family 23 model 96 stepping 1 microcode 0x0, cx8, cmov, fxsr, ht, mmx, 3dnowpref, sse, sse2, sse3, ssse3, sse4a, sse4.1, sse4.2, popcnt, lzcnt, tsc, tscinvbit, avx, avx2, aes, clmul, bmi1, bmi2, adx, sha, fma, vzeroupper, clflush, clflushopt, hv

Memory: 4k page, system-wide physical 15789M (464M free)
TotalPageFile size 51588M (AvailPageFile size 80M)
current process WorkingSet (physical memory assigned to process): 254M, peak: 330M
current process commit charge ("private bytes"): 299M, peak: 414M

vm_info: OpenJDK 64-Bit Server VM (17.0.7+7) for windows-amd64 JRE (17.0.7+7), built on Apr 18 2023 22:10:42 by "temurin" with MS VC++ 16.7 (VS2019)

END.
