#
# There is insufficient memory for the Java Runtime Environment to continue.
# Native memory allocation (mmap) failed to map 260046848 bytes for G1 virtual space
# Possible reasons:
#   The system is out of physical RAM or swap space
#   The process is running with CompressedOops enabled, and the Java Heap may be blocking the growth of the native heap
# Possible solutions:
#   Reduce memory load on the system
#   Increase physical memory or swap space
#   Check if swap backing store is full
#   Decrease Java heap size (-Xmx/-Xms)
#   Decrease number of Java threads
#   Decrease Java thread stack sizes (-Xss)
#   Set larger code cache with -XX:ReservedCodeCacheSize=
#   JVM is running with Unscaled Compressed Oops mode in which the Java heap is
#     placed in the first 4GB address space. The Java Heap base address is the
#     maximum limit for the native heap growth. Please use -XX:HeapBaseMinAddress
#     to set the Java Heap base and to place the Java Heap above 4GB virtual address.
# This output file may be truncated or incomplete.
#
#  Out of Memory Error (os_windows.cpp:3559), pid=23368, tid=652
#
# JRE version:  (17.0.7+7) (build )
# Java VM: OpenJDK 64-Bit Server VM (17.0.7+7, mixed mode, sharing, tiered, compressed oops, compressed class ptrs, g1 gc, windows-amd64)
# No core dump will be written. Minidumps are not enabled by default on client versions of Windows
#

---------------  S U M M A R Y ------------

Command Line: -Dgroovy.home=C:\Users\GILANG AKRAM/.groovy -Djava.system.class.loader=groovy.lang.GroovyClassLoader -Xmx2048m -Dfile.encoding=UTF-8 -XX:+ShowCodeDetailsInExceptionMessages org.codehaus.groovy.tools.GroovyStarter --classpath C:\Users\GILANG AKRAM\Katalon Studio\Project-PickMe\bin\keyword;C:\Users\GILANG AKRAM\Katalon Studio\Project-PickMe\Keywords;C:\Users\GILANG AKRAM\Katalon Studio\Project-PickMe\bin\listener;C:\Users\GILANG AKRAM\Katalon Studio\Project-PickMe\Test Listeners;C:\Users\GILANG AKRAM\Katalon Studio\Project-PickMe\bin\lib;C:\Users\GILANG AKRAM\Katalon Studio\Project-PickMe\Libs;C:\Users\GILANG AKRAM\Katalon Studio\Project-PickMe\bin\groovy;C:\Users\GILANG AKRAM\Katalon Studio\Project-PickMe\Include\scripts\groovy;C:\Users\GILANG AKRAM\Downloads\Katalon_Studio_Free_Windows_64-9.4.0\Katalon_Studio_Free_Windows_64-9.4.0\plugins\com.kms.katalon.core_1.0.0.202404040723.jar;C:\Users\GILANG AKRAM\Downloads\Katalon_Studio_Free_Windows_64-9.4.0\Katalon_Studio_Free_Windows_64-9.4.0\configuration\resources\lib\aalto-xml-1.0.0.jar;C:\Users\GILANG AKRAM\Downloads\Katalon_Studio_Free_Windows_64-9.4.0\Katalon_Studio_Free_Windows_64-9.4.0\configuration\resources\lib\aspectjweaver-1.9.1.jar;C:\Users\GILANG AKRAM\Downloads\Katalon_Studio_Free_Windows_64-9.4.0\Katalon_Studio_Free_Windows_64-9.4.0\configuration\resources\lib\bcpkix-jdk15on-1.64.jar;C:\Users\GILANG AKRAM\Downloads\Katalon_Studio_Free_Windows_64-9.4.0\Katalon_Studio_Free_Windows_64-9.4.0\configuration\resources\lib\bcprov-jdk15on-1.64.jar;C:\Users\GILANG AKRAM\Downloads\Katalon_Studio_Free_Windows_64-9.4.0\Katalon_Studio_Free_Windows_64-9.4.0\configuration\resources\lib\browsermob-core-2.1.5.jar;C:\Users\GILANG AKRAM\Downloads\Katalon_Studio_Free_Windows_64-9.4.0\Katalon_Studio_Free_Windows_64-9.4.0\configuration\resources\lib\byte-buddy-1.14.3.jar;C:\Users\GILANG AKRAM\Downloads\Katalon_Studio_Free_Windows_64-9.4.0\Katalon_Studio_Free_Windows_64-9.4.0\configuration\resources\lib\byte-buddy-agent-1.14.3.jar;C:\Users\GILANG AKRAM\Downloads\Katalon_Studio_Free_Windows_64-9.4.0\Katalon_Studio_Free_Windows_64-9.4.0\configuration\resources\lib\cglib-3.2.10.jar;C:\Users\GILANG AKRAM\Downloads\Katalon_Studio_Free_Windows_64-9.4.0\Katalon_Studio_Free_Windows_64-9.4.0\configuration\resources\lib\commons-codec-1.10.jar;C:\Users\GILANG AKRAM\Downloads\Katalon_Studio_Free_Windows_64-9.4.0\Katalon_Studio_Free_Windows_64-9.4.0\configuration\resources\lib\commons-collections4-4.1.jar;C:\Users\GILANG AKRAM\Downloads\Katalon_Studio_Free_Windows_64-9.4.0\Katalon_Studio_Free_Windows_64-9.4.0\configuration\resources\lib\commons-validator-1.6.jar;C:\Users\GILANG AKRAM\Downloads\Katalon_Studio_Free_Windows_64-9.4.0\Katalon_Studio_Free_Windows_64-9.4.0\configuration\resources\lib\curvesapi-1.04.jar;C:\Users\GILANG AKRAM\Downloads\Katalon_Studio_Free_Windows_64-9.4.0\Katalon_Studio_Free_Windows_64-9.4.0\configuration\resources\lib\dnsjava-2.1.8.jar;C:\Users\GILANG AKRAM\Downloads\Katalon_Studio_Free_Windows_64-9.4.0\Katalon_Studio_Free_Windows_64-9.4.0\configuration\resources\lib\groovy-ant-3.0.17.jar;C:\Users\GILANG AKRAM\Downloads\Katalon_Studio_Free_Windows_64-9.4.0\Katalon_Studio_Free_Windows_64-9.4.0\configuration\resources\lib\groovy-astbuilder-3.0.17.jar;C:\Users\GILANG AKRAM\Downloads\Katalon_Studio_Free_Windows_64-9.4.0\Katalon_Studio_Free_Windows_64-9.4.0\configuration\resources\lib\groovy-cli-picocli-3.0.17.jar;C:\Users\GILANG AKRAM\Downloads\Katalon_Studio_Free_Windows_64-9.4.0\Katalon_Studio_Free_Windows_64-9.4.0\configuration\resources\lib\groovy-console-3.0.17.jar;C:\Users\GILANG AKRAM\Downloads\Katalon_Studio_Free_Windows_64-9.4.0\Katalon_Studio_Free_Windows_64-9.4.0\configuration\resources\lib\groovy-datetime-3.0.17.jar;C:\Users\GILANG AKRAM\Downloads\Katalon_Studio_Free_Windows_64-9.4.0\Katalon_Studio_Free_Windows_64-9.4.0\configuration\resources\lib\groovy-dateutil-3.0.17.jar;C:\Users\GILANG AKRAM\Downloads\Katalon_Studio_Free_Windows_64-9.4.0\Katalon_Studio_Free_Windows_64-9.4.0\configuration\resources\lib\groovy-docgenerator-3.0.17.jar;C:\Users\GILANG AKRAM\Downloads\Katalon_Studio_Free_Windows_64-9.4.0\Katalon_Studio_Free_Windows_64-9.4.0\configuration\resources\lib\groovy-groovydoc-3.0.17.jar;C:\Users\GILANG AKRAM\Downloads\Katalon_Studio_Free_Windows_64-9.4.0\Katalon_Studio_Free_Windows_64-9.4.0\configuration\resources\lib\groovy-groovysh-3.0.17.jar;C:\Users\GILANG AKRAM\Downloads\Katalon_Studio_Free_Windows_64-9.4.0\Katalon_Studio_Free_Windows_64-9.4.0\configuration\resources\lib\groovy-jmx-3.0.17.jar;C:\Users\GILANG AKRAM\Downloads\Katalon_Studio_Free_Windows_64-9.4.0\Katalon_Studio_Free_Windows_64-9.4.0\configuration\resources\lib\groovy-json-3.0.17.jar;C:\Users\GILANG AKRAM\Downloads\Katalon_Studio_Free_Windows_64-9.4.0\Katalon_Studio_Free_Windows_64-9.4.0\configuration\resources\lib\groovy-jsr223-3.0.17.jar;C:\Users\GILANG AKRAM\Downloads\Katalon_Studio_Free_Windows_64-9.4.0\Katalon_Studio_Free_Windows_64-9.4.0\configuration\resources\lib\groovy-macro-3.0.17.jar;C:\Users\GILANG AKRAM\Downloads\Katalon_Studio_Free_Windows_64-9.4.0\Katalon_Studio_Free_Windows_64-9.4.0\configuration\resources\lib\groovy-nio-3.0.17.jar;C:\Users\GILANG AKRAM\Downloads\Katalon_Studio_Free_Windows_64-9.4.0\Katalon_Studio_Free_Windows_64-9.4.0\configuration\resources\lib\groovy-servlet-3.0.17.jar;C:\Users\GILANG AKRAM\Downloads\Katalon_Studio_Free_Windows_64-9.4.0\Katalon_Studio_Free_Windows_64-9.4.0\configuration\resources\lib\groovy-sql-3.0.17.jar;C:\Users\GILANG AKRAM\Downloads\Katalon_Studio_Free_Windows_64-9.4.0\Katalon_Studio_Free_Windows_64-9.4.0\configuration\resources\lib\groovy-swing-3.0.17.jar;C:\Users\GILANG AKRAM\Downloads\Katalon_Studio_Free_Windows_64-9.4.0\Katalon_Studio_Free_Windows_64-9.4.0\configuration\resources\lib\groovy-templates-3.0.17.jar;C:\Users\GILANG AKRAM\Downloads\Katalon_Studio_Free_Windows_64-9.4.0\Katalon_Studio_Free_Windows_64-9.4.0\configuration\resources\lib\groovy-test-3.0.17.jar;C:\Users\GILANG AKRAM\Downloads\Katalon_Studio_Free_Windows_64-9.4.0\Katalon_Studio_Free_Windows_64-9.4.0\configuration\resources\lib\groovy-test-junit5-3.0.17.jar;C:\Users\GILANG AKRAM\Downloads\Katalon_Studio_Free_Windows_64-9.4.0\Katalon_Studio_Free_Windows_64-9.4.0\configuration\resources\lib\groovy-testng-3.0.17.jar;C:\Users\GILANG AKRAM\Downloads\Katalon_Studio_Free_Windows_64-9.4.0\Katalon_Studio_Free_Windows_64-9.4.0\configuration\resources\lib\groovy-xml-3.0.17.jar;C:\Users\GILANG AKRAM\Downloads\Katalon_Studio_Free_Windows_64-9.4.0\Katalon_Studio_Free_Windows_64-9.4.0\configuration\resources\lib\java-client-7.0.0.jar;C:\Users\GILANG AKRAM\Downloads\Katalon_Studio_Free_Windows_64-9.4.0\Katalon_Studio_Free_Windows_64-9.4.0\configuration\resources\lib\javax.servlet-api_3.1.0.jar;C:\Users\GILANG AKRAM\Downloads\Katalon_Studio_Free_Windows_64-9.4.0\Katalon_Studio_Free_Windows_64-9.4.0\configuration\resources\lib\jna-5.12.1.jar;C:\Users\GILANG AKRAM\Downloads\Katalon_Studio_Free_Windows_64-9.4.0\Katalon_Studio_Free_Windows_64-9.4.0\configuration\resources\lib\jna-platform-5.12.1.jar;C:\Users\GILANG AKRAM\Downloads\Katalon_Studio_Free_Windows_64-9.4.0\Katalon_Studio_Free_Windows_64-9.4.0\configuration\resources\lib\jzlib-1.1.3.jar;C:\Users\GILANG AKRAM\Downloads\Katalon_Studio_Free_Windows_64-9.4.0\Katalon_Studio_Free_Windows_64-9.4.0\configuration\resources\lib\kat-server.jar;C:\Users\GILANG AKRAM\Downloads\Katalon_Studio_Free_Windows_64-9.4.0\Katalon_Studio_Free_Windows_64-9.4.0\configuration\resources\lib\littleproxy-1.1.0-beta-bmp-17.jar;C:\Users\GILANG AKRAM\Downloads\Katalon_Studio_Free_Windows_64-9.4.0\Katalon_Studio_Free_Windows_64-9.4.0\configuration\resources\lib\log4j-1.2-api-2.17.1.jar;C:\Users\GILANG AKRAM\Downloads\Katalon_Studio_Free_Windows_64-9.4.0\Katalon_Studio_Free_Windows_64-9.4.0\configuration\resources\lib\log4j-api-2.17.1.jar;C:\Users\GILANG AKRAM\Downloads\Katalon_Studio_Free_Windows_64-9.4.0\Katalon_Studio_Free_Windows_64-9.4.0\configuration\resources\lib\log4j-core-2.17.1.jar;C:\Users\GILANG AKRAM\Downloads\Katalon_Studio_Free_Windows_64-9.4.0\Katalon_Studio_Free_Windows_64-9.4.0\configuration\resources\lib\mitm-2.1.5.jar;C:\Users\GILANG AKRAM\Downloads\Katalon_Studio_Free_Windows_64-9.4.0\Katalon_Studio_Free_Windows_64-9.4.0\configuration\resources\lib\mockito-core-5.2.0.jar;C:\Users\GILANG AKRAM\Downloads\Katalon_Studio_Free_Windows_64-9.4.0\Katalon_Studio_Free_Windows_64-9.4.0\configuration\resources\lib\mockito-inline-5.2.0.jar;C:\Users\GILANG AKRAM\Downloads\Katalon_Studio_Free_Windows_64-9.4.0\Katalon_Studio_Free_Windows_64-9.4.0\configuration\resources\lib\netty-all-4.1.70.Final.jar;C:\Users\GILANG AKRAM\Downloads\Katalon_Studio_Free_Windows_64-9.4.0\Katalon_Studio_Free_Windows_64-9.4.0\configuration\resources\lib\objenesis-3.3.jar;C:\Users\GILANG AKRAM\Downloads\Katalon_Studio_Free_Windows_64-9.4.0\Katalon_Studio_Free_Windows_64-9.4.0\configuration\resources\lib\poi-3.17.jar;C:\Users\GILANG AKRAM\Downloads\Katalon_Studio_Free_Windows_64-9.4.0\Katalon_Studio_Free_Windows_64-9.4.0\configuration\resources\lib\poi-ooxml-3.17.jar;C:\Users\GILANG AKRAM\Downloads\Katalon_Studio_Free_Windows_64-9.4.0\Katalon_Studio_Free_Windows_64-9.4.0\configuration\resources\lib\poi-ooxml-schemas-3.17.jar;C:\Users\GILANG AKRAM\Downloads\Katalon_Studio_Free_Windows_64-9.4.0\Katalon_Studio_Free_Windows_64-9.4.0\configuration\resources\lib\proxy-vole-1.0.4-SNAPSHOT-jar-with-dependencies.jar;C:\Users\GILANG AKRAM\Downloads\Katalon_Studio_Free_Windows_64-9.4.0\Katalon_Studio_Free_Windows_64-9.4.0\configuration\resources\lib\repackaged-sikuli-api-1.0.2-standalone.jar;C:\Users\GILANG AKRAM\Downloads\Katalon_Studio_Free_Windows_64-9.4.0\Katalon_Studio_Free_Windows_64-9.4.0\configuration\resources\lib\selenium-leg-rc-3.141.59.jar;C:\Users\GILANG AKRAM\Downloads\Katalon_Studio_Free_Windows_64-9.4.0\Katalon_Studio_Free_Windows_64-9.4.0\configuration\resources\lib\selenium-server-standalone-3.141.59.jar;C:\Users\GILANG AKRAM\Downloads\Katalon_Studio_Free_Windows_64-9.4.0\Katalon_Studio_Free_Windows_64-9.4.0\configuration\resources\lib\selenium-shutterbug-1.1.jar;C:\Users\GILANG AKRAM\Downloads\Katalon_Studio_Free_Windows_64-9.4.0\Katalon_Studio_Free_Windows_64-9.4.0\configuration\resources\lib\slf4j-api-1.7.25.jar;C:\Users\GILANG AKRAM\Downloads\Katalon_Studio_Free_Windows_64-9.4.0\Katalon_Studio_Free_Windows_64-9.4.0\configuration\resources\lib\soap-builder-1.0.0.jar;C:\Users\GILANG AKRAM\Downloads\Katalon_Studio_Free_Windows_64-9.4.0\Katalon_Studio_Free_Windows_64-9.4.0\configuration\resources\lib\soap-common-1.0.0.jar;C:\Users\GILANG AKRAM\Downloads\Katalon_Studio_Free_Windows_64-9.4.0\Katalon_Studio_Free_Windows_64-9.4.0\configuration\resources\lib\soap-legacy-1.0.0.jar;C:\Users\GILANG AKRAM\Downloads\Katalon_Studio_Free_Windows_64-9.4.0\Katalon_Studio_Free_Windows_64-9.4.0\configuration\resources\lib\spring-context-5.3.19.jar;C:\Users\GILANG AKRAM\Downloads\Katalon_Studio_Free_Windows_64-9.4.0\Katalon_Studio_Free_Windows_64-9.4.0\configuration\resources\lib\stax2-api-4.0.0.jar;C:\Users\GILANG AKRAM\Downloads\Katalon_Studio_Free_Windows_64-9.4.0\Katalon_Studio_Free_Windows_64-9.4.0\configuration\resources\lib\su.jar;C:\Users\GILANG AKRAM\Downloads\Katalon_Studio_Free_Windows_64-9.4.0\Katalon_Studio_Free_Windows_64-9.4.0\configuration\resources\lib\testng-7.8.0.jar;C:\Users\GILANG AKRAM\Downloads\Katalon_Studio_Free_Windows_64-9.4.0\Katalon_Studio_Free_Windows_64-9.4.0\configuration\resources\lib\wadl.jar;C:\Users\GILANG AKRAM\Downloads\Katalon_Studio_Free_Windows_64-9.4.0\Katalon_Studio_Free_Windows_64-9.4.0\configuration\resources\lib\xmlbeans-3.1.0.jar;C:\Users\GILANG AKRAM\Downloads\Katalon_Studio_Free_Windows_64-9.4.0\Katalon_Studio_Free_Windows_64-9.4.0\plugins\net.sf.supercsv.super-csv_2.1.0.jar;C:\Users\GILANG AKRAM\Downloads\Katalon_Studio_Free_Windows_64-9.4.0\Katalon_Studio_Free_Windows_64-9.4.0\plugins\org.apache.commons.io_2.4.0.jar;C:\Users\GILANG AKRAM\Downloads\Katalon_Studio_Free_Windows_64-9.4.0\Katalon_Studio_Free_Windows_64-9.4.0\plugins\org.apache.commons.lang_2.6.0.jar;C:\Users\GILANG AKRAM\Downloads\Katalon_Studio_Free_Windows_64-9.4.0\Katalon_Studio_Free_Windows_64-9.4.0\plugins\com.google.gson_2.10.1.v20230109-0753.jar;C:\Users\GILANG AKRAM\Downloads\Katalon_Studio_Free_Windows_64-9.4.0\Katalon_Studio_Free_Windows_64-9.4.0\plugins\org.jsoup_1.14.3.jar;C:\Users\GILANG AKRAM\Downloads\Katalon_Studio_Free_Windows_64-9.4.0\Katalon_Studio_Free_Windows_64-9.4.0\plugins\org.apache.commons.dbutils_1.6.0.jar;C:\Users\GILANG AKRAM\Downloads\Katalon_Studio_Free_Windows_64-9.4.0\Katalon_Studio_Free_Windows_64-9.4.0\plugins\com.oracle.jdbc.ojdbc7_12.1.0.2.jar;C:\Users\GILANG AKRAM\Downloads\Katalon_Studio_Free_Windows_64-9.4.0\Katalon_Studio_Free_Windows_64-9.4.0\plugins\org.postgresql.jdbc_42.4.1.jar;c:\Users\GILANG AKRAM\Downloads\Katalon_Studio_Free_Windows_64-9.4.0\Katalon_Studio_Free_Windows_64-9.4.0\plugins\org.eclipse.osgi_3.18.300.v20230220-1352.jar;C:\Users\GILANG AKRAM\Downloads\Katalon_Studio_Free_Windows_64-9.4.0\Katalon_Studio_Free_Windows_64-9.4.0\plugins\com.kms.katalon.constant_1.0.0.202404040723.jar;C:\Users\GILANG AKRAM\Downloads\Katalon_Studio_Free_Windows_64-9.4.0\Katalon_Studio_Free_Windows_64-9.4.0\plugins\org.eclipse.persistence.eclipselink_2.7.11.jar;C:\Users\GILANG AKRAM\Downloads\Katalon_Studio_Free_Windows_64-9.4.0\Katalon_Studio_Free_Windows_64-9.4.0\plugins\com.kms.katalon.selenium-standalone_1.0.0.202404040723.jar;C:\Users\GILANG AKRAM\Downloads\Katalon_Studio_Free_Windows_64-9.4.0\Katalon_Studio_Free_Windows_64-9.4.0\plugins\atu.testrecorder.screen-recorder_2.1.0.jar;C:\Users\GILANG AKRAM\Downloads\Katalon_Studio_Free_Windows_64-9.4.0\Katalon_Studio_Free_Windows_64-9.4.0\plugins\com.google.guava_23.0.0.jar;C:\Users\GILANG AKRAM\Downloads\Katalon_Studio_Free_Windows_64-9.4.0\Katalon_Studio_Free_Windows_64-9.4.0\plugins\com.kms.katalon.util_1.0.0.202404040723.jar;C:\Users\GILANG AKRAM\Downloads\Katalon_Studio_Free_Windows_64-9.4.0\Katalon_Studio_Free_Windows_64-9.4.0\plugins\org.apache.httpcomponents.httpclient_4.5.14.v20221207-1049.jar;C:\Users\GILANG AKRAM\Downloads\Katalon_Studio_Free_Windows_64-9.4.0\Katalon_Studio_Free_Windows_64-9.4.0\plugins\org.apache.httpcomponents.httpcore_4.4.16.v20221207-1049.jar;C:\Users\GILANG AKRAM\Downloads\Katalon_Studio_Free_Windows_64-9.4.0\Katalon_Studio_Free_Windows_64-9.4.0\plugins\org.apache.httpcomponents.httpmime_4.5.1.jar;C:\Users\GILANG AKRAM\Downloads\Katalon_Studio_Free_Windows_64-9.4.0\Katalon_Studio_Free_Windows_64-9.4.0\plugins\org.apache.commons.lang3_3.7.0.jar;C:\Users\GILANG AKRAM\Downloads\Katalon_Studio_Free_Windows_64-9.4.0\Katalon_Studio_Free_Windows_64-9.4.0\plugins\org.greenrobot.eventbus_3.1.1.jar;C:\Users\GILANG AKRAM\Downloads\Katalon_Studio_Free_Windows_64-9.4.0\Katalon_Studio_Free_Windows_64-9.4.0\plugins\net.bytebuddy.byte-buddy_1.14.11.jar;C:\Users\GILANG AKRAM\Downloads\Katalon_Studio_Free_Windows_64-9.4.0\Katalon_Studio_Free_Windows_64-9.4.0\plugins\org.junit_4.13.2.v20211018-1956.jar;C:\Users\GILANG AKRAM\Downloads\Katalon_Studio_Free_Windows_64-9.4.0\Katalon_Studio_Free_Windows_64-9.4.0\plugins\com.fasterxml.jackson.core.jackson-databind_2.14.0.jar;C:\Users\GILANG AKRAM\Downloads\Katalon_Studio_Free_Windows_64-9.4.0\Katalon_Studio_Free_Windows_64-9.4.0\plugins\com.fasterxml.jackson.core.jackson-core_2.14.0.jar;C:\Users\GILANG AKRAM\Downloads\Katalon_Studio_Free_Windows_64-9.4.0\Katalon_Studio_Free_Windows_64-9.4.0\plugins\com.fasterxml.jackson.core.jackson-annotations_2.14.0.jar;C:\Users\GILANG AKRAM\Downloads\Katalon_Studio_Free_Windows_64-9.4.0\Katalon_Studio_Free_Windows_64-9.4.0\plugins\ch.qos.logback.classic_1.2.3.jar;C:\Users\GILANG AKRAM\Downloads\Katalon_Studio_Free_Windows_64-9.4.0\Katalon_Studio_Free_Windows_64-9.4.0\plugins\ch.qos.logback.core_1.2.3.jar;C:\Users\GILANG AKRAM\Downloads\Katalon_Studio_Free_Windows_64-9.4.0\Katalon_Studio_Free_Windows_64-9.4.0\plugins\slf4j.api_1.7.36.jar;C:\Users\GILANG AKRAM\Downloads\Katalon_Studio_Free_Windows_64-9.4.0\Katalon_Studio_Free_Windows_64-9.4.0\plugins\org.fusesource.jansi_1.17.1.jar;C:\Users\GILANG AKRAM\Downloads\Katalon_Studio_Free_Windows_64-9.4.0\Katalon_Studio_Free_Windows_64-9.4.0\plugins\com.kms.katalon.netlightbody_1.0.0.202404040723.jar;C:\Users\GILANG AKRAM\Downloads\Katalon_Studio_Free_Windows_64-9.4.0\Katalon_Studio_Free_Windows_64-9.4.0\plugins\com.kms.katalon.poi_1.0.0.202404040723.jar;C:\Users\GILANG AKRAM\Downloads\Katalon_Studio_Free_Windows_64-9.4.0\Katalon_Studio_Free_Windows_64-9.4.0\plugins\org.apache.commons.commons-text_1.10.0.jar;C:\Users\GILANG AKRAM\Downloads\Katalon_Studio_Free_Windows_64-9.4.0\Katalon_Studio_Free_Windows_64-9.4.0\plugins\com.kms.katalon.proxyvole_1.0.0.202404040723.jar;C:\Users\GILANG AKRAM\Downloads\Katalon_Studio_Free_Windows_64-9.4.0\Katalon_Studio_Free_Windows_64-9.4.0\plugins\com.microsoft.sqlserver.mssql-jdbc_6.2.2.jre8.jar;C:\Users\GILANG AKRAM\Downloads\Katalon_Studio_Free_Windows_64-9.4.0\Katalon_Studio_Free_Windows_64-9.4.0\plugins\com.github.kklisura.cdt.java-client_2.1.0.jar;C:\Users\GILANG AKRAM\Downloads\Katalon_Studio_Free_Windows_64-9.4.0\Katalon_Studio_Free_Windows_64-9.4.0\plugins\javax.websocket-api_1.1.0.jar;C:\Users\GILANG AKRAM\Downloads\Katalon_Studio_Free_Windows_64-9.4.0\Katalon_Studio_Free_Windows_64-9.4.0\plugins\org.glassfish.tyrus.container-grizzly-client_1.13.1.jar;C:\Users\GILANG AKRAM\Downloads\Katalon_Studio_Free_Windows_64-9.4.0\Katalon_Studio_Free_Windows_64-9.4.0\plugins\org.glassfish.grizzly.http-server_2.3.25.jar;C:\Users\GILANG AKRAM\Downloads\Katalon_Studio_Free_Windows_64-9.4.0\Katalon_Studio_Free_Windows_64-9.4.0\plugins\org.glassfish.grizzly.framework_2.3.25.jar;C:\Users\GILANG AKRAM\Downloads\Katalon_Studio_Free_Windows_64-9.4.0\Katalon_Studio_Free_Windows_64-9.4.0\plugins\org.glassfish.grizzly.http_2.3.25.jar;C:\Users\GILANG AKRAM\Downloads\Katalon_Studio_Free_Windows_64-9.4.0\Katalon_Studio_Free_Windows_64-9.4.0\plugins\org.glassfish.tyrus.client_1.13.1.jar;C:\Users\GILANG AKRAM\Downloads\Katalon_Studio_Free_Windows_64-9.4.0\Katalon_Studio_Free_Windows_64-9.4.0\plugins\org.glassfish.tyrus.core_1.13.1.jar;C:\Users\GILANG AKRAM\Downloads\Katalon_Studio_Free_Windows_64-9.4.0\Katalon_Studio_Free_Windows_64-9.4.0\plugins\org.glassfish.tyrus.spi_1.13.1.jar;C:\Users\GILANG AKRAM\Downloads\Katalon_Studio_Free_Windows_64-9.4.0\Katalon_Studio_Free_Windows_64-9.4.0\plugins\javassist_3.28.0.GA.jar;C:\Users\GILANG AKRAM\Downloads\Katalon_Studio_Free_Windows_64-9.4.0\Katalon_Studio_Free_Windows_64-9.4.0\plugins\com.graphql-java_16.2.0.jar;C:\Users\GILANG AKRAM\Downloads\Katalon_Studio_Free_Windows_64-9.4.0\Katalon_Studio_Free_Windows_64-9.4.0\plugins\org.glassfish.jaxb.runtime_2.3.6.jar;C:\Users\GILANG AKRAM\Downloads\Katalon_Studio_Free_Windows_64-9.4.0\Katalon_Studio_Free_Windows_64-9.4.0\plugins\org.glassfish.jaxb.txw2_2.3.6.jar;C:\Users\GILANG AKRAM\Downloads\Katalon_Studio_Free_Windows_64-9.4.0\Katalon_Studio_Free_Windows_64-9.4.0\plugins\org.dom4j_1.6.1.v201312101416.jar;C:\Users\GILANG AKRAM\Downloads\Katalon_Studio_Free_Windows_64-9.4.0\Katalon_Studio_Free_Windows_64-9.4.0\plugins\com.kms.katalon.groovy-extended_1.0.0.202404040723.jar;C:\Users\GILANG AKRAM\Downloads\Katalon_Studio_Free_Windows_64-9.4.0\Katalon_Studio_Free_Windows_64-9.4.0\plugins\com.sun.activation.javax.activation_1.2.0.jar;C:\Users\GILANG AKRAM\Downloads\Katalon_Studio_Free_Windows_64-9.4.0\Katalon_Studio_Free_Windows_64-9.4.0\plugins\jakarta.xml.bind-api_2.3.3.jar;C:\Users\GILANG AKRAM\Downloads\Katalon_Studio_Free_Windows_64-9.4.0\Katalon_Studio_Free_Windows_64-9.4.0\plugins\com.sun.xml.bind.jaxb-impl_2.3.6.jar;C:\Users\GILANG AKRAM\Downloads\Katalon_Studio_Free_Windows_64-9.4.0\Katalon_Studio_Free_Windows_64-9.4.0\plugins\org.eclipse.jface_3.29.0.v20230214-1401.jar;C:\Users\GILANG AKRAM\Downloads\Katalon_Studio_Free_Windows_64-9.4.0\Katalon_Studio_Free_Windows_64-9.4.0\plugins\com.kms.katalon.logging_1.0.0.202404040723.jar;C:\Users\GILANG AKRAM\Downloads\Katalon_Studio_Free_Windows_64-9.4.0\Katalon_Studio_Free_Windows_64-9.4.0\plugins\org.json_20140107.0.0.jar;C:\Users\GILANG AKRAM\Downloads\Katalon_Studio_Free_Windows_64-9.4.0\Katalon_Studio_Free_Windows_64-9.4.0\plugins\assertj-core_3.25.3.jar;C:\Users\GILANG AKRAM\Downloads\Katalon_Studio_Free_Windows_64-9.4.0\Katalon_Studio_Free_Windows_64-9.4.0\plugins\org.apache.commons.logging_1.2.0.v20180409-1502.jar;C:\Users\GILANG AKRAM\Downloads\Katalon_Studio_Free_Windows_64-9.4.0\Katalon_Studio_Free_Windows_64-9.4.0\plugins\org.hamcrest.core_1.3.0.v20180420-1519.jar;C:\Users\GILANG AKRAM\Downloads\Katalon_Studio_Free_Windows_64-9.4.0\Katalon_Studio_Free_Windows_64-9.4.0\plugins\org.beanshell.bsh_2.0.0.0b4.jar;C:\Users\GILANG AKRAM\Downloads\Katalon_Studio_Free_Windows_64-9.4.0\Katalon_Studio_Free_Windows_64-9.4.0\plugins\org.apache.ant.launcher_1.9.6.jar;C:\Users\GILANG AKRAM\Downloads\Katalon_Studio_Free_Windows_64-9.4.0\Katalon_Studio_Free_Windows_64-9.4.0\plugins\com.kms.katalon.core.appium_1.0.0.202404040723.jar;C:\Users\GILANG AKRAM\Downloads\Katalon_Studio_Free_Windows_64-9.4.0\Katalon_Studio_Free_Windows_64-9.4.0\plugins\org.eclipse.equinox.common_3.17.100.v20230202-1341.jar;C:\Users\GILANG AKRAM\Downloads\Katalon_Studio_Free_Windows_64-9.4.0\Katalon_Studio_Free_Windows_64-9.4.0\plugins\com.kms.katalon.core.webui_1.0.0.202404040723.jar;C:\Users\GILANG AKRAM\Downloads\Katalon_Studio_Free_Windows_64-9.4.0\Katalon_Studio_Free_Windows_64-9.4.0\plugins\org.eclipse.e4.core.contexts_1.11.0.v20220716-0839.jar;C:\Users\GILANG AKRAM\Downloads\Katalon_Studio_Free_Windows_64-9.4.0\Katalon_Studio_Free_Windows_64-9.4.0\plugins\org.eclipse.e4.core.services_2.3.400.v20220915-1347.jar;C:\Users\GILANG AKRAM\Downloads\Katalon_Studio_Free_Windows_64-9.4.0\Katalon_Studio_Free_Windows_64-9.4.0\plugins\com.kms.katalon.core.mobile_1.0.0.202404040723.jar;C:\Users\GILANG AKRAM\Downloads\Katalon_Studio_Free_Windows_64-9.4.0\Katalon_Studio_Free_Windows_64-9.4.0\plugins\org.apache.commons.commons-validator_1.7.0.jar;C:\Users\GILANG AKRAM\Downloads\Katalon_Studio_Free_Windows_64-9.4.0\Katalon_Studio_Free_Windows_64-9.4.0\plugins\com.kms.katalon.core.cucumber_1.0.0.202404040723.jar;C:\Users\GILANG AKRAM\Downloads\Katalon_Studio_Free_Windows_64-9.4.0\Katalon_Studio_Free_Windows_64-9.4.0\plugins\io.cucumber.core_3.0.2.jar;C:\Users\GILANG AKRAM\Downloads\Katalon_Studio_Free_Windows_64-9.4.0\Katalon_Studio_Free_Windows_64-9.4.0\plugins\io.cucumber.datatable_1.0.3.jar;C:\Users\GILANG AKRAM\Downloads\Katalon_Studio_Free_Windows_64-9.4.0\Katalon_Studio_Free_Windows_64-9.4.0\plugins\io.cucumber.datatable-dependencies_1.0.3.jar;C:\Users\GILANG AKRAM\Downloads\Katalon_Studio_Free_Windows_64-9.4.0\Katalon_Studio_Free_Windows_64-9.4.0\plugins\io.cucumber.expressions_5.0.19.jar;C:\Users\GILANG AKRAM\Downloads\Katalon_Studio_Free_Windows_64-9.4.0\Katalon_Studio_Free_Windows_64-9.4.0\plugins\io.cucumber.gherkin_5.0.0.jar;C:\Users\GILANG AKRAM\Downloads\Katalon_Studio_Free_Windows_64-9.4.0\Katalon_Studio_Free_Windows_64-9.4.0\plugins\io.cucumber.html_0.2.7.jar;C:\Users\GILANG AKRAM\Downloads\Katalon_Studio_Free_Windows_64-9.4.0\Katalon_Studio_Free_Windows_64-9.4.0\plugins\io.cucumber.java_3.0.2.jar;C:\Users\GILANG AKRAM\Downloads\Katalon_Studio_Free_Windows_64-9.4.0\Katalon_Studio_Free_Windows_64-9.4.0\plugins\io.cucumber.tag-expressions_1.1.1.jar;C:\Users\GILANG AKRAM\Downloads\Katalon_Studio_Free_Windows_64-9.4.0\Katalon_Studio_Free_Windows_64-9.4.0\plugins\io.cucumber.junit_3.0.2.jar;C:\Users\GILANG AKRAM\Downloads\Katalon_Studio_Free_Windows_64-9.4.0\Katalon_Studio_Free_Windows_64-9.4.0\plugins\com.kms.katalon.core.webservice_1.0.0.202404040723.jar;C:\Users\GILANG AKRAM\Downloads\Katalon_Studio_Free_Windows_64-9.4.0\Katalon_Studio_Free_Windows_64-9.4.0\plugins\wsdl4j_1.6.2.jar;C:\Users\GILANG AKRAM\Downloads\Katalon_Studio_Free_Windows_64-9.4.0\Katalon_Studio_Free_Windows_64-9.4.0\plugins\com.google.oauth-client.google-oauth-client_1.22.0.jar;C:\Users\GILANG AKRAM\Downloads\Katalon_Studio_Free_Windows_64-9.4.0\Katalon_Studio_Free_Windows_64-9.4.0\plugins\com.google.http-client.google-http-client_1.22.0.jar;C:\Users\GILANG AKRAM\Downloads\Katalon_Studio_Free_Windows_64-9.4.0\Katalon_Studio_Free_Windows_64-9.4.0\plugins\ca.juliusdavies.not-yet-commons-ssl_0.3.11.jar;C:\Users\GILANG AKRAM\Downloads\Katalon_Studio_Free_Windows_64-9.4.0\Katalon_Studio_Free_Windows_64-9.4.0\plugins\com.kms.katalon.preferences_1.0.0.202404040723.jar;C:\Users\GILANG AKRAM\Downloads\Katalon_Studio_Free_Windows_64-9.4.0\Katalon_Studio_Free_Windows_64-9.4.0\plugins\org.apache.xmlbeans_3.1.0.jar;C:\Users\GILANG AKRAM\Downloads\Katalon_Studio_Free_Windows_64-9.4.0\Katalon_Studio_Free_Windows_64-9.4.0\plugins\com.kms.katalon.entity_1.0.0.202404040723.jar;C:\Users\GILANG AKRAM\Downloads\Katalon_Studio_Free_Windows_64-9.4.0\Katalon_Studio_Free_Windows_64-9.4.0\plugins\org.antlr.antlr4-runtime_4.8.0.jar;C:\Users\GILANG AKRAM\Downloads\Katalon_Studio_Free_Windows_64-9.4.0\Katalon_Studio_Free_Windows_64-9.4.0\plugins\com.networknt.json-schema-validator_1.0.66.jar;C:\Users\GILANG AKRAM\Downloads\Katalon_Studio_Free_Windows_64-9.4.0\Katalon_Studio_Free_Windows_64-9.4.0\plugins\jakarta.xml.ws-api_2.3.3.jar;C:\Users\GILANG AKRAM\Downloads\Katalon_Studio_Free_Windows_64-9.4.0\Katalon_Studio_Free_Windows_64-9.4.0\plugins\javax.xml.soap-api_1.4.0.jar;C:\Users\GILANG AKRAM\Downloads\Katalon_Studio_Free_Windows_64-9.4.0\Katalon_Studio_Free_Windows_64-9.4.0\plugins\com.kms.katalon.core.windows_1.0.0.202404040723.jar;C:\Users\GILANG AKRAM\Downloads\Katalon_Studio_Free_Windows_64-9.4.0\Katalon_Studio_Free_Windows_64-9.4.0\plugins\com.kms.katalon.core.testng_1.0.0.202404040723.jar;C:\Users\GILANG AKRAM\Downloads\Katalon_Studio_Free_Windows_64-9.4.0\Katalon_Studio_Free_Windows_64-9.4.0\configuration\org.eclipse.osgi\28\0\.cp\resources\basic-report\katalon-studio-report-plugin.jar;C:\Users\GILANG AKRAM\Downloads\Katalon_Studio_Free_Windows_64-9.4.0\Katalon_Studio_Free_Windows_64-9.4.0\plugins\org.codehaus.groovy_3.0.17.v202303311542-e2303\lib\groovy-3.0.17-indy.jar;C:\Users\GILANG AKRAM\Downloads\Katalon_Studio_Free_Windows_64-9.4.0\Katalon_Studio_Free_Windows_64-9.4.0\plugins\org.codehaus.groovy_3.0.17.v202303311542-e2303\lib\ivy-2.5.1.jar --main groovy.ui.GroovyMain --encoding UTF-8 --indy C:\Users\GILANG AKRAM\Katalon Studio\Project-PickMe\Libs\TempTestSuite1715050128495.groovy

Host: AMD Ryzen 7 4800H with Radeon Graphics         , 16 cores, 15G,  Windows 11 , 64 bit Build 22621 (10.0.22621.3527)
Time: Tue May  7 09:48:51 2024 SE Asia Standard Time elapsed time: 0.012041 seconds (0d 0h 0m 0s)

---------------  T H R E A D  ---------------

Current thread (0x00000187d3f2c5c0):  JavaThread "Unknown thread" [_thread_in_vm, id=652, stack(0x0000007e63900000,0x0000007e63a00000)]

Stack: [0x0000007e63900000,0x0000007e63a00000]
Native frames: (J=compiled Java code, j=interpreted, Vv=VM code, C=native code)
V  [jvm.dll+0x67754a]
V  [jvm.dll+0x834304]
V  [jvm.dll+0x835aae]
V  [jvm.dll+0x836113]
V  [jvm.dll+0x24696f]
V  [jvm.dll+0x6743f9]
V  [jvm.dll+0x668c8a]
V  [jvm.dll+0x3061bb]
V  [jvm.dll+0x30d6a6]
V  [jvm.dll+0x35cece]
V  [jvm.dll+0x35d0ff]
V  [jvm.dll+0x2dd048]
V  [jvm.dll+0x2ddfb4]
V  [jvm.dll+0x8066d1]
V  [jvm.dll+0x36ac91]
V  [jvm.dll+0x7e5cec]
V  [jvm.dll+0x3ed56f]
V  [jvm.dll+0x3ef0a1]
C  [jli.dll+0x528b]
C  [ucrtbase.dll+0x29333]
C  [KERNEL32.DLL+0x1257d]
C  [ntdll.dll+0x5aa48]


---------------  P R O C E S S  ---------------

Threads class SMR info:
_java_thread_list=0x00007ffa645b7018, length=0, elements={
}

Java Threads: ( => current thread )

Other Threads:
  0x00000187d3f89c60 GCTaskThread "GC Thread#0" [stack: 0x0000007e63a00000,0x0000007e63b00000] [id=644]
  0x00000187d3f9aba0 ConcurrentGCThread "G1 Main Marker" [stack: 0x0000007e63b00000,0x0000007e63c00000] [id=13800]
  0x00000187d3f9bd50 ConcurrentGCThread "G1 Conc#0" [stack: 0x0000007e63c00000,0x0000007e63d00000] [id=680]

[error occurred during error reporting (printing all threads), id 0xc0000005, EXCEPTION_ACCESS_VIOLATION (0xc0000005) at pc=0x00007ffa63d8daf7]

VM state: not at safepoint (not fully initialized)

VM Mutex/Monitor currently owned by a thread:  ([mutex/lock_event])
[0x00000187d3f277e0] Heap_lock - owner thread: 0x00000187d3f2c5c0

Heap address: 0x0000000080000000, size: 2048 MB, Compressed Oops mode: 32-bit

CDS archive(s) mapped at: [0x0000000000000000-0x0000000000000000-0x0000000000000000), size 0, SharedBaseAddress: 0x0000000800000000, ArchiveRelocationMode: 0.
Narrow klass base: 0x0000000000000000, Narrow klass shift: 0, Narrow klass range: 0x0

GC Precious Log:
<Empty>

Heap:
 garbage-first heap   total 0K, used 0K [0x0000000080000000, 0x0000000100000000)
  region size 1024K, 0 young (0K), 0 survivors (0K)

[error occurred during error reporting (printing heap information), id 0xc0000005, EXCEPTION_ACCESS_VIOLATION (0xc0000005) at pc=0x00007ffa64170db9]

GC Heap History (0 events):
No events

Dll operation events (1 events):
Event: 0.006 Loaded shared library C:\Users\GILANG AKRAM\Downloads\Katalon_Studio_Free_Windows_64-9.4.0\Katalon_Studio_Free_Windows_64-9.4.0\jre\bin\java.dll

Deoptimization events (0 events):
No events

Classes unloaded (0 events):
No events

Classes redefined (0 events):
No events

Internal exceptions (0 events):
No events

VM Operations (0 events):
No events

Events (0 events):
No events


Dynamic libraries:
0x00007ff69b7e0000 - 0x00007ff69b7ee000 	C:\Users\GILANG AKRAM\Downloads\Katalon_Studio_Free_Windows_64-9.4.0\Katalon_Studio_Free_Windows_64-9.4.0\jre\bin\javaw.exe
0x00007ffaa7370000 - 0x00007ffaa7587000 	C:\Windows\SYSTEM32\ntdll.dll
0x00007ffaa6580000 - 0x00007ffaa6644000 	C:\Windows\System32\KERNEL32.DLL
0x00007ffaa4ae0000 - 0x00007ffaa4e87000 	C:\Windows\System32\KERNELBASE.dll
0x00007ffaa46c0000 - 0x00007ffaa47d1000 	C:\Windows\System32\ucrtbase.dll
0x00007ffa9eca0000 - 0x00007ffa9ecb7000 	C:\Users\GILANG AKRAM\Downloads\Katalon_Studio_Free_Windows_64-9.4.0\Katalon_Studio_Free_Windows_64-9.4.0\jre\bin\jli.dll
0x00007ffa9bab0000 - 0x00007ffa9bac9000 	C:\Users\GILANG AKRAM\Downloads\Katalon_Studio_Free_Windows_64-9.4.0\Katalon_Studio_Free_Windows_64-9.4.0\jre\bin\VCRUNTIME140.dll
0x00007ffaa62e0000 - 0x00007ffaa648e000 	C:\Windows\System32\USER32.dll
0x00007ffaa4690000 - 0x00007ffaa46b6000 	C:\Windows\System32\win32u.dll
0x00007ffaa5e30000 - 0x00007ffaa5e59000 	C:\Windows\System32\GDI32.dll
0x00007ffaa39f0000 - 0x00007ffaa3c83000 	C:\Windows\WinSxS\amd64_microsoft.windows.common-controls_6595b64144ccf1df_6.0.22621.3527_none_270e469b73872a76\COMCTL32.dll
0x00007ffaa4910000 - 0x00007ffaa4a29000 	C:\Windows\System32\gdi32full.dll
0x00007ffaa66b0000 - 0x00007ffaa6757000 	C:\Windows\System32\msvcrt.dll
0x00007ffaa4e90000 - 0x00007ffaa4f2a000 	C:\Windows\System32\msvcp_win.dll
0x00007ffaa5cf0000 - 0x00007ffaa5d21000 	C:\Windows\System32\IMM32.DLL
0x00007ffa9ec90000 - 0x00007ffa9ec9c000 	C:\Users\GILANG AKRAM\Downloads\Katalon_Studio_Free_Windows_64-9.4.0\Katalon_Studio_Free_Windows_64-9.4.0\jre\bin\vcruntime140_1.dll
0x00007ffa8d4b0000 - 0x00007ffa8d541000 	C:\Users\GILANG AKRAM\Downloads\Katalon_Studio_Free_Windows_64-9.4.0\Katalon_Studio_Free_Windows_64-9.4.0\jre\bin\msvcp140.dll
0x00007ffa63aa0000 - 0x00007ffa646e8000 	C:\Users\GILANG AKRAM\Downloads\Katalon_Studio_Free_Windows_64-9.4.0\Katalon_Studio_Free_Windows_64-9.4.0\jre\bin\server\jvm.dll
0x00007ffaa5200000 - 0x00007ffaa52b2000 	C:\Windows\System32\ADVAPI32.dll
0x00007ffaa6910000 - 0x00007ffaa69b8000 	C:\Windows\System32\sechost.dll
0x00007ffaa4ab0000 - 0x00007ffaa4ad8000 	C:\Windows\System32\bcrypt.dll
0x00007ffaa67e0000 - 0x00007ffaa68f5000 	C:\Windows\System32\RPCRT4.dll
0x00007ffa87980000 - 0x00007ffa87989000 	C:\Windows\SYSTEM32\WSOCK32.dll
0x00007ffa9b5c0000 - 0x00007ffa9b5f4000 	C:\Windows\SYSTEM32\WINMM.dll
0x00007ffaa3670000 - 0x00007ffaa367a000 	C:\Windows\SYSTEM32\VERSION.dll
0x00007ffaa6760000 - 0x00007ffaa67d1000 	C:\Windows\System32\WS2_32.dll
0x00007ffaa2750000 - 0x00007ffaa2768000 	C:\Windows\SYSTEM32\kernel.appcore.dll
0x00007ffaa2f30000 - 0x00007ffaa2f3a000 	C:\Users\GILANG AKRAM\Downloads\Katalon_Studio_Free_Windows_64-9.4.0\Katalon_Studio_Free_Windows_64-9.4.0\jre\bin\jimage.dll
0x00007ffaa3f60000 - 0x00007ffaa4193000 	C:\Windows\SYSTEM32\DBGHELP.DLL
0x00007ffaa6ce0000 - 0x00007ffaa7068000 	C:\Windows\System32\combase.dll
0x00007ffaa6490000 - 0x00007ffaa6567000 	C:\Windows\System32\OLEAUT32.dll
0x00007ffaa3e50000 - 0x00007ffaa3e82000 	C:\Windows\SYSTEM32\dbgcore.DLL
0x00007ffaa4a30000 - 0x00007ffaa4aa9000 	C:\Windows\System32\bcryptPrimitives.dll
0x00007ffa9ed60000 - 0x00007ffa9ed85000 	C:\Users\GILANG AKRAM\Downloads\Katalon_Studio_Free_Windows_64-9.4.0\Katalon_Studio_Free_Windows_64-9.4.0\jre\bin\java.dll

dbghelp: loaded successfully - version: 4.0.5 - missing functions: none
symbol engine: initialized successfully - sym options: 0x614 - pdb path: .;C:\Users\GILANG AKRAM\Downloads\Katalon_Studio_Free_Windows_64-9.4.0\Katalon_Studio_Free_Windows_64-9.4.0\jre\bin;C:\Windows\SYSTEM32;C:\Windows\WinSxS\amd64_microsoft.windows.common-controls_6595b64144ccf1df_6.0.22621.3527_none_270e469b73872a76;C:\Users\GILANG AKRAM\Downloads\Katalon_Studio_Free_Windows_64-9.4.0\Katalon_Studio_Free_Windows_64-9.4.0\jre\bin\server

VM Arguments:
jvm_args: -Dgroovy.home=C:\Users\GILANG AKRAM/.groovy -Djava.system.class.loader=groovy.lang.GroovyClassLoader -Xmx2048m -Dfile.encoding=UTF-8 -XX:+ShowCodeDetailsInExceptionMessages 
java_command: org.codehaus.groovy.tools.GroovyStarter --classpath C:\Users\GILANG AKRAM\Katalon Studio\Project-PickMe\bin\keyword;C:\Users\GILANG AKRAM\Katalon Studio\Project-PickMe\Keywords;C:\Users\GILANG AKRAM\Katalon Studio\Project-PickMe\bin\listener;C:\Users\GILANG AKRAM\Katalon Studio\Project-PickMe\Test Listeners;C:\Users\GILANG AKRAM\Katalon Studio\Project-PickMe\bin\lib;C:\Users\GILANG AKRAM\Katalon Studio\Project-PickMe\Libs;C:\Users\GILANG AKRAM\Katalon Studio\Project-PickMe\bin\groovy;C:\Users\GILANG AKRAM\Katalon Studio\Project-PickMe\Include\scripts\groovy;C:\Users\GILANG AKRAM\Downloads\Katalon_Studio_Free_Windows_64-9.4.0\Katalon_Studio_Free_Windows_64-9.4.0\plugins\com.kms.katalon.core_1.0.0.202404040723.jar;C:\Users\GILANG AKRAM\Downloads\Katalon_Studio_Free_Windows_64-9.4.0\Katalon_Studio_Free_Windows_64-9.4.0\configuration\resources\lib\aalto-xml-1.0.0.jar;C:\Users\GILANG AKRAM\Downloads\Katalon_Studio_Free_Windows_64-9.4.0\Katalon_Studio_Free_Windows_64-9.4.0\configuration\resources\lib\aspectjweaver-1.9.1.jar;C:\Users\GILANG AKRAM\Downloads\Katalon_Studio_Free_Windows_64-9.4.0\Katalon_Studio_Free_Windows_64-9.4.0\configuration\resources\lib\bcpkix-jdk15on-1.64.jar;C:\Users\GILANG AKRAM\Downloads\Katalon_Studio_Free_Windows_64-9.4.0\Katalon_Studio_Free_Windows_64-9.4.0\configuration\resources\lib\bcprov-jdk15on-1.64.jar;C:\Users\GILANG AKRAM\Downloads\Katalon_Studio_Free_Windows_64-9.4.0\Katalon_Studio_Free_Windows_64-9.4.0\configuration\resources\lib\browsermob-core-2.1.5.jar;C:\Users\GILANG AKRAM\Downloads\Katalon_Studio_Free_Windows_64-9.4.0\Katalon_Studio_Free_Windows_64-9.4.0\configuration\resources\lib\byte-buddy-1.14.3.jar;C:\Users\GILANG AKRAM\Downloads\Katalon_Studio_Free_Windows_64-9.4.0\Katalon_Studio_Free_Windows_64-9.4.0\configuration\resources\lib\byte-buddy-agent-1.14.3.jar;C:\Users\GILANG AKRAM\Downloads\Katalon_Studio_Free_Windows_64-9.4.0\Katalon_Studio_Free_Windows_64-9.4.0\configuration\resources\lib\cglib-3.2.10.jar;C:\Us
java_class_path (initial): C:\Users\GILANG AKRAM\Katalon Studio\Project-PickMe\bin\keyword;C:\Users\GILANG AKRAM\Katalon Studio\Project-PickMe\bin\listener;C:\Users\GILANG AKRAM\Katalon Studio\Project-PickMe\bin\lib;C:\Users\GILANG AKRAM\Katalon Studio\Project-PickMe\bin\groovy;C:\Users\GILANG AKRAM\Katalon Studio\Project-PickMe\bin;C:\Users\GILANG AKRAM\Downloads\Katalon_Studio_Free_Windows_64-9.4.0\Katalon_Studio_Free_Windows_64-9.4.0\plugins\com.kms.katalon.core_1.0.0.202404040723.jar;C:\Users\GILANG AKRAM\Downloads\Katalon_Studio_Free_Windows_64-9.4.0\Katalon_Studio_Free_Windows_64-9.4.0\configuration\resources\lib\aalto-xml-1.0.0.jar;C:\Users\GILANG AKRAM\Downloads\Katalon_Studio_Free_Windows_64-9.4.0\Katalon_Studio_Free_Windows_64-9.4.0\configuration\resources\lib\aspectjweaver-1.9.1.jar;C:\Users\GILANG AKRAM\Downloads\Katalon_Studio_Free_Windows_64-9.4.0\Katalon_Studio_Free_Windows_64-9.4.0\configuration\resources\lib\bcpkix-jdk15on-1.64.jar;C:\Users\GILANG AKRAM\Downloads\Katalon_Studio_Free_Windows_64-9.4.0\Katalon_Studio_Free_Windows_64-9.4.0\configuration\resources\lib\bcprov-jdk15on-1.64.jar;C:\Users\GILANG AKRAM\Downloads\Katalon_Studio_Free_Windows_64-9.4.0\Katalon_Studio_Free_Windows_64-9.4.0\configuration\resources\lib\browsermob-core-2.1.5.jar;C:\Users\GILANG AKRAM\Downloads\Katalon_Studio_Free_Windows_64-9.4.0\Katalon_Studio_Free_Windows_64-9.4.0\configuration\resources\lib\byte-buddy-1.14.3.jar;C:\Users\GILANG AKRAM\Downloads\Katalon_Studio_Free_Windows_64-9.4.0\Katalon_Studio_Free_Windows_64-9.4.0\configuration\resources\lib\byte-buddy-agent-1.14.3.jar;C:\Users\GILANG AKRAM\Downloads\Katalon_Studio_Free_Windows_64-9.4.0\Katalon_Studio_Free_Windows_64-9.4.0\configuration\resources\lib\cglib-3.2.10.jar;C:\Users\GILANG AKRAM\Downloads\Katalon_Studio_Free_Windows_64-9.4.0\Katalon_Studio_Free_Windows_64-9.4.0\configuration\resources\lib\commons-codec-1.10.jar;C:\Users\GILANG AKRAM\Downloads\Katalon_Studio_Free_Windows_64-9.4.0\Katalon_Studio_Free_Wi
Launcher Type: SUN_STANDARD

[Global flags]
     intx CICompilerCount                          = 12                                        {product} {ergonomic}
     uint ConcGCThreads                            = 3                                         {product} {ergonomic}
     uint G1ConcRefinementThreads                  = 13                                        {product} {ergonomic}
   size_t G1HeapRegionSize                         = 1048576                                   {product} {ergonomic}
    uintx GCDrainStackTargetSize                   = 64                                        {product} {ergonomic}
   size_t InitialHeapSize                          = 260046848                                 {product} {ergonomic}
   size_t MarkStackSize                            = 4194304                                   {product} {ergonomic}
   size_t MaxHeapSize                              = 2147483648                                {product} {command line}
   size_t MinHeapDeltaBytes                        = 1048576                                   {product} {ergonomic}
   size_t MinHeapSize                              = 8388608                                   {product} {ergonomic}
    uintx NonNMethodCodeHeapSize                   = 7602480                                {pd product} {ergonomic}
    uintx NonProfiledCodeHeapSize                  = 122027880                              {pd product} {ergonomic}
    uintx ProfiledCodeHeapSize                     = 122027880                              {pd product} {ergonomic}
    uintx ReservedCodeCacheSize                    = 251658240                              {pd product} {ergonomic}
     bool SegmentedCodeCache                       = true                                      {product} {ergonomic}
     bool ShowCodeDetailsInExceptionMessages       = true                                   {manageable} {command line}
   size_t SoftMaxHeapSize                          = 2147483648                             {manageable} {ergonomic}
     bool UseCompressedClassPointers               = true                           {product lp64_product} {ergonomic}
     bool UseCompressedOops                        = true                           {product lp64_product} {ergonomic}
     bool UseG1GC                                  = true                                      {product} {ergonomic}
     bool UseLargePagesIndividualAllocation        = false                                  {pd product} {ergonomic}

Logging:
Log output configuration:
 #0: stdout all=warning uptime,level,tags
 #1: stderr all=off uptime,level,tags

Environment Variables:
PATH=C:/Users/GILANG AKRAM/Downloads/Katalon_Studio_Free_Windows_64-9.4.0/Katalon_Studio_Free_Windows_64-9.4.0/jre/bin/server;C:/Users/GILANG AKRAM/Downloads/Katalon_Studio_Free_Windows_64-9.4.0/Katalon_Studio_Free_Windows_64-9.4.0/jre/bin;C:\Program Files (x86)\Common Files\Oracle\Java\javapath;C:\Python312\Scripts\;C:\Python312\;C:\Windows\system32;C:\Windows;C:\Windows\System32\Wbem;C:\Windows\System32\WindowsPowerShell\v1.0\;C:\Windows\System32\OpenSSH\;C:\Program Files (x86)\NVIDIA Corporation\PhysX\Common;C:\Program Files\NVIDIA Corporation\NVIDIA NvDLISR;C:\Program Files\Microsoft SQL Server\Client SDK\ODBC\170\Tools\Binn\;C:\Program Files\Azure Data Studio\bin;C:\Program Files (x86)\Microsoft SQL Server\160\Tools\Binn\;C:\Program Files\Microsoft SQL Server\160\Tools\Binn\;C:\Program Files\Microsoft SQL Server\160\DTS\Binn\;C:\Program Files (x86)\Microsoft SQL Server\160\DTS\Binn\;C:\Program Files\Git\cmd;C:\ProgramData\chocolatey\bin;C:\Program Files\Microsoft SQL Server\150\Tools\Binn\;C:\Program Files\dotnet\;C:\Program Files\nodejs\;C:\Users\GILANG AKRAM\AppData\Local\Microsoft\WindowsApps;C:\Program Files\Azure Data Studio\bin;C:\Users\GILANG AKRAM\AppData\Local\GitHubDesktop\bin;C:\Users\GILANG AKRAM\AppData\Local\Programs\Microsoft VS Code\bin;C:\Users\GILANG AKRAM\Downloads\flutter_windows_3.13.9-stable\flutter\bin;C:\Users\GILANG AKRAM\.dotnet\tools;C:\Users\GILANG AKRAM\AppData\Roaming\npm;C:\Users\GILANG AKRAM\Downloads\Katalon_Studio_Free_Windows_64-9.4.0\Katalon_Studio_Free_Windows_64-9.4.0;
USERNAME=GILANG AKRAM
OS=Windows_NT
PROCESSOR_IDENTIFIER=AMD64 Family 23 Model 96 Stepping 1, AuthenticAMD
TMP=C:\Users\GILANG~1\AppData\Local\Temp
TEMP=C:\Users\GILANG~1\AppData\Local\Temp



---------------  S Y S T E M  ---------------

OS:
 Windows 11 , 64 bit Build 22621 (10.0.22621.3527)
OS uptime: 0 days 1:11 hours
Hyper-V role detected

CPU: total 16 (initial active 16) (16 cores per cpu, 2 threads per core) family 23 model 96 stepping 1 microcode 0x0, cx8, cmov, fxsr, ht, mmx, 3dnowpref, sse, sse2, sse3, ssse3, sse4a, sse4.1, sse4.2, popcnt, lzcnt, tsc, tscinvbit, avx, avx2, aes, clmul, bmi1, bmi2, adx, sha, fma, vzeroupper, clflush, clflushopt, hv

Memory: 4k page, system-wide physical 15789M (956M free)
TotalPageFile size 51588M (AvailPageFile size 192M)
current process WorkingSet (physical memory assigned to process): 11M, peak: 11M
current process commit charge ("private bytes"): 71M, peak: 318M

vm_info: OpenJDK 64-Bit Server VM (17.0.7+7) for windows-amd64 JRE (17.0.7+7), built on Apr 18 2023 22:10:42 by "temurin" with MS VC++ 16.7 (VS2019)

END.
