#
# There is insufficient memory for the Java Runtime Environment to continue.
# Native memory allocation (malloc) failed to allocate 1026096 bytes for Chunk::new
# Possible reasons:
#   The system is out of physical RAM or swap space
#   The process is running with CompressedOops enabled, and the Java Heap may be blocking the growth of the native heap
# Possible solutions:
#   Reduce memory load on the system
#   Increase physical memory or swap space
#   Check if swap backing store is full
#   Decrease Java heap size (-Xmx/-Xms)
#   Decrease number of Java threads
#   Decrease Java thread stack sizes (-Xss)
#   Set larger code cache with -XX:ReservedCodeCacheSize=
#   JVM is running with Unscaled Compressed Oops mode in which the Java heap is
#     placed in the first 4GB address space. The Java Heap base address is the
#     maximum limit for the native heap growth. Please use -XX:HeapBaseMinAddress
#     to set the Java Heap base and to place the Java Heap above 4GB virtual address.
# This output file may be truncated or incomplete.
#
#  Out of Memory Error (arena.cpp:189), pid=10852, tid=5716
#
# JRE version: OpenJDK Runtime Environment Temurin-17.0.7+7 (17.0.7+7) (build 17.0.7+7)
# Java VM: OpenJDK 64-Bit Server VM Temurin-17.0.7+7 (17.0.7+7, mixed mode, tiered, compressed oops, compressed class ptrs, g1 gc, windows-amd64)
# No core dump will be written. Minidumps are not enabled by default on client versions of Windows
#

---------------  S U M M A R Y ------------

Command Line: -Dgroovy.home=C:\Users\GILANG AKRAM/.groovy -Djava.system.class.loader=groovy.lang.GroovyClassLoader -Xmx2048m -Dfile.encoding=UTF-8 -XX:+ShowCodeDetailsInExceptionMessages org.codehaus.groovy.tools.GroovyStarter --classpath C:\Users\GILANG AKRAM\Katalon Studio\Project-PickMe\bin\keyword;C:\Users\GILANG AKRAM\Katalon Studio\Project-PickMe\Keywords;C:\Users\GILANG AKRAM\Katalon Studio\Project-PickMe\bin\listener;C:\Users\GILANG AKRAM\Katalon Studio\Project-PickMe\Test Listeners;C:\Users\GILANG AKRAM\Katalon Studio\Project-PickMe\bin\lib;C:\Users\GILANG AKRAM\Katalon Studio\Project-PickMe\Libs;C:\Users\GILANG AKRAM\Katalon Studio\Project-PickMe\bin\groovy;C:\Users\GILANG AKRAM\Katalon Studio\Project-PickMe\Include\scripts\groovy;C:\Users\GILANG AKRAM\Downloads\Katalon_Studio_Free_Windows_64-9.4.0\Katalon_Studio_Free_Windows_64-9.4.0\plugins\com.kms.katalon.core_1.0.0.202404040723.jar;C:\Users\GILANG AKRAM\Downloads\Katalon_Studio_Free_Windows_64-9.4.0\Katalon_Studio_Free_Windows_64-9.4.0\configuration\resources\lib\aalto-xml-1.0.0.jar;C:\Users\GILANG AKRAM\Downloads\Katalon_Studio_Free_Windows_64-9.4.0\Katalon_Studio_Free_Windows_64-9.4.0\configuration\resources\lib\aspectjweaver-1.9.1.jar;C:\Users\GILANG AKRAM\Downloads\Katalon_Studio_Free_Windows_64-9.4.0\Katalon_Studio_Free_Windows_64-9.4.0\configuration\resources\lib\bcpkix-jdk15on-1.64.jar;C:\Users\GILANG AKRAM\Downloads\Katalon_Studio_Free_Windows_64-9.4.0\Katalon_Studio_Free_Windows_64-9.4.0\configuration\resources\lib\bcprov-jdk15on-1.64.jar;C:\Users\GILANG AKRAM\Downloads\Katalon_Studio_Free_Windows_64-9.4.0\Katalon_Studio_Free_Windows_64-9.4.0\configuration\resources\lib\browsermob-core-2.1.5.jar;C:\Users\GILANG AKRAM\Downloads\Katalon_Studio_Free_Windows_64-9.4.0\Katalon_Studio_Free_Windows_64-9.4.0\configuration\resources\lib\byte-buddy-1.14.3.jar;C:\Users\GILANG AKRAM\Downloads\Katalon_Studio_Free_Windows_64-9.4.0\Katalon_Studio_Free_Windows_64-9.4.0\configuration\resources\lib\byte-buddy-agent-1.14.3.jar;C:\Users\GILANG AKRAM\Downloads\Katalon_Studio_Free_Windows_64-9.4.0\Katalon_Studio_Free_Windows_64-9.4.0\configuration\resources\lib\cglib-3.2.10.jar;C:\Users\GILANG AKRAM\Downloads\Katalon_Studio_Free_Windows_64-9.4.0\Katalon_Studio_Free_Windows_64-9.4.0\configuration\resources\lib\commons-codec-1.10.jar;C:\Users\GILANG AKRAM\Downloads\Katalon_Studio_Free_Windows_64-9.4.0\Katalon_Studio_Free_Windows_64-9.4.0\configuration\resources\lib\commons-collections4-4.1.jar;C:\Users\GILANG AKRAM\Downloads\Katalon_Studio_Free_Windows_64-9.4.0\Katalon_Studio_Free_Windows_64-9.4.0\configuration\resources\lib\commons-validator-1.6.jar;C:\Users\GILANG AKRAM\Downloads\Katalon_Studio_Free_Windows_64-9.4.0\Katalon_Studio_Free_Windows_64-9.4.0\configuration\resources\lib\curvesapi-1.04.jar;C:\Users\GILANG AKRAM\Downloads\Katalon_Studio_Free_Windows_64-9.4.0\Katalon_Studio_Free_Windows_64-9.4.0\configuration\resources\lib\dnsjava-2.1.8.jar;C:\Users\GILANG AKRAM\Downloads\Katalon_Studio_Free_Windows_64-9.4.0\Katalon_Studio_Free_Windows_64-9.4.0\configuration\resources\lib\groovy-ant-3.0.17.jar;C:\Users\GILANG AKRAM\Downloads\Katalon_Studio_Free_Windows_64-9.4.0\Katalon_Studio_Free_Windows_64-9.4.0\configuration\resources\lib\groovy-astbuilder-3.0.17.jar;C:\Users\GILANG AKRAM\Downloads\Katalon_Studio_Free_Windows_64-9.4.0\Katalon_Studio_Free_Windows_64-9.4.0\configuration\resources\lib\groovy-cli-picocli-3.0.17.jar;C:\Users\GILANG AKRAM\Downloads\Katalon_Studio_Free_Windows_64-9.4.0\Katalon_Studio_Free_Windows_64-9.4.0\configuration\resources\lib\groovy-console-3.0.17.jar;C:\Users\GILANG AKRAM\Downloads\Katalon_Studio_Free_Windows_64-9.4.0\Katalon_Studio_Free_Windows_64-9.4.0\configuration\resources\lib\groovy-datetime-3.0.17.jar;C:\Users\GILANG AKRAM\Downloads\Katalon_Studio_Free_Windows_64-9.4.0\Katalon_Studio_Free_Windows_64-9.4.0\configuration\resources\lib\groovy-dateutil-3.0.17.jar;C:\Users\GILANG AKRAM\Downloads\Katalon_Studio_Free_Windows_64-9.4.0\Katalon_Studio_Free_Windows_64-9.4.0\configuration\resources\lib\groovy-docgenerator-3.0.17.jar;C:\Users\GILANG AKRAM\Downloads\Katalon_Studio_Free_Windows_64-9.4.0\Katalon_Studio_Free_Windows_64-9.4.0\configuration\resources\lib\groovy-groovydoc-3.0.17.jar;C:\Users\GILANG AKRAM\Downloads\Katalon_Studio_Free_Windows_64-9.4.0\Katalon_Studio_Free_Windows_64-9.4.0\configuration\resources\lib\groovy-groovysh-3.0.17.jar;C:\Users\GILANG AKRAM\Downloads\Katalon_Studio_Free_Windows_64-9.4.0\Katalon_Studio_Free_Windows_64-9.4.0\configuration\resources\lib\groovy-jmx-3.0.17.jar;C:\Users\GILANG AKRAM\Downloads\Katalon_Studio_Free_Windows_64-9.4.0\Katalon_Studio_Free_Windows_64-9.4.0\configuration\resources\lib\groovy-json-3.0.17.jar;C:\Users\GILANG AKRAM\Downloads\Katalon_Studio_Free_Windows_64-9.4.0\Katalon_Studio_Free_Windows_64-9.4.0\configuration\resources\lib\groovy-jsr223-3.0.17.jar;C:\Users\GILANG AKRAM\Downloads\Katalon_Studio_Free_Windows_64-9.4.0\Katalon_Studio_Free_Windows_64-9.4.0\configuration\resources\lib\groovy-macro-3.0.17.jar;C:\Users\GILANG AKRAM\Downloads\Katalon_Studio_Free_Windows_64-9.4.0\Katalon_Studio_Free_Windows_64-9.4.0\configuration\resources\lib\groovy-nio-3.0.17.jar;C:\Users\GILANG AKRAM\Downloads\Katalon_Studio_Free_Windows_64-9.4.0\Katalon_Studio_Free_Windows_64-9.4.0\configuration\resources\lib\groovy-servlet-3.0.17.jar;C:\Users\GILANG AKRAM\Downloads\Katalon_Studio_Free_Windows_64-9.4.0\Katalon_Studio_Free_Windows_64-9.4.0\configuration\resources\lib\groovy-sql-3.0.17.jar;C:\Users\GILANG AKRAM\Downloads\Katalon_Studio_Free_Windows_64-9.4.0\Katalon_Studio_Free_Windows_64-9.4.0\configuration\resources\lib\groovy-swing-3.0.17.jar;C:\Users\GILANG AKRAM\Downloads\Katalon_Studio_Free_Windows_64-9.4.0\Katalon_Studio_Free_Windows_64-9.4.0\configuration\resources\lib\groovy-templates-3.0.17.jar;C:\Users\GILANG AKRAM\Downloads\Katalon_Studio_Free_Windows_64-9.4.0\Katalon_Studio_Free_Windows_64-9.4.0\configuration\resources\lib\groovy-test-3.0.17.jar;C:\Users\GILANG AKRAM\Downloads\Katalon_Studio_Free_Windows_64-9.4.0\Katalon_Studio_Free_Windows_64-9.4.0\configuration\resources\lib\groovy-test-junit5-3.0.17.jar;C:\Users\GILANG AKRAM\Downloads\Katalon_Studio_Free_Windows_64-9.4.0\Katalon_Studio_Free_Windows_64-9.4.0\configuration\resources\lib\groovy-testng-3.0.17.jar;C:\Users\GILANG AKRAM\Downloads\Katalon_Studio_Free_Windows_64-9.4.0\Katalon_Studio_Free_Windows_64-9.4.0\configuration\resources\lib\groovy-xml-3.0.17.jar;C:\Users\GILANG AKRAM\Downloads\Katalon_Studio_Free_Windows_64-9.4.0\Katalon_Studio_Free_Windows_64-9.4.0\configuration\resources\lib\java-client-7.0.0.jar;C:\Users\GILANG AKRAM\Downloads\Katalon_Studio_Free_Windows_64-9.4.0\Katalon_Studio_Free_Windows_64-9.4.0\configuration\resources\lib\javax.servlet-api_3.1.0.jar;C:\Users\GILANG AKRAM\Downloads\Katalon_Studio_Free_Windows_64-9.4.0\Katalon_Studio_Free_Windows_64-9.4.0\configuration\resources\lib\jna-5.12.1.jar;C:\Users\GILANG AKRAM\Downloads\Katalon_Studio_Free_Windows_64-9.4.0\Katalon_Studio_Free_Windows_64-9.4.0\configuration\resources\lib\jna-platform-5.12.1.jar;C:\Users\GILANG AKRAM\Downloads\Katalon_Studio_Free_Windows_64-9.4.0\Katalon_Studio_Free_Windows_64-9.4.0\configuration\resources\lib\jzlib-1.1.3.jar;C:\Users\GILANG AKRAM\Downloads\Katalon_Studio_Free_Windows_64-9.4.0\Katalon_Studio_Free_Windows_64-9.4.0\configuration\resources\lib\kat-server.jar;C:\Users\GILANG AKRAM\Downloads\Katalon_Studio_Free_Windows_64-9.4.0\Katalon_Studio_Free_Windows_64-9.4.0\configuration\resources\lib\littleproxy-1.1.0-beta-bmp-17.jar;C:\Users\GILANG AKRAM\Downloads\Katalon_Studio_Free_Windows_64-9.4.0\Katalon_Studio_Free_Windows_64-9.4.0\configuration\resources\lib\log4j-1.2-api-2.17.1.jar;C:\Users\GILANG AKRAM\Downloads\Katalon_Studio_Free_Windows_64-9.4.0\Katalon_Studio_Free_Windows_64-9.4.0\configuration\resources\lib\log4j-api-2.17.1.jar;C:\Users\GILANG AKRAM\Downloads\Katalon_Studio_Free_Windows_64-9.4.0\Katalon_Studio_Free_Windows_64-9.4.0\configuration\resources\lib\log4j-core-2.17.1.jar;C:\Users\GILANG AKRAM\Downloads\Katalon_Studio_Free_Windows_64-9.4.0\Katalon_Studio_Free_Windows_64-9.4.0\configuration\resources\lib\mitm-2.1.5.jar;C:\Users\GILANG AKRAM\Downloads\Katalon_Studio_Free_Windows_64-9.4.0\Katalon_Studio_Free_Windows_64-9.4.0\configuration\resources\lib\mockito-core-5.2.0.jar;C:\Users\GILANG AKRAM\Downloads\Katalon_Studio_Free_Windows_64-9.4.0\Katalon_Studio_Free_Windows_64-9.4.0\configuration\resources\lib\mockito-inline-5.2.0.jar;C:\Users\GILANG AKRAM\Downloads\Katalon_Studio_Free_Windows_64-9.4.0\Katalon_Studio_Free_Windows_64-9.4.0\configuration\resources\lib\netty-all-4.1.70.Final.jar;C:\Users\GILANG AKRAM\Downloads\Katalon_Studio_Free_Windows_64-9.4.0\Katalon_Studio_Free_Windows_64-9.4.0\configuration\resources\lib\objenesis-3.3.jar;C:\Users\GILANG AKRAM\Downloads\Katalon_Studio_Free_Windows_64-9.4.0\Katalon_Studio_Free_Windows_64-9.4.0\configuration\resources\lib\poi-3.17.jar;C:\Users\GILANG AKRAM\Downloads\Katalon_Studio_Free_Windows_64-9.4.0\Katalon_Studio_Free_Windows_64-9.4.0\configuration\resources\lib\poi-ooxml-3.17.jar;C:\Users\GILANG AKRAM\Downloads\Katalon_Studio_Free_Windows_64-9.4.0\Katalon_Studio_Free_Windows_64-9.4.0\configuration\resources\lib\poi-ooxml-schemas-3.17.jar;C:\Users\GILANG AKRAM\Downloads\Katalon_Studio_Free_Windows_64-9.4.0\Katalon_Studio_Free_Windows_64-9.4.0\configuration\resources\lib\proxy-vole-1.0.4-SNAPSHOT-jar-with-dependencies.jar;C:\Users\GILANG AKRAM\Downloads\Katalon_Studio_Free_Windows_64-9.4.0\Katalon_Studio_Free_Windows_64-9.4.0\configuration\resources\lib\repackaged-sikuli-api-1.0.2-standalone.jar;C:\Users\GILANG AKRAM\Downloads\Katalon_Studio_Free_Windows_64-9.4.0\Katalon_Studio_Free_Windows_64-9.4.0\configuration\resources\lib\selenium-leg-rc-3.141.59.jar;C:\Users\GILANG AKRAM\Downloads\Katalon_Studio_Free_Windows_64-9.4.0\Katalon_Studio_Free_Windows_64-9.4.0\configuration\resources\lib\selenium-server-standalone-3.141.59.jar;C:\Users\GILANG AKRAM\Downloads\Katalon_Studio_Free_Windows_64-9.4.0\Katalon_Studio_Free_Windows_64-9.4.0\configuration\resources\lib\selenium-shutterbug-1.1.jar;C:\Users\GILANG AKRAM\Downloads\Katalon_Studio_Free_Windows_64-9.4.0\Katalon_Studio_Free_Windows_64-9.4.0\configuration\resources\lib\slf4j-api-1.7.25.jar;C:\Users\GILANG AKRAM\Downloads\Katalon_Studio_Free_Windows_64-9.4.0\Katalon_Studio_Free_Windows_64-9.4.0\configuration\resources\lib\soap-builder-1.0.0.jar;C:\Users\GILANG AKRAM\Downloads\Katalon_Studio_Free_Windows_64-9.4.0\Katalon_Studio_Free_Windows_64-9.4.0\configuration\resources\lib\soap-common-1.0.0.jar;C:\Users\GILANG AKRAM\Downloads\Katalon_Studio_Free_Windows_64-9.4.0\Katalon_Studio_Free_Windows_64-9.4.0\configuration\resources\lib\soap-legacy-1.0.0.jar;C:\Users\GILANG AKRAM\Downloads\Katalon_Studio_Free_Windows_64-9.4.0\Katalon_Studio_Free_Windows_64-9.4.0\configuration\resources\lib\spring-context-5.3.19.jar;C:\Users\GILANG AKRAM\Downloads\Katalon_Studio_Free_Windows_64-9.4.0\Katalon_Studio_Free_Windows_64-9.4.0\configuration\resources\lib\stax2-api-4.0.0.jar;C:\Users\GILANG AKRAM\Downloads\Katalon_Studio_Free_Windows_64-9.4.0\Katalon_Studio_Free_Windows_64-9.4.0\configuration\resources\lib\su.jar;C:\Users\GILANG AKRAM\Downloads\Katalon_Studio_Free_Windows_64-9.4.0\Katalon_Studio_Free_Windows_64-9.4.0\configuration\resources\lib\testng-7.8.0.jar;C:\Users\GILANG AKRAM\Downloads\Katalon_Studio_Free_Windows_64-9.4.0\Katalon_Studio_Free_Windows_64-9.4.0\configuration\resources\lib\wadl.jar;C:\Users\GILANG AKRAM\Downloads\Katalon_Studio_Free_Windows_64-9.4.0\Katalon_Studio_Free_Windows_64-9.4.0\configuration\resources\lib\xmlbeans-3.1.0.jar;C:\Users\GILANG AKRAM\Downloads\Katalon_Studio_Free_Windows_64-9.4.0\Katalon_Studio_Free_Windows_64-9.4.0\plugins\net.sf.supercsv.super-csv_2.1.0.jar;C:\Users\GILANG AKRAM\Downloads\Katalon_Studio_Free_Windows_64-9.4.0\Katalon_Studio_Free_Windows_64-9.4.0\plugins\org.apache.commons.io_2.4.0.jar;C:\Users\GILANG AKRAM\Downloads\Katalon_Studio_Free_Windows_64-9.4.0\Katalon_Studio_Free_Windows_64-9.4.0\plugins\org.apache.commons.lang_2.6.0.jar;C:\Users\GILANG AKRAM\Downloads\Katalon_Studio_Free_Windows_64-9.4.0\Katalon_Studio_Free_Windows_64-9.4.0\plugins\com.google.gson_2.10.1.v20230109-0753.jar;C:\Users\GILANG AKRAM\Downloads\Katalon_Studio_Free_Windows_64-9.4.0\Katalon_Studio_Free_Windows_64-9.4.0\plugins\org.jsoup_1.14.3.jar;C:\Users\GILANG AKRAM\Downloads\Katalon_Studio_Free_Windows_64-9.4.0\Katalon_Studio_Free_Windows_64-9.4.0\plugins\org.apache.commons.dbutils_1.6.0.jar;C:\Users\GILANG AKRAM\Downloads\Katalon_Studio_Free_Windows_64-9.4.0\Katalon_Studio_Free_Windows_64-9.4.0\plugins\com.oracle.jdbc.ojdbc7_12.1.0.2.jar;C:\Users\GILANG AKRAM\Downloads\Katalon_Studio_Free_Windows_64-9.4.0\Katalon_Studio_Free_Windows_64-9.4.0\plugins\org.postgresql.jdbc_42.4.1.jar;c:\Users\GILANG AKRAM\Downloads\Katalon_Studio_Free_Windows_64-9.4.0\Katalon_Studio_Free_Windows_64-9.4.0\plugins\org.eclipse.osgi_3.18.300.v20230220-1352.jar;C:\Users\GILANG AKRAM\Downloads\Katalon_Studio_Free_Windows_64-9.4.0\Katalon_Studio_Free_Windows_64-9.4.0\plugins\com.kms.katalon.constant_1.0.0.202404040723.jar;C:\Users\GILANG AKRAM\Downloads\Katalon_Studio_Free_Windows_64-9.4.0\Katalon_Studio_Free_Windows_64-9.4.0\plugins\org.eclipse.persistence.eclipselink_2.7.11.jar;C:\Users\GILANG AKRAM\Downloads\Katalon_Studio_Free_Windows_64-9.4.0\Katalon_Studio_Free_Windows_64-9.4.0\plugins\com.kms.katalon.selenium-standalone_1.0.0.202404040723.jar;C:\Users\GILANG AKRAM\Downloads\Katalon_Studio_Free_Windows_64-9.4.0\Katalon_Studio_Free_Windows_64-9.4.0\plugins\atu.testrecorder.screen-recorder_2.1.0.jar;C:\Users\GILANG AKRAM\Downloads\Katalon_Studio_Free_Windows_64-9.4.0\Katalon_Studio_Free_Windows_64-9.4.0\plugins\com.google.guava_23.0.0.jar;C:\Users\GILANG AKRAM\Downloads\Katalon_Studio_Free_Windows_64-9.4.0\Katalon_Studio_Free_Windows_64-9.4.0\plugins\com.kms.katalon.util_1.0.0.202404040723.jar;C:\Users\GILANG AKRAM\Downloads\Katalon_Studio_Free_Windows_64-9.4.0\Katalon_Studio_Free_Windows_64-9.4.0\plugins\org.apache.httpcomponents.httpclient_4.5.14.v20221207-1049.jar;C:\Users\GILANG AKRAM\Downloads\Katalon_Studio_Free_Windows_64-9.4.0\Katalon_Studio_Free_Windows_64-9.4.0\plugins\org.apache.httpcomponents.httpcore_4.4.16.v20221207-1049.jar;C:\Users\GILANG AKRAM\Downloads\Katalon_Studio_Free_Windows_64-9.4.0\Katalon_Studio_Free_Windows_64-9.4.0\plugins\org.apache.httpcomponents.httpmime_4.5.1.jar;C:\Users\GILANG AKRAM\Downloads\Katalon_Studio_Free_Windows_64-9.4.0\Katalon_Studio_Free_Windows_64-9.4.0\plugins\org.apache.commons.lang3_3.7.0.jar;C:\Users\GILANG AKRAM\Downloads\Katalon_Studio_Free_Windows_64-9.4.0\Katalon_Studio_Free_Windows_64-9.4.0\plugins\org.greenrobot.eventbus_3.1.1.jar;C:\Users\GILANG AKRAM\Downloads\Katalon_Studio_Free_Windows_64-9.4.0\Katalon_Studio_Free_Windows_64-9.4.0\plugins\net.bytebuddy.byte-buddy_1.14.11.jar;C:\Users\GILANG AKRAM\Downloads\Katalon_Studio_Free_Windows_64-9.4.0\Katalon_Studio_Free_Windows_64-9.4.0\plugins\org.junit_4.13.2.v20211018-1956.jar;C:\Users\GILANG AKRAM\Downloads\Katalon_Studio_Free_Windows_64-9.4.0\Katalon_Studio_Free_Windows_64-9.4.0\plugins\com.fasterxml.jackson.core.jackson-databind_2.14.0.jar;C:\Users\GILANG AKRAM\Downloads\Katalon_Studio_Free_Windows_64-9.4.0\Katalon_Studio_Free_Windows_64-9.4.0\plugins\com.fasterxml.jackson.core.jackson-core_2.14.0.jar;C:\Users\GILANG AKRAM\Downloads\Katalon_Studio_Free_Windows_64-9.4.0\Katalon_Studio_Free_Windows_64-9.4.0\plugins\com.fasterxml.jackson.core.jackson-annotations_2.14.0.jar;C:\Users\GILANG AKRAM\Downloads\Katalon_Studio_Free_Windows_64-9.4.0\Katalon_Studio_Free_Windows_64-9.4.0\plugins\ch.qos.logback.classic_1.2.3.jar;C:\Users\GILANG AKRAM\Downloads\Katalon_Studio_Free_Windows_64-9.4.0\Katalon_Studio_Free_Windows_64-9.4.0\plugins\ch.qos.logback.core_1.2.3.jar;C:\Users\GILANG AKRAM\Downloads\Katalon_Studio_Free_Windows_64-9.4.0\Katalon_Studio_Free_Windows_64-9.4.0\plugins\slf4j.api_1.7.36.jar;C:\Users\GILANG AKRAM\Downloads\Katalon_Studio_Free_Windows_64-9.4.0\Katalon_Studio_Free_Windows_64-9.4.0\plugins\org.fusesource.jansi_1.17.1.jar;C:\Users\GILANG AKRAM\Downloads\Katalon_Studio_Free_Windows_64-9.4.0\Katalon_Studio_Free_Windows_64-9.4.0\plugins\com.kms.katalon.netlightbody_1.0.0.202404040723.jar;C:\Users\GILANG AKRAM\Downloads\Katalon_Studio_Free_Windows_64-9.4.0\Katalon_Studio_Free_Windows_64-9.4.0\plugins\com.kms.katalon.poi_1.0.0.202404040723.jar;C:\Users\GILANG AKRAM\Downloads\Katalon_Studio_Free_Windows_64-9.4.0\Katalon_Studio_Free_Windows_64-9.4.0\plugins\org.apache.commons.commons-text_1.10.0.jar;C:\Users\GILANG AKRAM\Downloads\Katalon_Studio_Free_Windows_64-9.4.0\Katalon_Studio_Free_Windows_64-9.4.0\plugins\com.kms.katalon.proxyvole_1.0.0.202404040723.jar;C:\Users\GILANG AKRAM\Downloads\Katalon_Studio_Free_Windows_64-9.4.0\Katalon_Studio_Free_Windows_64-9.4.0\plugins\com.microsoft.sqlserver.mssql-jdbc_6.2.2.jre8.jar;C:\Users\GILANG AKRAM\Downloads\Katalon_Studio_Free_Windows_64-9.4.0\Katalon_Studio_Free_Windows_64-9.4.0\plugins\com.github.kklisura.cdt.java-client_2.1.0.jar;C:\Users\GILANG AKRAM\Downloads\Katalon_Studio_Free_Windows_64-9.4.0\Katalon_Studio_Free_Windows_64-9.4.0\plugins\javax.websocket-api_1.1.0.jar;C:\Users\GILANG AKRAM\Downloads\Katalon_Studio_Free_Windows_64-9.4.0\Katalon_Studio_Free_Windows_64-9.4.0\plugins\org.glassfish.tyrus.container-grizzly-client_1.13.1.jar;C:\Users\GILANG AKRAM\Downloads\Katalon_Studio_Free_Windows_64-9.4.0\Katalon_Studio_Free_Windows_64-9.4.0\plugins\org.glassfish.grizzly.http-server_2.3.25.jar;C:\Users\GILANG AKRAM\Downloads\Katalon_Studio_Free_Windows_64-9.4.0\Katalon_Studio_Free_Windows_64-9.4.0\plugins\org.glassfish.grizzly.framework_2.3.25.jar;C:\Users\GILANG AKRAM\Downloads\Katalon_Studio_Free_Windows_64-9.4.0\Katalon_Studio_Free_Windows_64-9.4.0\plugins\org.glassfish.grizzly.http_2.3.25.jar;C:\Users\GILANG AKRAM\Downloads\Katalon_Studio_Free_Windows_64-9.4.0\Katalon_Studio_Free_Windows_64-9.4.0\plugins\org.glassfish.tyrus.client_1.13.1.jar;C:\Users\GILANG AKRAM\Downloads\Katalon_Studio_Free_Windows_64-9.4.0\Katalon_Studio_Free_Windows_64-9.4.0\plugins\org.glassfish.tyrus.core_1.13.1.jar;C:\Users\GILANG AKRAM\Downloads\Katalon_Studio_Free_Windows_64-9.4.0\Katalon_Studio_Free_Windows_64-9.4.0\plugins\org.glassfish.tyrus.spi_1.13.1.jar;C:\Users\GILANG AKRAM\Downloads\Katalon_Studio_Free_Windows_64-9.4.0\Katalon_Studio_Free_Windows_64-9.4.0\plugins\javassist_3.28.0.GA.jar;C:\Users\GILANG AKRAM\Downloads\Katalon_Studio_Free_Windows_64-9.4.0\Katalon_Studio_Free_Windows_64-9.4.0\plugins\com.graphql-java_16.2.0.jar;C:\Users\GILANG AKRAM\Downloads\Katalon_Studio_Free_Windows_64-9.4.0\Katalon_Studio_Free_Windows_64-9.4.0\plugins\org.glassfish.jaxb.runtime_2.3.6.jar;C:\Users\GILANG AKRAM\Downloads\Katalon_Studio_Free_Windows_64-9.4.0\Katalon_Studio_Free_Windows_64-9.4.0\plugins\org.glassfish.jaxb.txw2_2.3.6.jar;C:\Users\GILANG AKRAM\Downloads\Katalon_Studio_Free_Windows_64-9.4.0\Katalon_Studio_Free_Windows_64-9.4.0\plugins\org.dom4j_1.6.1.v201312101416.jar;C:\Users\GILANG AKRAM\Downloads\Katalon_Studio_Free_Windows_64-9.4.0\Katalon_Studio_Free_Windows_64-9.4.0\plugins\com.kms.katalon.groovy-extended_1.0.0.202404040723.jar;C:\Users\GILANG AKRAM\Downloads\Katalon_Studio_Free_Windows_64-9.4.0\Katalon_Studio_Free_Windows_64-9.4.0\plugins\com.sun.activation.javax.activation_1.2.0.jar;C:\Users\GILANG AKRAM\Downloads\Katalon_Studio_Free_Windows_64-9.4.0\Katalon_Studio_Free_Windows_64-9.4.0\plugins\jakarta.xml.bind-api_2.3.3.jar;C:\Users\GILANG AKRAM\Downloads\Katalon_Studio_Free_Windows_64-9.4.0\Katalon_Studio_Free_Windows_64-9.4.0\plugins\com.sun.xml.bind.jaxb-impl_2.3.6.jar;C:\Users\GILANG AKRAM\Downloads\Katalon_Studio_Free_Windows_64-9.4.0\Katalon_Studio_Free_Windows_64-9.4.0\plugins\org.eclipse.jface_3.29.0.v20230214-1401.jar;C:\Users\GILANG AKRAM\Downloads\Katalon_Studio_Free_Windows_64-9.4.0\Katalon_Studio_Free_Windows_64-9.4.0\plugins\com.kms.katalon.logging_1.0.0.202404040723.jar;C:\Users\GILANG AKRAM\Downloads\Katalon_Studio_Free_Windows_64-9.4.0\Katalon_Studio_Free_Windows_64-9.4.0\plugins\org.json_20140107.0.0.jar;C:\Users\GILANG AKRAM\Downloads\Katalon_Studio_Free_Windows_64-9.4.0\Katalon_Studio_Free_Windows_64-9.4.0\plugins\assertj-core_3.25.3.jar;C:\Users\GILANG AKRAM\Downloads\Katalon_Studio_Free_Windows_64-9.4.0\Katalon_Studio_Free_Windows_64-9.4.0\plugins\org.apache.commons.logging_1.2.0.v20180409-1502.jar;C:\Users\GILANG AKRAM\Downloads\Katalon_Studio_Free_Windows_64-9.4.0\Katalon_Studio_Free_Windows_64-9.4.0\plugins\org.hamcrest.core_1.3.0.v20180420-1519.jar;C:\Users\GILANG AKRAM\Downloads\Katalon_Studio_Free_Windows_64-9.4.0\Katalon_Studio_Free_Windows_64-9.4.0\plugins\org.beanshell.bsh_2.0.0.0b4.jar;C:\Users\GILANG AKRAM\Downloads\Katalon_Studio_Free_Windows_64-9.4.0\Katalon_Studio_Free_Windows_64-9.4.0\plugins\org.apache.ant.launcher_1.9.6.jar;C:\Users\GILANG AKRAM\Downloads\Katalon_Studio_Free_Windows_64-9.4.0\Katalon_Studio_Free_Windows_64-9.4.0\plugins\com.kms.katalon.core.appium_1.0.0.202404040723.jar;C:\Users\GILANG AKRAM\Downloads\Katalon_Studio_Free_Windows_64-9.4.0\Katalon_Studio_Free_Windows_64-9.4.0\plugins\org.eclipse.equinox.common_3.17.100.v20230202-1341.jar;C:\Users\GILANG AKRAM\Downloads\Katalon_Studio_Free_Windows_64-9.4.0\Katalon_Studio_Free_Windows_64-9.4.0\plugins\com.kms.katalon.core.webui_1.0.0.202404040723.jar;C:\Users\GILANG AKRAM\Downloads\Katalon_Studio_Free_Windows_64-9.4.0\Katalon_Studio_Free_Windows_64-9.4.0\plugins\org.eclipse.e4.core.contexts_1.11.0.v20220716-0839.jar;C:\Users\GILANG AKRAM\Downloads\Katalon_Studio_Free_Windows_64-9.4.0\Katalon_Studio_Free_Windows_64-9.4.0\plugins\org.eclipse.e4.core.services_2.3.400.v20220915-1347.jar;C:\Users\GILANG AKRAM\Downloads\Katalon_Studio_Free_Windows_64-9.4.0\Katalon_Studio_Free_Windows_64-9.4.0\plugins\com.kms.katalon.core.mobile_1.0.0.202404040723.jar;C:\Users\GILANG AKRAM\Downloads\Katalon_Studio_Free_Windows_64-9.4.0\Katalon_Studio_Free_Windows_64-9.4.0\plugins\org.apache.commons.commons-validator_1.7.0.jar;C:\Users\GILANG AKRAM\Downloads\Katalon_Studio_Free_Windows_64-9.4.0\Katalon_Studio_Free_Windows_64-9.4.0\plugins\com.kms.katalon.core.cucumber_1.0.0.202404040723.jar;C:\Users\GILANG AKRAM\Downloads\Katalon_Studio_Free_Windows_64-9.4.0\Katalon_Studio_Free_Windows_64-9.4.0\plugins\io.cucumber.core_3.0.2.jar;C:\Users\GILANG AKRAM\Downloads\Katalon_Studio_Free_Windows_64-9.4.0\Katalon_Studio_Free_Windows_64-9.4.0\plugins\io.cucumber.datatable_1.0.3.jar;C:\Users\GILANG AKRAM\Downloads\Katalon_Studio_Free_Windows_64-9.4.0\Katalon_Studio_Free_Windows_64-9.4.0\plugins\io.cucumber.datatable-dependencies_1.0.3.jar;C:\Users\GILANG AKRAM\Downloads\Katalon_Studio_Free_Windows_64-9.4.0\Katalon_Studio_Free_Windows_64-9.4.0\plugins\io.cucumber.expressions_5.0.19.jar;C:\Users\GILANG AKRAM\Downloads\Katalon_Studio_Free_Windows_64-9.4.0\Katalon_Studio_Free_Windows_64-9.4.0\plugins\io.cucumber.gherkin_5.0.0.jar;C:\Users\GILANG AKRAM\Downloads\Katalon_Studio_Free_Windows_64-9.4.0\Katalon_Studio_Free_Windows_64-9.4.0\plugins\io.cucumber.html_0.2.7.jar;C:\Users\GILANG AKRAM\Downloads\Katalon_Studio_Free_Windows_64-9.4.0\Katalon_Studio_Free_Windows_64-9.4.0\plugins\io.cucumber.java_3.0.2.jar;C:\Users\GILANG AKRAM\Downloads\Katalon_Studio_Free_Windows_64-9.4.0\Katalon_Studio_Free_Windows_64-9.4.0\plugins\io.cucumber.tag-expressions_1.1.1.jar;C:\Users\GILANG AKRAM\Downloads\Katalon_Studio_Free_Windows_64-9.4.0\Katalon_Studio_Free_Windows_64-9.4.0\plugins\io.cucumber.junit_3.0.2.jar;C:\Users\GILANG AKRAM\Downloads\Katalon_Studio_Free_Windows_64-9.4.0\Katalon_Studio_Free_Windows_64-9.4.0\plugins\com.kms.katalon.core.webservice_1.0.0.202404040723.jar;C:\Users\GILANG AKRAM\Downloads\Katalon_Studio_Free_Windows_64-9.4.0\Katalon_Studio_Free_Windows_64-9.4.0\plugins\wsdl4j_1.6.2.jar;C:\Users\GILANG AKRAM\Downloads\Katalon_Studio_Free_Windows_64-9.4.0\Katalon_Studio_Free_Windows_64-9.4.0\plugins\com.google.oauth-client.google-oauth-client_1.22.0.jar;C:\Users\GILANG AKRAM\Downloads\Katalon_Studio_Free_Windows_64-9.4.0\Katalon_Studio_Free_Windows_64-9.4.0\plugins\com.google.http-client.google-http-client_1.22.0.jar;C:\Users\GILANG AKRAM\Downloads\Katalon_Studio_Free_Windows_64-9.4.0\Katalon_Studio_Free_Windows_64-9.4.0\plugins\ca.juliusdavies.not-yet-commons-ssl_0.3.11.jar;C:\Users\GILANG AKRAM\Downloads\Katalon_Studio_Free_Windows_64-9.4.0\Katalon_Studio_Free_Windows_64-9.4.0\plugins\com.kms.katalon.preferences_1.0.0.202404040723.jar;C:\Users\GILANG AKRAM\Downloads\Katalon_Studio_Free_Windows_64-9.4.0\Katalon_Studio_Free_Windows_64-9.4.0\plugins\org.apache.xmlbeans_3.1.0.jar;C:\Users\GILANG AKRAM\Downloads\Katalon_Studio_Free_Windows_64-9.4.0\Katalon_Studio_Free_Windows_64-9.4.0\plugins\com.kms.katalon.entity_1.0.0.202404040723.jar;C:\Users\GILANG AKRAM\Downloads\Katalon_Studio_Free_Windows_64-9.4.0\Katalon_Studio_Free_Windows_64-9.4.0\plugins\org.antlr.antlr4-runtime_4.8.0.jar;C:\Users\GILANG AKRAM\Downloads\Katalon_Studio_Free_Windows_64-9.4.0\Katalon_Studio_Free_Windows_64-9.4.0\plugins\com.networknt.json-schema-validator_1.0.66.jar;C:\Users\GILANG AKRAM\Downloads\Katalon_Studio_Free_Windows_64-9.4.0\Katalon_Studio_Free_Windows_64-9.4.0\plugins\jakarta.xml.ws-api_2.3.3.jar;C:\Users\GILANG AKRAM\Downloads\Katalon_Studio_Free_Windows_64-9.4.0\Katalon_Studio_Free_Windows_64-9.4.0\plugins\javax.xml.soap-api_1.4.0.jar;C:\Users\GILANG AKRAM\Downloads\Katalon_Studio_Free_Windows_64-9.4.0\Katalon_Studio_Free_Windows_64-9.4.0\plugins\com.kms.katalon.core.windows_1.0.0.202404040723.jar;C:\Users\GILANG AKRAM\Downloads\Katalon_Studio_Free_Windows_64-9.4.0\Katalon_Studio_Free_Windows_64-9.4.0\plugins\com.kms.katalon.core.testng_1.0.0.202404040723.jar;C:\Users\GILANG AKRAM\Downloads\Katalon_Studio_Free_Windows_64-9.4.0\Katalon_Studio_Free_Windows_64-9.4.0\configuration\org.eclipse.osgi\28\0\.cp\resources\basic-report\katalon-studio-report-plugin.jar;C:\Users\GILANG AKRAM\Downloads\Katalon_Studio_Free_Windows_64-9.4.0\Katalon_Studio_Free_Windows_64-9.4.0\plugins\org.codehaus.groovy_3.0.17.v202303311542-e2303\lib\groovy-3.0.17-indy.jar;C:\Users\GILANG AKRAM\Downloads\Katalon_Studio_Free_Windows_64-9.4.0\Katalon_Studio_Free_Windows_64-9.4.0\plugins\org.codehaus.groovy_3.0.17.v202303311542-e2303\lib\ivy-2.5.1.jar --main groovy.ui.GroovyMain --encoding UTF-8 --indy C:\Users\GILANG AKRAM\Katalon Studio\Project-PickMe\Libs\TempTestSuite1715049992003.groovy

Host: AMD Ryzen 7 4800H with Radeon Graphics         , 16 cores, 15G,  Windows 11 , 64 bit Build 22621 (10.0.22621.3527)
Time: Tue May  7 09:46:34 2024 SE Asia Standard Time elapsed time: 1.622709 seconds (0d 0h 0m 1s)

---------------  T H R E A D  ---------------

Current thread (0x00000175a384c1c0):  JavaThread "C2 CompilerThread0" daemon [_thread_in_native, id=5716, stack(0x0000003885400000,0x0000003885500000)]


Current CompileTask:
C2:   1622  961   !   4       jdk.internal.loader.URLClassPath$JarLoader::getResource (354 bytes)

Stack: [0x0000003885400000,0x0000003885500000]
Native frames: (J=compiled Java code, j=interpreted, Vv=VM code, C=native code)
V  [jvm.dll+0x67754a]
V  [jvm.dll+0x834304]
V  [jvm.dll+0x835aae]
V  [jvm.dll+0x836113]
V  [jvm.dll+0x24696f]
V  [jvm.dll+0xac0ac]
V  [jvm.dll+0xac67c]
V  [jvm.dll+0x364de2]
V  [jvm.dll+0x1bca82]
V  [jvm.dll+0x219799]
V  [jvm.dll+0x218a61]
V  [jvm.dll+0x1a4d8d]
V  [jvm.dll+0x2284da]
V  [jvm.dll+0x226615]
V  [jvm.dll+0x7ea90b]
V  [jvm.dll+0x7e4e7a]
V  [jvm.dll+0x676395]
C  [ucrtbase.dll+0x29333]
C  [KERNEL32.DLL+0x1257d]
C  [ntdll.dll+0x5aa48]


---------------  P R O C E S S  ---------------

Threads class SMR info:
_java_thread_list=0x00000175a9221730, length=17, elements={
0x0000017586a8d3c0, 0x00000175a3810de0, 0x00000175a37f3d10, 0x00000175a383b260,
0x00000175a383cb30, 0x00000175a383f400, 0x00000175a383fcc0, 0x00000175a384c1c0,
0x00000175a384ead0, 0x00000175a38517d0, 0x00000175a3b43670, 0x00000175a3b4e3c0,
0x00000175a80d5480, 0x00000175a8746b60, 0x00000175a84a0250, 0x00000175a84a1690,
0x00000175a849f830
}

Java Threads: ( => current thread )
  0x0000017586a8d3c0 JavaThread "main" [_thread_in_native, id=1188, stack(0x0000003884700000,0x0000003884800000)]
  0x00000175a3810de0 JavaThread "Reference Handler" daemon [_thread_blocked, id=6856, stack(0x0000003884e00000,0x0000003884f00000)]
  0x00000175a37f3d10 JavaThread "Finalizer" daemon [_thread_blocked, id=8048, stack(0x0000003884f00000,0x0000003885000000)]
  0x00000175a383b260 JavaThread "Signal Dispatcher" daemon [_thread_blocked, id=26536, stack(0x0000003885000000,0x0000003885100000)]
  0x00000175a383cb30 JavaThread "Attach Listener" daemon [_thread_blocked, id=8724, stack(0x0000003885100000,0x0000003885200000)]
  0x00000175a383f400 JavaThread "Service Thread" daemon [_thread_blocked, id=356, stack(0x0000003885200000,0x0000003885300000)]
  0x00000175a383fcc0 JavaThread "Monitor Deflation Thread" daemon [_thread_blocked, id=8480, stack(0x0000003885300000,0x0000003885400000)]
=>0x00000175a384c1c0 JavaThread "C2 CompilerThread0" daemon [_thread_in_native, id=5716, stack(0x0000003885400000,0x0000003885500000)]
  0x00000175a384ead0 JavaThread "C1 CompilerThread0" daemon [_thread_blocked, id=23020, stack(0x0000003885500000,0x0000003885600000)]
  0x00000175a38517d0 JavaThread "Sweeper thread" daemon [_thread_blocked, id=6744, stack(0x0000003885600000,0x0000003885700000)]
  0x00000175a3b43670 JavaThread "C1 CompilerThread1" daemon [_thread_blocked, id=2848, stack(0x0000003885700000,0x0000003885800000)]
  0x00000175a3b4e3c0 JavaThread "Common-Cleaner" daemon [_thread_blocked, id=24416, stack(0x0000003885800000,0x0000003885900000)]
  0x00000175a80d5480 JavaThread "C2 CompilerThread1" daemon [_thread_in_native, id=25468, stack(0x0000003885900000,0x0000003885a00000)]
  0x00000175a8746b60 JavaThread "Notification Thread" daemon [_thread_blocked, id=12376, stack(0x0000003885a00000,0x0000003885b00000)]
  0x00000175a84a0250 JavaThread "C2 CompilerThread2" daemon [_thread_in_native, id=26176, stack(0x0000003886000000,0x0000003886100000)]
  0x00000175a84a1690 JavaThread "C1 CompilerThread2" daemon [_thread_blocked, id=6700, stack(0x0000003886100000,0x0000003886200000)]
  0x00000175a849f830 JavaThread "C1 CompilerThread3" daemon [_thread_blocked, id=20304, stack(0x0000003886200000,0x0000003886300000)]

Other Threads:
  0x00000175a37e9620 VMThread "VM Thread" [stack: 0x0000003884d00000,0x0000003884e00000] [id=13128]
  0x00000175a89000d0 WatcherThread [stack: 0x0000003885b00000,0x0000003885c00000] [id=17764]
  0x0000017586ce9f10 GCTaskThread "GC Thread#0" [stack: 0x0000003884800000,0x0000003884900000] [id=11684]
  0x00000175a8b72790 GCTaskThread "GC Thread#1" [stack: 0x0000003885c00000,0x0000003885d00000] [id=15116]
  0x00000175a88fa4c0 GCTaskThread "GC Thread#2" [stack: 0x0000003885d00000,0x0000003885e00000] [id=11556]
  0x00000175a8bc5050 GCTaskThread "GC Thread#3" [stack: 0x0000003885e00000,0x0000003885f00000] [id=15776]
  0x00000175a8bc5300 GCTaskThread "GC Thread#4" [stack: 0x0000003885f00000,0x0000003886000000] [id=27616]
  0x0000017586cfb500 ConcurrentGCThread "G1 Main Marker" [stack: 0x0000003884900000,0x0000003884a00000] [id=10260]
  0x0000017586cfbe20 ConcurrentGCThread "G1 Conc#0" [stack: 0x0000003884a00000,0x0000003884b00000] [id=24660]
  0x00000175a296c410 ConcurrentGCThread "G1 Refine#0" [stack: 0x0000003884b00000,0x0000003884c00000] [id=24176]
  0x00000175a296cd40 ConcurrentGCThread "G1 Service" [stack: 0x0000003884c00000,0x0000003884d00000] [id=16160]

Threads with active compile tasks:
C2 CompilerThread0     1643  961   !   4       jdk.internal.loader.URLClassPath$JarLoader::getResource (354 bytes)
C2 CompilerThread1     1643 1355       4       java.lang.PublicMethods$MethodList::filter (104 bytes)
C2 CompilerThread2     1643 1334       4       jdk.internal.loader.URLClassPath::getResource (74 bytes)

VM state: not at safepoint (normal execution)

VM Mutex/Monitor currently owned by a thread: None

Heap address: 0x0000000080000000, size: 2048 MB, Compressed Oops mode: 32-bit

CDS archive(s) not mapped
Compressed class space mapped at: 0x0000000100000000-0x0000000140000000, reserved size: 1073741824
Narrow klass base: 0x0000000000000000, Narrow klass shift: 3, Narrow klass range: 0x140000000

GC Precious Log:
 CPUs: 16 total, 16 available
 Memory: 15789M
 Large Page Support: Disabled
 NUMA Support: Disabled
 Compressed Oops: Enabled (32-bit)
 Heap Region Size: 1M
 Heap Min Capacity: 8M
 Heap Initial Capacity: 248M
 Heap Max Capacity: 2G
 Pre-touch: Disabled
 Parallel Workers: 13
 Concurrent Workers: 3
 Concurrent Refinement Workers: 13
 Periodic GC: Disabled

Heap:
 garbage-first heap   total 253952K, used 24157K [0x0000000080000000, 0x0000000100000000)
  region size 1024K, 11 young (11264K), 3 survivors (3072K)
 Metaspace       used 12552K, committed 12736K, reserved 1114112K
  class space    used 1096K, committed 1216K, reserved 1048576K

Heap Regions: E=young(eden), S=young(survivor), O=old, HS=humongous(starts), HC=humongous(continues), CS=collection set, F=free, OA=open archive, CA=closed archive, TAMS=top-at-mark-start (previous, next)
|   0|0x0000000080000000, 0x0000000080100000, 0x0000000080100000|100%|HS|  |TAMS 0x0000000080000000, 0x0000000080000000| Complete 
|   1|0x0000000080100000, 0x0000000080200000, 0x0000000080200000|100%|HS|  |TAMS 0x0000000080100000, 0x0000000080100000| Complete 
|   2|0x0000000080200000, 0x0000000080300000, 0x0000000080300000|100%|HS|  |TAMS 0x0000000080200000, 0x0000000080200000| Complete 
|   3|0x0000000080300000, 0x0000000080400000, 0x0000000080400000|100%|HC|  |TAMS 0x0000000080300000, 0x0000000080300000| Complete 
|   4|0x0000000080400000, 0x0000000080500000, 0x0000000080500000|100%| O|  |TAMS 0x0000000080400000, 0x0000000080400000| Untracked 
|   5|0x0000000080500000, 0x0000000080600000, 0x0000000080600000|100%| O|  |TAMS 0x0000000080500000, 0x0000000080500000| Untracked 
|   6|0x0000000080600000, 0x0000000080700000, 0x0000000080700000|100%| O|  |TAMS 0x0000000080600000, 0x0000000080600000| Untracked 
|   7|0x0000000080700000, 0x0000000080800000, 0x0000000080800000|100%| O|  |TAMS 0x0000000080700000, 0x0000000080700000| Untracked 
|   8|0x0000000080800000, 0x0000000080900000, 0x0000000080900000|100%| O|  |TAMS 0x0000000080800000, 0x0000000080800000| Untracked 
|   9|0x0000000080900000, 0x0000000080a00000, 0x0000000080a00000|100%| O|  |TAMS 0x0000000080900000, 0x0000000080900000| Untracked 
|  10|0x0000000080a00000, 0x0000000080b00000, 0x0000000080b00000|100%| O|  |TAMS 0x0000000080a00000, 0x0000000080a00000| Untracked 
|  11|0x0000000080b00000, 0x0000000080c00000, 0x0000000080c00000|100%| O|  |TAMS 0x0000000080b00000, 0x0000000080b00000| Untracked 
|  12|0x0000000080c00000, 0x0000000080d00000, 0x0000000080d00000|100%| O|  |TAMS 0x0000000080c00000, 0x0000000080c00000| Untracked 
|  13|0x0000000080d00000, 0x0000000080e00000, 0x0000000080e00000|100%| O|  |TAMS 0x0000000080d00000, 0x0000000080d00000| Untracked 
|  14|0x0000000080e00000, 0x0000000080e2cc00, 0x0000000080f00000| 17%| O|  |TAMS 0x0000000080e00000, 0x0000000080e00000| Untracked 
|  15|0x0000000080f00000, 0x0000000080f00000, 0x0000000081000000|  0%| F|  |TAMS 0x0000000080f00000, 0x0000000080f00000| Untracked 
|  16|0x0000000081000000, 0x0000000081000000, 0x0000000081100000|  0%| F|  |TAMS 0x0000000081000000, 0x0000000081000000| Untracked 
|  17|0x0000000081100000, 0x0000000081100000, 0x0000000081200000|  0%| F|  |TAMS 0x0000000081100000, 0x0000000081100000| Untracked 
|  18|0x0000000081200000, 0x0000000081200000, 0x0000000081300000|  0%| F|  |TAMS 0x0000000081200000, 0x0000000081200000| Untracked 
|  19|0x0000000081300000, 0x0000000081300000, 0x0000000081400000|  0%| F|  |TAMS 0x0000000081300000, 0x0000000081300000| Untracked 
|  20|0x0000000081400000, 0x0000000081400000, 0x0000000081500000|  0%| F|  |TAMS 0x0000000081400000, 0x0000000081400000| Untracked 
|  21|0x0000000081500000, 0x0000000081500000, 0x0000000081600000|  0%| F|  |TAMS 0x0000000081500000, 0x0000000081500000| Untracked 
|  22|0x0000000081600000, 0x0000000081600000, 0x0000000081700000|  0%| F|  |TAMS 0x0000000081600000, 0x0000000081600000| Untracked 
|  23|0x0000000081700000, 0x0000000081700000, 0x0000000081800000|  0%| F|  |TAMS 0x0000000081700000, 0x0000000081700000| Untracked 
|  24|0x0000000081800000, 0x0000000081800000, 0x0000000081900000|  0%| F|  |TAMS 0x0000000081800000, 0x0000000081800000| Untracked 
|  25|0x0000000081900000, 0x0000000081900000, 0x0000000081a00000|  0%| F|  |TAMS 0x0000000081900000, 0x0000000081900000| Untracked 
|  26|0x0000000081a00000, 0x0000000081a00000, 0x0000000081b00000|  0%| F|  |TAMS 0x0000000081a00000, 0x0000000081a00000| Untracked 
|  27|0x0000000081b00000, 0x0000000081b00000, 0x0000000081c00000|  0%| F|  |TAMS 0x0000000081b00000, 0x0000000081b00000| Untracked 
|  28|0x0000000081c00000, 0x0000000081c00000, 0x0000000081d00000|  0%| F|  |TAMS 0x0000000081c00000, 0x0000000081c00000| Untracked 
|  29|0x0000000081d00000, 0x0000000081d00000, 0x0000000081e00000|  0%| F|  |TAMS 0x0000000081d00000, 0x0000000081d00000| Untracked 
|  30|0x0000000081e00000, 0x0000000081e00000, 0x0000000081f00000|  0%| F|  |TAMS 0x0000000081e00000, 0x0000000081e00000| Untracked 
|  31|0x0000000081f00000, 0x0000000081f00000, 0x0000000082000000|  0%| F|  |TAMS 0x0000000081f00000, 0x0000000081f00000| Untracked 
|  32|0x0000000082000000, 0x0000000082000000, 0x0000000082100000|  0%| F|  |TAMS 0x0000000082000000, 0x0000000082000000| Untracked 
|  33|0x0000000082100000, 0x0000000082100000, 0x0000000082200000|  0%| F|  |TAMS 0x0000000082100000, 0x0000000082100000| Untracked 
|  34|0x0000000082200000, 0x0000000082200000, 0x0000000082300000|  0%| F|  |TAMS 0x0000000082200000, 0x0000000082200000| Untracked 
|  35|0x0000000082300000, 0x0000000082300000, 0x0000000082400000|  0%| F|  |TAMS 0x0000000082300000, 0x0000000082300000| Untracked 
|  36|0x0000000082400000, 0x0000000082400000, 0x0000000082500000|  0%| F|  |TAMS 0x0000000082400000, 0x0000000082400000| Untracked 
|  37|0x0000000082500000, 0x0000000082500000, 0x0000000082600000|  0%| F|  |TAMS 0x0000000082500000, 0x0000000082500000| Untracked 
|  38|0x0000000082600000, 0x0000000082600000, 0x0000000082700000|  0%| F|  |TAMS 0x0000000082600000, 0x0000000082600000| Untracked 
|  39|0x0000000082700000, 0x0000000082700000, 0x0000000082800000|  0%| F|  |TAMS 0x0000000082700000, 0x0000000082700000| Untracked 
|  40|0x0000000082800000, 0x0000000082800000, 0x0000000082900000|  0%| F|  |TAMS 0x0000000082800000, 0x0000000082800000| Untracked 
|  41|0x0000000082900000, 0x0000000082900000, 0x0000000082a00000|  0%| F|  |TAMS 0x0000000082900000, 0x0000000082900000| Untracked 
|  42|0x0000000082a00000, 0x0000000082a00000, 0x0000000082b00000|  0%| F|  |TAMS 0x0000000082a00000, 0x0000000082a00000| Untracked 
|  43|0x0000000082b00000, 0x0000000082b00000, 0x0000000082c00000|  0%| F|  |TAMS 0x0000000082b00000, 0x0000000082b00000| Untracked 
|  44|0x0000000082c00000, 0x0000000082c00000, 0x0000000082d00000|  0%| F|  |TAMS 0x0000000082c00000, 0x0000000082c00000| Untracked 
|  45|0x0000000082d00000, 0x0000000082d00000, 0x0000000082e00000|  0%| F|  |TAMS 0x0000000082d00000, 0x0000000082d00000| Untracked 
|  46|0x0000000082e00000, 0x0000000082e00000, 0x0000000082f00000|  0%| F|  |TAMS 0x0000000082e00000, 0x0000000082e00000| Untracked 
|  47|0x0000000082f00000, 0x0000000082f00000, 0x0000000083000000|  0%| F|  |TAMS 0x0000000082f00000, 0x0000000082f00000| Untracked 
|  48|0x0000000083000000, 0x0000000083000000, 0x0000000083100000|  0%| F|  |TAMS 0x0000000083000000, 0x0000000083000000| Untracked 
|  49|0x0000000083100000, 0x0000000083100000, 0x0000000083200000|  0%| F|  |TAMS 0x0000000083100000, 0x0000000083100000| Untracked 
|  50|0x0000000083200000, 0x0000000083200000, 0x0000000083300000|  0%| F|  |TAMS 0x0000000083200000, 0x0000000083200000| Untracked 
|  51|0x0000000083300000, 0x0000000083300000, 0x0000000083400000|  0%| F|  |TAMS 0x0000000083300000, 0x0000000083300000| Untracked 
|  52|0x0000000083400000, 0x0000000083400000, 0x0000000083500000|  0%| F|  |TAMS 0x0000000083400000, 0x0000000083400000| Untracked 
|  53|0x0000000083500000, 0x0000000083500000, 0x0000000083600000|  0%| F|  |TAMS 0x0000000083500000, 0x0000000083500000| Untracked 
|  54|0x0000000083600000, 0x0000000083600000, 0x0000000083700000|  0%| F|  |TAMS 0x0000000083600000, 0x0000000083600000| Untracked 
|  55|0x0000000083700000, 0x0000000083700000, 0x0000000083800000|  0%| F|  |TAMS 0x0000000083700000, 0x0000000083700000| Untracked 
|  56|0x0000000083800000, 0x0000000083800000, 0x0000000083900000|  0%| F|  |TAMS 0x0000000083800000, 0x0000000083800000| Untracked 
|  57|0x0000000083900000, 0x0000000083900000, 0x0000000083a00000|  0%| F|  |TAMS 0x0000000083900000, 0x0000000083900000| Untracked 
|  58|0x0000000083a00000, 0x0000000083a00000, 0x0000000083b00000|  0%| F|  |TAMS 0x0000000083a00000, 0x0000000083a00000| Untracked 
|  59|0x0000000083b00000, 0x0000000083b00000, 0x0000000083c00000|  0%| F|  |TAMS 0x0000000083b00000, 0x0000000083b00000| Untracked 
|  60|0x0000000083c00000, 0x0000000083c00000, 0x0000000083d00000|  0%| F|  |TAMS 0x0000000083c00000, 0x0000000083c00000| Untracked 
|  61|0x0000000083d00000, 0x0000000083d00000, 0x0000000083e00000|  0%| F|  |TAMS 0x0000000083d00000, 0x0000000083d00000| Untracked 
|  62|0x0000000083e00000, 0x0000000083e00000, 0x0000000083f00000|  0%| F|  |TAMS 0x0000000083e00000, 0x0000000083e00000| Untracked 
|  63|0x0000000083f00000, 0x0000000083f00000, 0x0000000084000000|  0%| F|  |TAMS 0x0000000083f00000, 0x0000000083f00000| Untracked 
|  64|0x0000000084000000, 0x0000000084000000, 0x0000000084100000|  0%| F|  |TAMS 0x0000000084000000, 0x0000000084000000| Untracked 
|  65|0x0000000084100000, 0x0000000084100000, 0x0000000084200000|  0%| F|  |TAMS 0x0000000084100000, 0x0000000084100000| Untracked 
|  66|0x0000000084200000, 0x0000000084200000, 0x0000000084300000|  0%| F|  |TAMS 0x0000000084200000, 0x0000000084200000| Untracked 
|  67|0x0000000084300000, 0x0000000084300000, 0x0000000084400000|  0%| F|  |TAMS 0x0000000084300000, 0x0000000084300000| Untracked 
|  68|0x0000000084400000, 0x0000000084400000, 0x0000000084500000|  0%| F|  |TAMS 0x0000000084400000, 0x0000000084400000| Untracked 
|  69|0x0000000084500000, 0x0000000084500000, 0x0000000084600000|  0%| F|  |TAMS 0x0000000084500000, 0x0000000084500000| Untracked 
|  70|0x0000000084600000, 0x0000000084600000, 0x0000000084700000|  0%| F|  |TAMS 0x0000000084600000, 0x0000000084600000| Untracked 
|  71|0x0000000084700000, 0x0000000084700000, 0x0000000084800000|  0%| F|  |TAMS 0x0000000084700000, 0x0000000084700000| Untracked 
|  72|0x0000000084800000, 0x0000000084800000, 0x0000000084900000|  0%| F|  |TAMS 0x0000000084800000, 0x0000000084800000| Untracked 
|  73|0x0000000084900000, 0x0000000084900000, 0x0000000084a00000|  0%| F|  |TAMS 0x0000000084900000, 0x0000000084900000| Untracked 
|  74|0x0000000084a00000, 0x0000000084a00000, 0x0000000084b00000|  0%| F|  |TAMS 0x0000000084a00000, 0x0000000084a00000| Untracked 
|  75|0x0000000084b00000, 0x0000000084b00000, 0x0000000084c00000|  0%| F|  |TAMS 0x0000000084b00000, 0x0000000084b00000| Untracked 
|  76|0x0000000084c00000, 0x0000000084c00000, 0x0000000084d00000|  0%| F|  |TAMS 0x0000000084c00000, 0x0000000084c00000| Untracked 
|  77|0x0000000084d00000, 0x0000000084d00000, 0x0000000084e00000|  0%| F|  |TAMS 0x0000000084d00000, 0x0000000084d00000| Untracked 
|  78|0x0000000084e00000, 0x0000000084e00000, 0x0000000084f00000|  0%| F|  |TAMS 0x0000000084e00000, 0x0000000084e00000| Untracked 
|  79|0x0000000084f00000, 0x0000000084f00000, 0x0000000085000000|  0%| F|  |TAMS 0x0000000084f00000, 0x0000000084f00000| Untracked 
|  80|0x0000000085000000, 0x0000000085000000, 0x0000000085100000|  0%| F|  |TAMS 0x0000000085000000, 0x0000000085000000| Untracked 
|  81|0x0000000085100000, 0x0000000085100000, 0x0000000085200000|  0%| F|  |TAMS 0x0000000085100000, 0x0000000085100000| Untracked 
|  82|0x0000000085200000, 0x0000000085200000, 0x0000000085300000|  0%| F|  |TAMS 0x0000000085200000, 0x0000000085200000| Untracked 
|  83|0x0000000085300000, 0x0000000085300000, 0x0000000085400000|  0%| F|  |TAMS 0x0000000085300000, 0x0000000085300000| Untracked 
|  84|0x0000000085400000, 0x0000000085400000, 0x0000000085500000|  0%| F|  |TAMS 0x0000000085400000, 0x0000000085400000| Untracked 
|  85|0x0000000085500000, 0x0000000085500000, 0x0000000085600000|  0%| F|  |TAMS 0x0000000085500000, 0x0000000085500000| Untracked 
|  86|0x0000000085600000, 0x0000000085600000, 0x0000000085700000|  0%| F|  |TAMS 0x0000000085600000, 0x0000000085600000| Untracked 
|  87|0x0000000085700000, 0x0000000085700000, 0x0000000085800000|  0%| F|  |TAMS 0x0000000085700000, 0x0000000085700000| Untracked 
|  88|0x0000000085800000, 0x0000000085800000, 0x0000000085900000|  0%| F|  |TAMS 0x0000000085800000, 0x0000000085800000| Untracked 
|  89|0x0000000085900000, 0x0000000085900000, 0x0000000085a00000|  0%| F|  |TAMS 0x0000000085900000, 0x0000000085900000| Untracked 
|  90|0x0000000085a00000, 0x0000000085a00000, 0x0000000085b00000|  0%| F|  |TAMS 0x0000000085a00000, 0x0000000085a00000| Untracked 
|  91|0x0000000085b00000, 0x0000000085b00000, 0x0000000085c00000|  0%| F|  |TAMS 0x0000000085b00000, 0x0000000085b00000| Untracked 
|  92|0x0000000085c00000, 0x0000000085c00000, 0x0000000085d00000|  0%| F|  |TAMS 0x0000000085c00000, 0x0000000085c00000| Untracked 
|  93|0x0000000085d00000, 0x0000000085d00000, 0x0000000085e00000|  0%| F|  |TAMS 0x0000000085d00000, 0x0000000085d00000| Untracked 
|  94|0x0000000085e00000, 0x0000000085e00000, 0x0000000085f00000|  0%| F|  |TAMS 0x0000000085e00000, 0x0000000085e00000| Untracked 
|  95|0x0000000085f00000, 0x0000000085f00000, 0x0000000086000000|  0%| F|  |TAMS 0x0000000085f00000, 0x0000000085f00000| Untracked 
|  96|0x0000000086000000, 0x0000000086000000, 0x0000000086100000|  0%| F|  |TAMS 0x0000000086000000, 0x0000000086000000| Untracked 
|  97|0x0000000086100000, 0x0000000086100000, 0x0000000086200000|  0%| F|  |TAMS 0x0000000086100000, 0x0000000086100000| Untracked 
|  98|0x0000000086200000, 0x0000000086200000, 0x0000000086300000|  0%| F|  |TAMS 0x0000000086200000, 0x0000000086200000| Untracked 
|  99|0x0000000086300000, 0x0000000086300000, 0x0000000086400000|  0%| F|  |TAMS 0x0000000086300000, 0x0000000086300000| Untracked 
| 100|0x0000000086400000, 0x0000000086400000, 0x0000000086500000|  0%| F|  |TAMS 0x0000000086400000, 0x0000000086400000| Untracked 
| 101|0x0000000086500000, 0x0000000086500000, 0x0000000086600000|  0%| F|  |TAMS 0x0000000086500000, 0x0000000086500000| Untracked 
| 102|0x0000000086600000, 0x0000000086600000, 0x0000000086700000|  0%| F|  |TAMS 0x0000000086600000, 0x0000000086600000| Untracked 
| 103|0x0000000086700000, 0x0000000086700000, 0x0000000086800000|  0%| F|  |TAMS 0x0000000086700000, 0x0000000086700000| Untracked 
| 104|0x0000000086800000, 0x0000000086800000, 0x0000000086900000|  0%| F|  |TAMS 0x0000000086800000, 0x0000000086800000| Untracked 
| 105|0x0000000086900000, 0x0000000086900000, 0x0000000086a00000|  0%| F|  |TAMS 0x0000000086900000, 0x0000000086900000| Untracked 
| 106|0x0000000086a00000, 0x0000000086a00000, 0x0000000086b00000|  0%| F|  |TAMS 0x0000000086a00000, 0x0000000086a00000| Untracked 
| 107|0x0000000086b00000, 0x0000000086b00000, 0x0000000086c00000|  0%| F|  |TAMS 0x0000000086b00000, 0x0000000086b00000| Untracked 
| 108|0x0000000086c00000, 0x0000000086c00000, 0x0000000086d00000|  0%| F|  |TAMS 0x0000000086c00000, 0x0000000086c00000| Untracked 
| 109|0x0000000086d00000, 0x0000000086d00000, 0x0000000086e00000|  0%| F|  |TAMS 0x0000000086d00000, 0x0000000086d00000| Untracked 
| 110|0x0000000086e00000, 0x0000000086e00000, 0x0000000086f00000|  0%| F|  |TAMS 0x0000000086e00000, 0x0000000086e00000| Untracked 
| 111|0x0000000086f00000, 0x0000000086f00000, 0x0000000087000000|  0%| F|  |TAMS 0x0000000086f00000, 0x0000000086f00000| Untracked 
| 112|0x0000000087000000, 0x0000000087000000, 0x0000000087100000|  0%| F|  |TAMS 0x0000000087000000, 0x0000000087000000| Untracked 
| 113|0x0000000087100000, 0x0000000087100000, 0x0000000087200000|  0%| F|  |TAMS 0x0000000087100000, 0x0000000087100000| Untracked 
| 114|0x0000000087200000, 0x0000000087200000, 0x0000000087300000|  0%| F|  |TAMS 0x0000000087200000, 0x0000000087200000| Untracked 
| 115|0x0000000087300000, 0x0000000087300000, 0x0000000087400000|  0%| F|  |TAMS 0x0000000087300000, 0x0000000087300000| Untracked 
| 116|0x0000000087400000, 0x0000000087400000, 0x0000000087500000|  0%| F|  |TAMS 0x0000000087400000, 0x0000000087400000| Untracked 
| 117|0x0000000087500000, 0x0000000087500000, 0x0000000087600000|  0%| F|  |TAMS 0x0000000087500000, 0x0000000087500000| Untracked 
| 118|0x0000000087600000, 0x0000000087600000, 0x0000000087700000|  0%| F|  |TAMS 0x0000000087600000, 0x0000000087600000| Untracked 
| 119|0x0000000087700000, 0x0000000087700000, 0x0000000087800000|  0%| F|  |TAMS 0x0000000087700000, 0x0000000087700000| Untracked 
| 120|0x0000000087800000, 0x0000000087800000, 0x0000000087900000|  0%| F|  |TAMS 0x0000000087800000, 0x0000000087800000| Untracked 
| 121|0x0000000087900000, 0x0000000087900000, 0x0000000087a00000|  0%| F|  |TAMS 0x0000000087900000, 0x0000000087900000| Untracked 
| 122|0x0000000087a00000, 0x0000000087a00000, 0x0000000087b00000|  0%| F|  |TAMS 0x0000000087a00000, 0x0000000087a00000| Untracked 
| 123|0x0000000087b00000, 0x0000000087b00000, 0x0000000087c00000|  0%| F|  |TAMS 0x0000000087b00000, 0x0000000087b00000| Untracked 
| 124|0x0000000087c00000, 0x0000000087c00000, 0x0000000087d00000|  0%| F|  |TAMS 0x0000000087c00000, 0x0000000087c00000| Untracked 
| 125|0x0000000087d00000, 0x0000000087d00000, 0x0000000087e00000|  0%| F|  |TAMS 0x0000000087d00000, 0x0000000087d00000| Untracked 
| 126|0x0000000087e00000, 0x0000000087e00000, 0x0000000087f00000|  0%| F|  |TAMS 0x0000000087e00000, 0x0000000087e00000| Untracked 
| 127|0x0000000087f00000, 0x0000000087f00000, 0x0000000088000000|  0%| F|  |TAMS 0x0000000087f00000, 0x0000000087f00000| Untracked 
| 128|0x0000000088000000, 0x0000000088000000, 0x0000000088100000|  0%| F|  |TAMS 0x0000000088000000, 0x0000000088000000| Untracked 
| 129|0x0000000088100000, 0x0000000088100000, 0x0000000088200000|  0%| F|  |TAMS 0x0000000088100000, 0x0000000088100000| Untracked 
| 130|0x0000000088200000, 0x0000000088200000, 0x0000000088300000|  0%| F|  |TAMS 0x0000000088200000, 0x0000000088200000| Untracked 
| 131|0x0000000088300000, 0x0000000088300000, 0x0000000088400000|  0%| F|  |TAMS 0x0000000088300000, 0x0000000088300000| Untracked 
| 132|0x0000000088400000, 0x0000000088400000, 0x0000000088500000|  0%| F|  |TAMS 0x0000000088400000, 0x0000000088400000| Untracked 
| 133|0x0000000088500000, 0x0000000088500000, 0x0000000088600000|  0%| F|  |TAMS 0x0000000088500000, 0x0000000088500000| Untracked 
| 134|0x0000000088600000, 0x0000000088600000, 0x0000000088700000|  0%| F|  |TAMS 0x0000000088600000, 0x0000000088600000| Untracked 
| 135|0x0000000088700000, 0x0000000088700000, 0x0000000088800000|  0%| F|  |TAMS 0x0000000088700000, 0x0000000088700000| Untracked 
| 136|0x0000000088800000, 0x0000000088800000, 0x0000000088900000|  0%| F|  |TAMS 0x0000000088800000, 0x0000000088800000| Untracked 
| 137|0x0000000088900000, 0x0000000088900000, 0x0000000088a00000|  0%| F|  |TAMS 0x0000000088900000, 0x0000000088900000| Untracked 
| 138|0x0000000088a00000, 0x0000000088a00000, 0x0000000088b00000|  0%| F|  |TAMS 0x0000000088a00000, 0x0000000088a00000| Untracked 
| 139|0x0000000088b00000, 0x0000000088b00000, 0x0000000088c00000|  0%| F|  |TAMS 0x0000000088b00000, 0x0000000088b00000| Untracked 
| 140|0x0000000088c00000, 0x0000000088c00000, 0x0000000088d00000|  0%| F|  |TAMS 0x0000000088c00000, 0x0000000088c00000| Untracked 
| 141|0x0000000088d00000, 0x0000000088d00000, 0x0000000088e00000|  0%| F|  |TAMS 0x0000000088d00000, 0x0000000088d00000| Untracked 
| 142|0x0000000088e00000, 0x0000000088e00000, 0x0000000088f00000|  0%| F|  |TAMS 0x0000000088e00000, 0x0000000088e00000| Untracked 
| 143|0x0000000088f00000, 0x0000000088f00000, 0x0000000089000000|  0%| F|  |TAMS 0x0000000088f00000, 0x0000000088f00000| Untracked 
| 144|0x0000000089000000, 0x0000000089000000, 0x0000000089100000|  0%| F|  |TAMS 0x0000000089000000, 0x0000000089000000| Untracked 
| 145|0x0000000089100000, 0x0000000089100000, 0x0000000089200000|  0%| F|  |TAMS 0x0000000089100000, 0x0000000089100000| Untracked 
| 146|0x0000000089200000, 0x0000000089200000, 0x0000000089300000|  0%| F|  |TAMS 0x0000000089200000, 0x0000000089200000| Untracked 
| 147|0x0000000089300000, 0x0000000089300000, 0x0000000089400000|  0%| F|  |TAMS 0x0000000089300000, 0x0000000089300000| Untracked 
| 148|0x0000000089400000, 0x0000000089400000, 0x0000000089500000|  0%| F|  |TAMS 0x0000000089400000, 0x0000000089400000| Untracked 
| 149|0x0000000089500000, 0x0000000089500000, 0x0000000089600000|  0%| F|  |TAMS 0x0000000089500000, 0x0000000089500000| Untracked 
| 150|0x0000000089600000, 0x0000000089600000, 0x0000000089700000|  0%| F|  |TAMS 0x0000000089600000, 0x0000000089600000| Untracked 
| 151|0x0000000089700000, 0x0000000089700000, 0x0000000089800000|  0%| F|  |TAMS 0x0000000089700000, 0x0000000089700000| Untracked 
| 152|0x0000000089800000, 0x0000000089800000, 0x0000000089900000|  0%| F|  |TAMS 0x0000000089800000, 0x0000000089800000| Untracked 
| 153|0x0000000089900000, 0x0000000089900000, 0x0000000089a00000|  0%| F|  |TAMS 0x0000000089900000, 0x0000000089900000| Untracked 
| 154|0x0000000089a00000, 0x0000000089a00000, 0x0000000089b00000|  0%| F|  |TAMS 0x0000000089a00000, 0x0000000089a00000| Untracked 
| 155|0x0000000089b00000, 0x0000000089b00000, 0x0000000089c00000|  0%| F|  |TAMS 0x0000000089b00000, 0x0000000089b00000| Untracked 
| 156|0x0000000089c00000, 0x0000000089c00000, 0x0000000089d00000|  0%| F|  |TAMS 0x0000000089c00000, 0x0000000089c00000| Untracked 
| 157|0x0000000089d00000, 0x0000000089d00000, 0x0000000089e00000|  0%| F|  |TAMS 0x0000000089d00000, 0x0000000089d00000| Untracked 
| 158|0x0000000089e00000, 0x0000000089e00000, 0x0000000089f00000|  0%| F|  |TAMS 0x0000000089e00000, 0x0000000089e00000| Untracked 
| 159|0x0000000089f00000, 0x0000000089f00000, 0x000000008a000000|  0%| F|  |TAMS 0x0000000089f00000, 0x0000000089f00000| Untracked 
| 160|0x000000008a000000, 0x000000008a000000, 0x000000008a100000|  0%| F|  |TAMS 0x000000008a000000, 0x000000008a000000| Untracked 
| 161|0x000000008a100000, 0x000000008a100000, 0x000000008a200000|  0%| F|  |TAMS 0x000000008a100000, 0x000000008a100000| Untracked 
| 162|0x000000008a200000, 0x000000008a200000, 0x000000008a300000|  0%| F|  |TAMS 0x000000008a200000, 0x000000008a200000| Untracked 
| 163|0x000000008a300000, 0x000000008a300000, 0x000000008a400000|  0%| F|  |TAMS 0x000000008a300000, 0x000000008a300000| Untracked 
| 164|0x000000008a400000, 0x000000008a400000, 0x000000008a500000|  0%| F|  |TAMS 0x000000008a400000, 0x000000008a400000| Untracked 
| 165|0x000000008a500000, 0x000000008a500000, 0x000000008a600000|  0%| F|  |TAMS 0x000000008a500000, 0x000000008a500000| Untracked 
| 166|0x000000008a600000, 0x000000008a600000, 0x000000008a700000|  0%| F|  |TAMS 0x000000008a600000, 0x000000008a600000| Untracked 
| 167|0x000000008a700000, 0x000000008a700000, 0x000000008a800000|  0%| F|  |TAMS 0x000000008a700000, 0x000000008a700000| Untracked 
| 168|0x000000008a800000, 0x000000008a800000, 0x000000008a900000|  0%| F|  |TAMS 0x000000008a800000, 0x000000008a800000| Untracked 
| 169|0x000000008a900000, 0x000000008a900000, 0x000000008aa00000|  0%| F|  |TAMS 0x000000008a900000, 0x000000008a900000| Untracked 
| 170|0x000000008aa00000, 0x000000008aa00000, 0x000000008ab00000|  0%| F|  |TAMS 0x000000008aa00000, 0x000000008aa00000| Untracked 
| 171|0x000000008ab00000, 0x000000008ab00000, 0x000000008ac00000|  0%| F|  |TAMS 0x000000008ab00000, 0x000000008ab00000| Untracked 
| 172|0x000000008ac00000, 0x000000008ac00000, 0x000000008ad00000|  0%| F|  |TAMS 0x000000008ac00000, 0x000000008ac00000| Untracked 
| 173|0x000000008ad00000, 0x000000008ad00000, 0x000000008ae00000|  0%| F|  |TAMS 0x000000008ad00000, 0x000000008ad00000| Untracked 
| 174|0x000000008ae00000, 0x000000008ae00000, 0x000000008af00000|  0%| F|  |TAMS 0x000000008ae00000, 0x000000008ae00000| Untracked 
| 175|0x000000008af00000, 0x000000008af00000, 0x000000008b000000|  0%| F|  |TAMS 0x000000008af00000, 0x000000008af00000| Untracked 
| 176|0x000000008b000000, 0x000000008b000000, 0x000000008b100000|  0%| F|  |TAMS 0x000000008b000000, 0x000000008b000000| Untracked 
| 177|0x000000008b100000, 0x000000008b100000, 0x000000008b200000|  0%| F|  |TAMS 0x000000008b100000, 0x000000008b100000| Untracked 
| 178|0x000000008b200000, 0x000000008b200000, 0x000000008b300000|  0%| F|  |TAMS 0x000000008b200000, 0x000000008b200000| Untracked 
| 179|0x000000008b300000, 0x000000008b300000, 0x000000008b400000|  0%| F|  |TAMS 0x000000008b300000, 0x000000008b300000| Untracked 
| 180|0x000000008b400000, 0x000000008b400000, 0x000000008b500000|  0%| F|  |TAMS 0x000000008b400000, 0x000000008b400000| Untracked 
| 181|0x000000008b500000, 0x000000008b500000, 0x000000008b600000|  0%| F|  |TAMS 0x000000008b500000, 0x000000008b500000| Untracked 
| 182|0x000000008b600000, 0x000000008b600000, 0x000000008b700000|  0%| F|  |TAMS 0x000000008b600000, 0x000000008b600000| Untracked 
| 183|0x000000008b700000, 0x000000008b700000, 0x000000008b800000|  0%| F|  |TAMS 0x000000008b700000, 0x000000008b700000| Untracked 
| 184|0x000000008b800000, 0x000000008b800000, 0x000000008b900000|  0%| F|  |TAMS 0x000000008b800000, 0x000000008b800000| Untracked 
| 185|0x000000008b900000, 0x000000008b900000, 0x000000008ba00000|  0%| F|  |TAMS 0x000000008b900000, 0x000000008b900000| Untracked 
| 186|0x000000008ba00000, 0x000000008ba00000, 0x000000008bb00000|  0%| F|  |TAMS 0x000000008ba00000, 0x000000008ba00000| Untracked 
| 187|0x000000008bb00000, 0x000000008bb00000, 0x000000008bc00000|  0%| F|  |TAMS 0x000000008bb00000, 0x000000008bb00000| Untracked 
| 188|0x000000008bc00000, 0x000000008bc00000, 0x000000008bd00000|  0%| F|  |TAMS 0x000000008bc00000, 0x000000008bc00000| Untracked 
| 189|0x000000008bd00000, 0x000000008bd00000, 0x000000008be00000|  0%| F|  |TAMS 0x000000008bd00000, 0x000000008bd00000| Untracked 
| 190|0x000000008be00000, 0x000000008be00000, 0x000000008bf00000|  0%| F|  |TAMS 0x000000008be00000, 0x000000008be00000| Untracked 
| 191|0x000000008bf00000, 0x000000008bf00000, 0x000000008c000000|  0%| F|  |TAMS 0x000000008bf00000, 0x000000008bf00000| Untracked 
| 192|0x000000008c000000, 0x000000008c000000, 0x000000008c100000|  0%| F|  |TAMS 0x000000008c000000, 0x000000008c000000| Untracked 
| 193|0x000000008c100000, 0x000000008c100000, 0x000000008c200000|  0%| F|  |TAMS 0x000000008c100000, 0x000000008c100000| Untracked 
| 194|0x000000008c200000, 0x000000008c200000, 0x000000008c300000|  0%| F|  |TAMS 0x000000008c200000, 0x000000008c200000| Untracked 
| 195|0x000000008c300000, 0x000000008c300000, 0x000000008c400000|  0%| F|  |TAMS 0x000000008c300000, 0x000000008c300000| Untracked 
| 196|0x000000008c400000, 0x000000008c400000, 0x000000008c500000|  0%| F|  |TAMS 0x000000008c400000, 0x000000008c400000| Untracked 
| 197|0x000000008c500000, 0x000000008c500000, 0x000000008c600000|  0%| F|  |TAMS 0x000000008c500000, 0x000000008c500000| Untracked 
| 198|0x000000008c600000, 0x000000008c600000, 0x000000008c700000|  0%| F|  |TAMS 0x000000008c600000, 0x000000008c600000| Untracked 
| 199|0x000000008c700000, 0x000000008c700000, 0x000000008c800000|  0%| F|  |TAMS 0x000000008c700000, 0x000000008c700000| Untracked 
| 200|0x000000008c800000, 0x000000008c800000, 0x000000008c900000|  0%| F|  |TAMS 0x000000008c800000, 0x000000008c800000| Untracked 
| 201|0x000000008c900000, 0x000000008c900000, 0x000000008ca00000|  0%| F|  |TAMS 0x000000008c900000, 0x000000008c900000| Untracked 
| 202|0x000000008ca00000, 0x000000008ca00000, 0x000000008cb00000|  0%| F|  |TAMS 0x000000008ca00000, 0x000000008ca00000| Untracked 
| 203|0x000000008cb00000, 0x000000008cb00000, 0x000000008cc00000|  0%| F|  |TAMS 0x000000008cb00000, 0x000000008cb00000| Untracked 
| 204|0x000000008cc00000, 0x000000008cc00000, 0x000000008cd00000|  0%| F|  |TAMS 0x000000008cc00000, 0x000000008cc00000| Untracked 
| 205|0x000000008cd00000, 0x000000008cd00000, 0x000000008ce00000|  0%| F|  |TAMS 0x000000008cd00000, 0x000000008cd00000| Untracked 
| 206|0x000000008ce00000, 0x000000008ce00000, 0x000000008cf00000|  0%| F|  |TAMS 0x000000008ce00000, 0x000000008ce00000| Untracked 
| 207|0x000000008cf00000, 0x000000008cf00000, 0x000000008d000000|  0%| F|  |TAMS 0x000000008cf00000, 0x000000008cf00000| Untracked 
| 208|0x000000008d000000, 0x000000008d000000, 0x000000008d100000|  0%| F|  |TAMS 0x000000008d000000, 0x000000008d000000| Untracked 
| 209|0x000000008d100000, 0x000000008d100000, 0x000000008d200000|  0%| F|  |TAMS 0x000000008d100000, 0x000000008d100000| Untracked 
| 210|0x000000008d200000, 0x000000008d200000, 0x000000008d300000|  0%| F|  |TAMS 0x000000008d200000, 0x000000008d200000| Untracked 
| 211|0x000000008d300000, 0x000000008d300000, 0x000000008d400000|  0%| F|  |TAMS 0x000000008d300000, 0x000000008d300000| Untracked 
| 212|0x000000008d400000, 0x000000008d400000, 0x000000008d500000|  0%| F|  |TAMS 0x000000008d400000, 0x000000008d400000| Untracked 
| 213|0x000000008d500000, 0x000000008d500000, 0x000000008d600000|  0%| F|  |TAMS 0x000000008d500000, 0x000000008d500000| Untracked 
| 214|0x000000008d600000, 0x000000008d600000, 0x000000008d700000|  0%| F|  |TAMS 0x000000008d600000, 0x000000008d600000| Untracked 
| 215|0x000000008d700000, 0x000000008d700000, 0x000000008d800000|  0%| F|  |TAMS 0x000000008d700000, 0x000000008d700000| Untracked 
| 216|0x000000008d800000, 0x000000008d800000, 0x000000008d900000|  0%| F|  |TAMS 0x000000008d800000, 0x000000008d800000| Untracked 
| 217|0x000000008d900000, 0x000000008d900000, 0x000000008da00000|  0%| F|  |TAMS 0x000000008d900000, 0x000000008d900000| Untracked 
| 218|0x000000008da00000, 0x000000008da00000, 0x000000008db00000|  0%| F|  |TAMS 0x000000008da00000, 0x000000008da00000| Untracked 
| 219|0x000000008db00000, 0x000000008db00000, 0x000000008dc00000|  0%| F|  |TAMS 0x000000008db00000, 0x000000008db00000| Untracked 
| 220|0x000000008dc00000, 0x000000008dc6a860, 0x000000008dd00000| 41%| S|CS|TAMS 0x000000008dc00000, 0x000000008dc00000| Complete 
| 221|0x000000008dd00000, 0x000000008de00000, 0x000000008de00000|100%| S|CS|TAMS 0x000000008dd00000, 0x000000008dd00000| Complete 
| 222|0x000000008de00000, 0x000000008de00000, 0x000000008df00000|  0%| F|  |TAMS 0x000000008de00000, 0x000000008de00000| Untracked 
| 223|0x000000008df00000, 0x000000008df00000, 0x000000008e000000|  0%| F|  |TAMS 0x000000008df00000, 0x000000008df00000| Untracked 
| 224|0x000000008e000000, 0x000000008e000000, 0x000000008e100000|  0%| F|  |TAMS 0x000000008e000000, 0x000000008e000000| Untracked 
| 225|0x000000008e100000, 0x000000008e200000, 0x000000008e200000|100%| S|CS|TAMS 0x000000008e100000, 0x000000008e100000| Complete 
| 226|0x000000008e200000, 0x000000008e200000, 0x000000008e300000|  0%| F|  |TAMS 0x000000008e200000, 0x000000008e200000| Untracked 
| 227|0x000000008e300000, 0x000000008e300000, 0x000000008e400000|  0%| F|  |TAMS 0x000000008e300000, 0x000000008e300000| Untracked 
| 228|0x000000008e400000, 0x000000008e400000, 0x000000008e500000|  0%| F|  |TAMS 0x000000008e400000, 0x000000008e400000| Untracked 
| 229|0x000000008e500000, 0x000000008e500000, 0x000000008e600000|  0%| F|  |TAMS 0x000000008e500000, 0x000000008e500000| Untracked 
| 230|0x000000008e600000, 0x000000008e600000, 0x000000008e700000|  0%| F|  |TAMS 0x000000008e600000, 0x000000008e600000| Untracked 
| 231|0x000000008e700000, 0x000000008e700000, 0x000000008e800000|  0%| F|  |TAMS 0x000000008e700000, 0x000000008e700000| Untracked 
| 232|0x000000008e800000, 0x000000008e800000, 0x000000008e900000|  0%| F|  |TAMS 0x000000008e800000, 0x000000008e800000| Untracked 
| 233|0x000000008e900000, 0x000000008e900000, 0x000000008ea00000|  0%| F|  |TAMS 0x000000008e900000, 0x000000008e900000| Untracked 
| 234|0x000000008ea00000, 0x000000008ea00000, 0x000000008eb00000|  0%| F|  |TAMS 0x000000008ea00000, 0x000000008ea00000| Untracked 
| 235|0x000000008eb00000, 0x000000008eb00000, 0x000000008ec00000|  0%| F|  |TAMS 0x000000008eb00000, 0x000000008eb00000| Untracked 
| 236|0x000000008ec00000, 0x000000008ec00000, 0x000000008ed00000|  0%| F|  |TAMS 0x000000008ec00000, 0x000000008ec00000| Untracked 
| 237|0x000000008ed00000, 0x000000008ed00000, 0x000000008ee00000|  0%| F|  |TAMS 0x000000008ed00000, 0x000000008ed00000| Untracked 
| 238|0x000000008ee00000, 0x000000008ee00000, 0x000000008ef00000|  0%| F|  |TAMS 0x000000008ee00000, 0x000000008ee00000| Untracked 
| 239|0x000000008ef00000, 0x000000008ef00000, 0x000000008f000000|  0%| F|  |TAMS 0x000000008ef00000, 0x000000008ef00000| Untracked 
| 240|0x000000008f000000, 0x000000008f100000, 0x000000008f100000|100%| E|  |TAMS 0x000000008f000000, 0x000000008f000000| Complete 
| 241|0x000000008f100000, 0x000000008f200000, 0x000000008f200000|100%| E|CS|TAMS 0x000000008f100000, 0x000000008f100000| Complete 
| 242|0x000000008f200000, 0x000000008f300000, 0x000000008f300000|100%| E|CS|TAMS 0x000000008f200000, 0x000000008f200000| Complete 
| 243|0x000000008f300000, 0x000000008f400000, 0x000000008f400000|100%| E|CS|TAMS 0x000000008f300000, 0x000000008f300000| Complete 
| 244|0x000000008f400000, 0x000000008f500000, 0x000000008f500000|100%| E|CS|TAMS 0x000000008f400000, 0x000000008f400000| Complete 
| 245|0x000000008f500000, 0x000000008f600000, 0x000000008f600000|100%| E|CS|TAMS 0x000000008f500000, 0x000000008f500000| Complete 
| 246|0x000000008f600000, 0x000000008f700000, 0x000000008f700000|100%| E|CS|TAMS 0x000000008f600000, 0x000000008f600000| Complete 
| 247|0x000000008f700000, 0x000000008f800000, 0x000000008f800000|100%| E|CS|TAMS 0x000000008f700000, 0x000000008f700000| Complete 

Card table byte_map: [0x000001759beb0000,0x000001759c2b0000] _byte_map_base: 0x000001759bab0000

Marking Bits (Prev, Next): (CMBitMap*) 0x0000017586cea430, (CMBitMap*) 0x0000017586cea470
 Prev Bits: [0x000001759c6b0000, 0x000001759e6b0000)
 Next Bits: [0x000001759e6b0000, 0x00000175a06b0000)

Polling page: 0x0000017586d00000

Metaspace:

Usage:
  Non-class:     11.22 MB used.
      Class:      1.08 MB used.
       Both:     12.30 MB used.

Virtual space:
  Non-class space:       64.00 MB reserved,      11.31 MB ( 18%) committed,  1 nodes.
      Class space:        1.00 GB reserved,       1.19 MB ( <1%) committed,  1 nodes.
             Both:        1.06 GB reserved,      12.50 MB (  1%) committed. 

Chunk freelists:
   Non-Class:  4.47 MB
       Class:  14.66 MB
        Both:  19.12 MB

MaxMetaspaceSize: unlimited
CompressedClassSpaceSize: 1.00 GB
Initial GC threshold: 21.00 MB
Current GC threshold: 21.00 MB
CDS: off
MetaspaceReclaimPolicy: balanced
 - commit_granule_bytes: 65536.
 - commit_granule_words: 8192.
 - virtual_space_node_default_size: 8388608.
 - enlarge_chunks_in_place: 1.
 - new_chunks_are_fully_committed: 0.
 - uncommit_free_chunks: 1.
 - use_allocation_guard: 0.
 - handle_deallocations: 1.


Internal statistics:

num_allocs_failed_limit: 0.
num_arena_births: 76.
num_arena_deaths: 0.
num_vsnodes_births: 2.
num_vsnodes_deaths: 0.
num_space_committed: 200.
num_space_uncommitted: 0.
num_chunks_returned_to_freelist: 0.
num_chunks_taken_from_freelist: 219.
num_chunk_merges: 0.
num_chunk_splits: 148.
num_chunks_enlarged: 99.
num_inconsistent_stats: 0.

CodeHeap 'non-profiled nmethods': size=119168Kb used=656Kb max_used=656Kb free=118511Kb
 bounds [0x0000017593690000, 0x0000017593900000, 0x000001759aaf0000]
CodeHeap 'profiled nmethods': size=119104Kb used=2388Kb max_used=2388Kb free=116715Kb
 bounds [0x000001758baf0000, 0x000001758bd60000, 0x0000017592f40000]
CodeHeap 'non-nmethods': size=7488Kb used=3147Kb max_used=3193Kb free=4340Kb
 bounds [0x0000017592f40000, 0x0000017593270000, 0x0000017593690000]
 total_blobs=1844 nmethods=1352 adapters=402
 compilation: enabled
              stopped_count=0, restarted_count=0
 full_count=0

Compilation events (20 events):
Event: 1.582 Thread 0x00000175a3b43670 1339       3       java.net.URLClassLoader::getAndVerifyPackage (109 bytes)
Event: 1.583 Thread 0x00000175a384ead0 1340       3       jdk.internal.perf.PerfCounter::getReadClassBytesTime (4 bytes)
Event: 1.583 Thread 0x00000175a384ead0 nmethod 1340 0x000001758bd3af10 code [0x000001758bd3b0a0, 0x000001758bd3b198]
Event: 1.584 Thread 0x00000175a3b43670 nmethod 1339 0x000001758bd3b210 code [0x000001758bd3b580, 0x000001758bd3c768]
Event: 1.591 Thread 0x00000175a384ead0 1341   !   3       java.net.URLClassLoader::defineClass (224 bytes)
Event: 1.593 Thread 0x00000175a384ead0 nmethod 1341 0x000001758bd3cd90 code [0x000001758bd3d240, 0x000001758bd3f3a8]
Event: 1.594 Thread 0x00000175a84a1690 1342       3       java.lang.String::equalsIgnoreCase (45 bytes)
Event: 1.595 Thread 0x00000175a84a1690 nmethod 1342 0x000001758bd40290 code [0x000001758bd40480, 0x000001758bd409e8]
Event: 1.598 Thread 0x00000175a80d5480 1343       4       jdk.internal.misc.Unsafe::allocateUninitializedArray (55 bytes)
Event: 1.598 Thread 0x00000175a3b43670 1344       3       java.lang.ClassLoader::compareCerts (197 bytes)
Event: 1.599 Thread 0x00000175a3b43670 nmethod 1344 0x000001758bd40c10 code [0x000001758bd40e20, 0x000001758bd416d8]
Event: 1.599 Thread 0x00000175a80d5480 nmethod 1343 0x0000017593731a90 code [0x0000017593731c20, 0x0000017593731dd8]
Event: 1.601 Thread 0x00000175a80d5480 1345       4       java.io.File::isInvalid (47 bytes)
Event: 1.603 Thread 0x00000175a80d5480 nmethod 1345 0x0000017593731f10 code [0x00000175937320a0, 0x0000017593732338]
Event: 1.603 Thread 0x00000175a80d5480 1346   !   4       java.io.WinNTFileSystem::isInvalid (78 bytes)
Event: 1.604 Thread 0x00000175a80d5480 nmethod 1346 0x0000017593732510 code [0x00000175937326a0, 0x0000017593732878]
Event: 1.608 Thread 0x00000175a80d5480 1347       4       jdk.internal.misc.Unsafe::allocateUninitializedArray0 (90 bytes)
Event: 1.609 Thread 0x00000175a80d5480 nmethod 1347 0x0000017593732a10 code [0x0000017593732ba0, 0x0000017593732d58]
Event: 1.609 Thread 0x00000175a80d5480 1348       4       jdk.internal.misc.Unsafe::allocateUninitializedArray (55 bytes)
Event: 1.611 Thread 0x00000175a80d5480 nmethod 1348 0x0000017593732e10 code [0x0000017593732fa0, 0x0000017593733138]

GC Heap History (4 events):
Event: 0.703 GC heap before
{Heap before GC invocations=0 (full 0):
 garbage-first heap   total 253952K, used 26624K [0x0000000080000000, 0x0000000100000000)
  region size 1024K, 23 young (23552K), 0 survivors (0K)
 Metaspace       used 6797K, committed 6976K, reserved 1114112K
  class space    used 524K, committed 640K, reserved 1048576K
}
Event: 0.709 GC heap after
{Heap after GC invocations=1 (full 0):
 garbage-first heap   total 253952K, used 14292K [0x0000000080000000, 0x0000000100000000)
  region size 1024K, 3 young (3072K), 3 survivors (3072K)
 Metaspace       used 6797K, committed 6976K, reserved 1114112K
  class space    used 524K, committed 640K, reserved 1048576K
}
Event: 1.376 GC heap before
{Heap before GC invocations=1 (full 0):
 garbage-first heap   total 253952K, used 35796K [0x0000000080000000, 0x0000000100000000)
  region size 1024K, 25 young (25600K), 3 survivors (3072K)
 Metaspace       used 10897K, committed 11072K, reserved 1114112K
  class space    used 920K, committed 1024K, reserved 1048576K
}
Event: 1.380 GC heap after
{Heap after GC invocations=2 (full 0):
 garbage-first heap   total 253952K, used 16989K [0x0000000080000000, 0x0000000100000000)
  region size 1024K, 3 young (3072K), 3 survivors (3072K)
 Metaspace       used 10897K, committed 11072K, reserved 1114112K
  class space    used 920K, committed 1024K, reserved 1048576K
}

Dll operation events (6 events):
Event: 0.012 Loaded shared library C:\Users\GILANG AKRAM\Downloads\Katalon_Studio_Free_Windows_64-9.4.0\Katalon_Studio_Free_Windows_64-9.4.0\jre\bin\java.dll
Event: 0.248 Loaded shared library C:\Users\GILANG AKRAM\Downloads\Katalon_Studio_Free_Windows_64-9.4.0\Katalon_Studio_Free_Windows_64-9.4.0\jre\bin\net.dll
Event: 0.251 Loaded shared library C:\Users\GILANG AKRAM\Downloads\Katalon_Studio_Free_Windows_64-9.4.0\Katalon_Studio_Free_Windows_64-9.4.0\jre\bin\nio.dll
Event: 0.258 Loaded shared library C:\Users\GILANG AKRAM\Downloads\Katalon_Studio_Free_Windows_64-9.4.0\Katalon_Studio_Free_Windows_64-9.4.0\jre\bin\zip.dll
Event: 0.833 Loaded shared library C:\Users\GILANG AKRAM\Downloads\Katalon_Studio_Free_Windows_64-9.4.0\Katalon_Studio_Free_Windows_64-9.4.0\jre\bin\verify.dll
Event: 1.169 Loaded shared library C:\Users\GILANG AKRAM\Downloads\Katalon_Studio_Free_Windows_64-9.4.0\Katalon_Studio_Free_Windows_64-9.4.0\jre\bin\jimage.dll

Deoptimization events (20 events):
Event: 1.559 Thread 0x0000017586a8d3c0 DEOPT PACKING pc=0x000001758bc5af75 sp=0x00000038847f6770
Event: 1.559 Thread 0x0000017586a8d3c0 DEOPT UNPACKING pc=0x0000017592f97143 sp=0x00000038847f5bf8 mode 0
Event: 1.599 Thread 0x0000017586a8d3c0 Uncommon trap: trap_request=0xffffffde fr.pc=0x0000017593731d24 relative=0x0000000000000104
Event: 1.599 Thread 0x0000017586a8d3c0 Uncommon trap: reason=class_check action=maybe_recompile pc=0x0000017593731d24 method=jdk.internal.misc.Unsafe.allocateUninitializedArray(Ljava/lang/Class;I)Ljava/lang/Object; @ 51 c2
Event: 1.599 Thread 0x0000017586a8d3c0 DEOPT PACKING pc=0x0000017593731d24 sp=0x00000038847f99e0
Event: 1.599 Thread 0x0000017586a8d3c0 DEOPT UNPACKING pc=0x0000017592f969a3 sp=0x00000038847f9968 mode 2
Event: 1.599 Thread 0x0000017586a8d3c0 Uncommon trap: trap_request=0xffffffde fr.pc=0x0000017593731d24 relative=0x0000000000000104
Event: 1.599 Thread 0x0000017586a8d3c0 Uncommon trap: reason=class_check action=maybe_recompile pc=0x0000017593731d24 method=jdk.internal.misc.Unsafe.allocateUninitializedArray(Ljava/lang/Class;I)Ljava/lang/Object; @ 51 c2
Event: 1.599 Thread 0x0000017586a8d3c0 DEOPT PACKING pc=0x0000017593731d24 sp=0x00000038847f99e0
Event: 1.599 Thread 0x0000017586a8d3c0 DEOPT UNPACKING pc=0x0000017592f969a3 sp=0x00000038847f9968 mode 2
Event: 1.600 Thread 0x0000017586a8d3c0 Uncommon trap: trap_request=0xffffffde fr.pc=0x0000017593731d24 relative=0x0000000000000104
Event: 1.600 Thread 0x0000017586a8d3c0 Uncommon trap: reason=class_check action=maybe_recompile pc=0x0000017593731d24 method=jdk.internal.misc.Unsafe.allocateUninitializedArray(Ljava/lang/Class;I)Ljava/lang/Object; @ 51 c2
Event: 1.600 Thread 0x0000017586a8d3c0 DEOPT PACKING pc=0x0000017593731d24 sp=0x00000038847f9850
Event: 1.600 Thread 0x0000017586a8d3c0 DEOPT UNPACKING pc=0x0000017592f969a3 sp=0x00000038847f97d8 mode 2
Event: 1.600 Thread 0x0000017586a8d3c0 Uncommon trap: trap_request=0xffffffde fr.pc=0x0000017593731d24 relative=0x0000000000000104
Event: 1.600 Thread 0x0000017586a8d3c0 Uncommon trap: reason=class_check action=maybe_recompile pc=0x0000017593731d24 method=jdk.internal.misc.Unsafe.allocateUninitializedArray(Ljava/lang/Class;I)Ljava/lang/Object; @ 51 c2
Event: 1.600 Thread 0x0000017586a8d3c0 DEOPT PACKING pc=0x0000017593731d24 sp=0x00000038847f97d0
Event: 1.600 Thread 0x0000017586a8d3c0 DEOPT UNPACKING pc=0x0000017592f969a3 sp=0x00000038847f9758 mode 2
Event: 1.617 Thread 0x0000017586a8d3c0 DEOPT PACKING pc=0x000001758bc5af75 sp=0x00000038847f9b80
Event: 1.617 Thread 0x0000017586a8d3c0 DEOPT UNPACKING pc=0x0000017592f97143 sp=0x00000038847f9008 mode 0

Classes unloaded (0 events):
No events

Classes redefined (0 events):
No events

Internal exceptions (16 events):
Event: 0.628 Thread 0x0000017586a8d3c0 Exception <a 'java/lang/NoSuchMethodError'{0x000000008e449830}: 'java.lang.Object java.lang.invoke.DirectMethodHandle$Holder.invokeStatic(java.lang.Object, java.lang.Object, int)'> (0x000000008e449830) 
thrown [s\src\hotspot\share\interpreter\linkResolver.cpp, line 759]
Event: 0.632 Thread 0x0000017586a8d3c0 Exception <a 'java/lang/NoSuchMethodError'{0x000000008e455d80}: 'void java.lang.invoke.DelegatingMethodHandle$Holder.delegate(java.lang.Object, java.lang.Object, int, java.lang.Object)'> (0x000000008e455d80) 
thrown [s\src\hotspot\share\interpreter\linkResolver.cpp, line 759]
Event: 0.633 Thread 0x0000017586a8d3c0 Exception <a 'java/lang/NoSuchMethodError'{0x000000008e459fc0}: 'int java.lang.invoke.DirectMethodHandle$Holder.invokeSpecial(java.lang.Object, java.lang.Object, java.lang.Object)'> (0x000000008e459fc0) 
thrown [s\src\hotspot\share\interpreter\linkResolver.cpp, line 759]
Event: 1.179 Thread 0x0000017586a8d3c0 Exception <a 'java/lang/NoSuchMethodError'{0x000000008e9b32c8}: 'java.lang.Object java.lang.invoke.DirectMethodHandle$Holder.invokeStaticInit(java.lang.Object, java.lang.Object, java.lang.Object)'> (0x000000008e9b32c8) 
thrown [s\src\hotspot\share\interpreter\linkResolver.cpp, line 759]
Event: 1.217 Thread 0x0000017586a8d3c0 Exception <a 'java/lang/NoSuchMethodError'{0x000000008e71bb78}: 'void java.lang.invoke.DirectMethodHandle$Holder.invokeStatic(java.lang.Object, java.lang.Object, java.lang.Object)'> (0x000000008e71bb78) 
thrown [s\src\hotspot\share\interpreter\linkResolver.cpp, line 759]
Event: 1.217 Thread 0x0000017586a8d3c0 Exception <a 'java/lang/NoSuchMethodError'{0x000000008e71f870}: 'void java.lang.invoke.DirectMethodHandle$Holder.invokeStaticInit(java.lang.Object, java.lang.Object, java.lang.Object)'> (0x000000008e71f870) 
thrown [s\src\hotspot\share\interpreter\linkResolver.cpp, line 759]
Event: 1.219 Thread 0x0000017586a8d3c0 Exception <a 'java/lang/NoSuchMethodError'{0x000000008e7264f8}: 'void java.lang.invoke.DirectMethodHandle$Holder.invokeStatic(java.lang.Object, java.lang.Object, java.lang.Object, java.lang.Object)'> (0x000000008e7264f8) 
thrown [s\src\hotspot\share\interpreter\linkResolver.cpp, line 759]
Event: 1.220 Thread 0x0000017586a8d3c0 Exception <a 'java/lang/NoSuchMethodError'{0x000000008e72a448}: 'void java.lang.invoke.DirectMethodHandle$Holder.invokeStaticInit(java.lang.Object, java.lang.Object, java.lang.Object, java.lang.Object)'> (0x000000008e72a448) 
thrown [s\src\hotspot\share\interpreter\linkResolver.cpp, line 759]
Event: 1.223 Thread 0x0000017586a8d3c0 Exception <a 'java/lang/NoSuchMethodError'{0x000000008e74bf50}: 'void java.lang.invoke.DirectMethodHandle$Holder.invokeStaticInit(java.lang.Object, java.lang.Object, java.lang.Object, java.lang.Object, java.lang.Object)'> (0x000000008e74bf50) 
thrown [s\src\hotspot\share\interpreter\linkResolver.cpp, line 759]
Event: 1.225 Thread 0x0000017586a8d3c0 Exception <a 'java/lang/NoSuchMethodError'{0x000000008e758650}: 'int java.lang.invoke.DirectMethodHandle$Holder.invokeStaticInit(java.lang.Object, java.lang.Object, java.lang.Object)'> (0x000000008e758650) 
thrown [s\src\hotspot\share\interpreter\linkResolver.cpp, line 759]
Event: 1.243 Thread 0x0000017586a8d3c0 Exception <a 'java/lang/NoSuchMethodError'{0x000000008e7c7fd0}: 'int java.lang.invoke.DirectMethodHandle$Holder.invokeStaticInit(java.lang.Object, java.lang.Object, java.lang.Object, java.lang.Object)'> (0x000000008e7c7fd0) 
thrown [s\src\hotspot\share\interpreter\linkResolver.cpp, line 759]
Event: 1.245 Thread 0x0000017586a8d3c0 Exception <a 'java/lang/NoSuchMethodError'{0x000000008e7d1818}: 'java.lang.Object java.lang.invoke.DirectMethodHandle$Holder.invokeInterface(java.lang.Object, java.lang.Object)'> (0x000000008e7d1818) 
thrown [s\src\hotspot\share\interpreter\linkResolver.cpp, line 759]
Event: 1.245 Thread 0x0000017586a8d3c0 Exception <a 'java/lang/IncompatibleClassChangeError'{0x000000008e7d52b8}: Found class java.lang.Object, but interface was expected> (0x000000008e7d52b8) 
thrown [s\src\hotspot\share\interpreter\linkResolver.cpp, line 826]
Event: 1.246 Thread 0x0000017586a8d3c0 Exception <a 'java/lang/NoSuchMethodError'{0x000000008e7d82a0}: 'void java.lang.invoke.DirectMethodHandle$Holder.invokeStatic(java.lang.Object, java.lang.Object)'> (0x000000008e7d82a0) 
thrown [s\src\hotspot\share\interpreter\linkResolver.cpp, line 759]
Event: 1.247 Thread 0x0000017586a8d3c0 Exception <a 'java/lang/NoSuchMethodError'{0x000000008e7dbd48}: 'void java.lang.invoke.DirectMethodHandle$Holder.invokeStaticInit(java.lang.Object, java.lang.Object)'> (0x000000008e7dbd48) 
thrown [s\src\hotspot\share\interpreter\linkResolver.cpp, line 759]
Event: 1.248 Thread 0x0000017586a8d3c0 Exception <a 'java/lang/NoSuchMethodError'{0x000000008e7e1b90}: 'int java.lang.invoke.DirectMethodHandle$Holder.invokeStaticInit(java.lang.Object, java.lang.Object)'> (0x000000008e7e1b90) 
thrown [s\src\hotspot\share\interpreter\linkResolver.cpp, line 759]

VM Operations (12 events):
Event: 0.267 Executing VM operation: HandshakeAllThreads
Event: 0.267 Executing VM operation: HandshakeAllThreads done
Event: 0.555 Executing VM operation: HandshakeAllThreads
Event: 0.555 Executing VM operation: HandshakeAllThreads done
Event: 0.627 Executing VM operation: HandshakeAllThreads
Event: 0.627 Executing VM operation: HandshakeAllThreads done
Event: 0.703 Executing VM operation: G1CollectForAllocation
Event: 0.709 Executing VM operation: G1CollectForAllocation done
Event: 0.941 Executing VM operation: HandshakeAllThreads
Event: 0.941 Executing VM operation: HandshakeAllThreads done
Event: 1.376 Executing VM operation: G1CollectForAllocation
Event: 1.380 Executing VM operation: G1CollectForAllocation done

Events (20 events):
Event: 1.531 loading class jdk/internal/jimage/decompressor/ResourceDecompressor$StringsProvider
Event: 1.531 loading class jdk/internal/jimage/decompressor/ResourceDecompressor$StringsProvider done
Event: 1.532 loading class jdk/internal/jimage/decompressor/CompressedResourceHeader
Event: 1.532 loading class jdk/internal/jimage/decompressor/CompressedResourceHeader done
Event: 1.532 loading class jdk/internal/jimage/decompressor/ResourceDecompressorRepository
Event: 1.533 loading class jdk/internal/jimage/decompressor/ResourceDecompressorRepository done
Event: 1.533 loading class jdk/internal/jimage/decompressor/ZipDecompressorFactory
Event: 1.533 loading class jdk/internal/jimage/decompressor/ResourceDecompressorFactory
Event: 1.533 loading class jdk/internal/jimage/decompressor/ResourceDecompressorFactory done
Event: 1.533 loading class jdk/internal/jimage/decompressor/ZipDecompressorFactory done
Event: 1.533 loading class jdk/internal/jimage/decompressor/StringSharingDecompressorFactory
Event: 1.534 loading class jdk/internal/jimage/decompressor/StringSharingDecompressorFactory done
Event: 1.534 loading class jdk/internal/jimage/decompressor/ZipDecompressor
Event: 1.534 loading class jdk/internal/jimage/decompressor/ResourceDecompressor
Event: 1.534 loading class jdk/internal/jimage/decompressor/ResourceDecompressor done
Event: 1.534 loading class jdk/internal/jimage/decompressor/ZipDecompressor done
Event: 1.534 loading class sun/net/www/protocol/jrt/Handler
Event: 1.534 loading class sun/net/www/protocol/jrt/Handler done
Event: 1.563 loading class java/lang/IllegalStateException
Event: 1.564 loading class java/lang/IllegalStateException done


Dynamic libraries:
0x00007ff601f00000 - 0x00007ff601f0e000 	C:\Users\GILANG AKRAM\Downloads\Katalon_Studio_Free_Windows_64-9.4.0\Katalon_Studio_Free_Windows_64-9.4.0\jre\bin\javaw.exe
0x00007ffaa7370000 - 0x00007ffaa7587000 	C:\Windows\SYSTEM32\ntdll.dll
0x00007ffaa6580000 - 0x00007ffaa6644000 	C:\Windows\System32\KERNEL32.DLL
0x00007ffaa4ae0000 - 0x00007ffaa4e87000 	C:\Windows\System32\KERNELBASE.dll
0x00007ffaa46c0000 - 0x00007ffaa47d1000 	C:\Windows\System32\ucrtbase.dll
0x00007ffa94780000 - 0x00007ffa94797000 	C:\Users\GILANG AKRAM\Downloads\Katalon_Studio_Free_Windows_64-9.4.0\Katalon_Studio_Free_Windows_64-9.4.0\jre\bin\jli.dll
0x00007ffa8d4c0000 - 0x00007ffa8d4d9000 	C:\Users\GILANG AKRAM\Downloads\Katalon_Studio_Free_Windows_64-9.4.0\Katalon_Studio_Free_Windows_64-9.4.0\jre\bin\VCRUNTIME140.dll
0x00007ffaa62e0000 - 0x00007ffaa648e000 	C:\Windows\System32\USER32.dll
0x00007ffaa39f0000 - 0x00007ffaa3c83000 	C:\Windows\WinSxS\amd64_microsoft.windows.common-controls_6595b64144ccf1df_6.0.22621.3527_none_270e469b73872a76\COMCTL32.dll
0x00007ffaa4690000 - 0x00007ffaa46b6000 	C:\Windows\System32\win32u.dll
0x00007ffaa66b0000 - 0x00007ffaa6757000 	C:\Windows\System32\msvcrt.dll
0x00007ffaa5e30000 - 0x00007ffaa5e59000 	C:\Windows\System32\GDI32.dll
0x00007ffaa4910000 - 0x00007ffaa4a29000 	C:\Windows\System32\gdi32full.dll
0x00007ffaa4e90000 - 0x00007ffaa4f2a000 	C:\Windows\System32\msvcp_win.dll
0x00007ffaa5cf0000 - 0x00007ffaa5d21000 	C:\Windows\System32\IMM32.DLL
0x00007ffa94740000 - 0x00007ffa9474c000 	C:\Users\GILANG AKRAM\Downloads\Katalon_Studio_Free_Windows_64-9.4.0\Katalon_Studio_Free_Windows_64-9.4.0\jre\bin\vcruntime140_1.dll
0x00007ffa6bf20000 - 0x00007ffa6bfb1000 	C:\Users\GILANG AKRAM\Downloads\Katalon_Studio_Free_Windows_64-9.4.0\Katalon_Studio_Free_Windows_64-9.4.0\jre\bin\msvcp140.dll
0x00007ffa63aa0000 - 0x00007ffa646e8000 	C:\Users\GILANG AKRAM\Downloads\Katalon_Studio_Free_Windows_64-9.4.0\Katalon_Studio_Free_Windows_64-9.4.0\jre\bin\server\jvm.dll
0x00007ffaa5200000 - 0x00007ffaa52b2000 	C:\Windows\System32\ADVAPI32.dll
0x00007ffaa6910000 - 0x00007ffaa69b8000 	C:\Windows\System32\sechost.dll
0x00007ffaa4ab0000 - 0x00007ffaa4ad8000 	C:\Windows\System32\bcrypt.dll
0x00007ffaa67e0000 - 0x00007ffaa68f5000 	C:\Windows\System32\RPCRT4.dll
0x00007ffa87980000 - 0x00007ffa87989000 	C:\Windows\SYSTEM32\WSOCK32.dll
0x00007ffa9b5c0000 - 0x00007ffa9b5f4000 	C:\Windows\SYSTEM32\WINMM.dll
0x00007ffaa3670000 - 0x00007ffaa367a000 	C:\Windows\SYSTEM32\VERSION.dll
0x00007ffaa6760000 - 0x00007ffaa67d1000 	C:\Windows\System32\WS2_32.dll
0x00007ffaa2750000 - 0x00007ffaa2768000 	C:\Windows\SYSTEM32\kernel.appcore.dll
0x00007ffaa2f30000 - 0x00007ffaa2f3a000 	C:\Users\GILANG AKRAM\Downloads\Katalon_Studio_Free_Windows_64-9.4.0\Katalon_Studio_Free_Windows_64-9.4.0\jre\bin\jimage.dll
0x00007ffaa3f60000 - 0x00007ffaa4193000 	C:\Windows\SYSTEM32\DBGHELP.DLL
0x00007ffaa6ce0000 - 0x00007ffaa7068000 	C:\Windows\System32\combase.dll
0x00007ffaa6490000 - 0x00007ffaa6567000 	C:\Windows\System32\OLEAUT32.dll
0x00007ffaa3e50000 - 0x00007ffaa3e82000 	C:\Windows\SYSTEM32\dbgcore.DLL
0x00007ffaa4a30000 - 0x00007ffaa4aa9000 	C:\Windows\System32\bcryptPrimitives.dll
0x00007ffa9ed60000 - 0x00007ffa9ed85000 	C:\Users\GILANG AKRAM\Downloads\Katalon_Studio_Free_Windows_64-9.4.0\Katalon_Studio_Free_Windows_64-9.4.0\jre\bin\java.dll
0x00007ffaa0a30000 - 0x00007ffaa0a48000 	C:\Users\GILANG AKRAM\Downloads\Katalon_Studio_Free_Windows_64-9.4.0\Katalon_Studio_Free_Windows_64-9.4.0\jre\bin\zip.dll
0x00007ffaa5480000 - 0x00007ffaa5cdc000 	C:\Windows\System32\SHELL32.dll
0x00007ffaa1660000 - 0x00007ffaa1f56000 	C:\Windows\SYSTEM32\windows.storage.dll
0x00007ffaa1520000 - 0x00007ffaa165e000 	C:\Windows\SYSTEM32\wintypes.dll
0x00007ffaa5d30000 - 0x00007ffaa5e25000 	C:\Windows\System32\SHCORE.dll
0x00007ffaa6c80000 - 0x00007ffaa6cde000 	C:\Windows\System32\shlwapi.dll
0x00007ffaa45c0000 - 0x00007ffaa45e1000 	C:\Windows\SYSTEM32\profapi.dll
0x00007ffa9ed40000 - 0x00007ffa9ed59000 	C:\Users\GILANG AKRAM\Downloads\Katalon_Studio_Free_Windows_64-9.4.0\Katalon_Studio_Free_Windows_64-9.4.0\jre\bin\net.dll
0x00007ffa9e000000 - 0x00007ffa9e136000 	C:\Windows\SYSTEM32\WINHTTP.dll
0x00007ffaa2b40000 - 0x00007ffaa2ba9000 	C:\Windows\system32\mswsock.dll
0x00007ffa9ed20000 - 0x00007ffa9ed35000 	C:\Users\GILANG AKRAM\Downloads\Katalon_Studio_Free_Windows_64-9.4.0\Katalon_Studio_Free_Windows_64-9.4.0\jre\bin\nio.dll
0x00007ffa9ed10000 - 0x00007ffa9ed20000 	C:\Users\GILANG AKRAM\Downloads\Katalon_Studio_Free_Windows_64-9.4.0\Katalon_Studio_Free_Windows_64-9.4.0\jre\bin\verify.dll

dbghelp: loaded successfully - version: 4.0.5 - missing functions: none
symbol engine: initialized successfully - sym options: 0x614 - pdb path: .;C:\Users\GILANG AKRAM\Downloads\Katalon_Studio_Free_Windows_64-9.4.0\Katalon_Studio_Free_Windows_64-9.4.0\jre\bin;C:\Windows\SYSTEM32;C:\Windows\WinSxS\amd64_microsoft.windows.common-controls_6595b64144ccf1df_6.0.22621.3527_none_270e469b73872a76;C:\Users\GILANG AKRAM\Downloads\Katalon_Studio_Free_Windows_64-9.4.0\Katalon_Studio_Free_Windows_64-9.4.0\jre\bin\server

VM Arguments:
jvm_args: -Dgroovy.home=C:\Users\GILANG AKRAM/.groovy -Djava.system.class.loader=groovy.lang.GroovyClassLoader -Xmx2048m -Dfile.encoding=UTF-8 -XX:+ShowCodeDetailsInExceptionMessages 
java_command: org.codehaus.groovy.tools.GroovyStarter --classpath C:\Users\GILANG AKRAM\Katalon Studio\Project-PickMe\bin\keyword;C:\Users\GILANG AKRAM\Katalon Studio\Project-PickMe\Keywords;C:\Users\GILANG AKRAM\Katalon Studio\Project-PickMe\bin\listener;C:\Users\GILANG AKRAM\Katalon Studio\Project-PickMe\Test Listeners;C:\Users\GILANG AKRAM\Katalon Studio\Project-PickMe\bin\lib;C:\Users\GILANG AKRAM\Katalon Studio\Project-PickMe\Libs;C:\Users\GILANG AKRAM\Katalon Studio\Project-PickMe\bin\groovy;C:\Users\GILANG AKRAM\Katalon Studio\Project-PickMe\Include\scripts\groovy;C:\Users\GILANG AKRAM\Downloads\Katalon_Studio_Free_Windows_64-9.4.0\Katalon_Studio_Free_Windows_64-9.4.0\plugins\com.kms.katalon.core_1.0.0.202404040723.jar;C:\Users\GILANG AKRAM\Downloads\Katalon_Studio_Free_Windows_64-9.4.0\Katalon_Studio_Free_Windows_64-9.4.0\configuration\resources\lib\aalto-xml-1.0.0.jar;C:\Users\GILANG AKRAM\Downloads\Katalon_Studio_Free_Windows_64-9.4.0\Katalon_Studio_Free_Windows_64-9.4.0\configuration\resources\lib\aspectjweaver-1.9.1.jar;C:\Users\GILANG AKRAM\Downloads\Katalon_Studio_Free_Windows_64-9.4.0\Katalon_Studio_Free_Windows_64-9.4.0\configuration\resources\lib\bcpkix-jdk15on-1.64.jar;C:\Users\GILANG AKRAM\Downloads\Katalon_Studio_Free_Windows_64-9.4.0\Katalon_Studio_Free_Windows_64-9.4.0\configuration\resources\lib\bcprov-jdk15on-1.64.jar;C:\Users\GILANG AKRAM\Downloads\Katalon_Studio_Free_Windows_64-9.4.0\Katalon_Studio_Free_Windows_64-9.4.0\configuration\resources\lib\browsermob-core-2.1.5.jar;C:\Users\GILANG AKRAM\Downloads\Katalon_Studio_Free_Windows_64-9.4.0\Katalon_Studio_Free_Windows_64-9.4.0\configuration\resources\lib\byte-buddy-1.14.3.jar;C:\Users\GILANG AKRAM\Downloads\Katalon_Studio_Free_Windows_64-9.4.0\Katalon_Studio_Free_Windows_64-9.4.0\configuration\resources\lib\byte-buddy-agent-1.14.3.jar;C:\Users\GILANG AKRAM\Downloads\Katalon_Studio_Free_Windows_64-9.4.0\Katalon_Studio_Free_Windows_64-9.4.0\configuration\resources\lib\cglib-3.2.10.jar;C:\Us
java_class_path (initial): C:\Users\GILANG AKRAM\Katalon Studio\Project-PickMe\bin\keyword;C:\Users\GILANG AKRAM\Katalon Studio\Project-PickMe\bin\listener;C:\Users\GILANG AKRAM\Katalon Studio\Project-PickMe\bin\lib;C:\Users\GILANG AKRAM\Katalon Studio\Project-PickMe\bin\groovy;C:\Users\GILANG AKRAM\Katalon Studio\Project-PickMe\bin;C:\Users\GILANG AKRAM\Downloads\Katalon_Studio_Free_Windows_64-9.4.0\Katalon_Studio_Free_Windows_64-9.4.0\plugins\com.kms.katalon.core_1.0.0.202404040723.jar;C:\Users\GILANG AKRAM\Downloads\Katalon_Studio_Free_Windows_64-9.4.0\Katalon_Studio_Free_Windows_64-9.4.0\configuration\resources\lib\aalto-xml-1.0.0.jar;C:\Users\GILANG AKRAM\Downloads\Katalon_Studio_Free_Windows_64-9.4.0\Katalon_Studio_Free_Windows_64-9.4.0\configuration\resources\lib\aspectjweaver-1.9.1.jar;C:\Users\GILANG AKRAM\Downloads\Katalon_Studio_Free_Windows_64-9.4.0\Katalon_Studio_Free_Windows_64-9.4.0\configuration\resources\lib\bcpkix-jdk15on-1.64.jar;C:\Users\GILANG AKRAM\Downloads\Katalon_Studio_Free_Windows_64-9.4.0\Katalon_Studio_Free_Windows_64-9.4.0\configuration\resources\lib\bcprov-jdk15on-1.64.jar;C:\Users\GILANG AKRAM\Downloads\Katalon_Studio_Free_Windows_64-9.4.0\Katalon_Studio_Free_Windows_64-9.4.0\configuration\resources\lib\browsermob-core-2.1.5.jar;C:\Users\GILANG AKRAM\Downloads\Katalon_Studio_Free_Windows_64-9.4.0\Katalon_Studio_Free_Windows_64-9.4.0\configuration\resources\lib\byte-buddy-1.14.3.jar;C:\Users\GILANG AKRAM\Downloads\Katalon_Studio_Free_Windows_64-9.4.0\Katalon_Studio_Free_Windows_64-9.4.0\configuration\resources\lib\byte-buddy-agent-1.14.3.jar;C:\Users\GILANG AKRAM\Downloads\Katalon_Studio_Free_Windows_64-9.4.0\Katalon_Studio_Free_Windows_64-9.4.0\configuration\resources\lib\cglib-3.2.10.jar;C:\Users\GILANG AKRAM\Downloads\Katalon_Studio_Free_Windows_64-9.4.0\Katalon_Studio_Free_Windows_64-9.4.0\configuration\resources\lib\commons-codec-1.10.jar;C:\Users\GILANG AKRAM\Downloads\Katalon_Studio_Free_Windows_64-9.4.0\Katalon_Studio_Free_Wi
Launcher Type: SUN_STANDARD

[Global flags]
     intx CICompilerCount                          = 12                                        {product} {ergonomic}
     uint ConcGCThreads                            = 3                                         {product} {ergonomic}
     uint G1ConcRefinementThreads                  = 13                                        {product} {ergonomic}
   size_t G1HeapRegionSize                         = 1048576                                   {product} {ergonomic}
    uintx GCDrainStackTargetSize                   = 64                                        {product} {ergonomic}
   size_t InitialHeapSize                          = 260046848                                 {product} {ergonomic}
   size_t MarkStackSize                            = 4194304                                   {product} {ergonomic}
   size_t MaxHeapSize                              = 2147483648                                {product} {command line}
   size_t MaxNewSize                               = 1287651328                                {product} {ergonomic}
   size_t MinHeapDeltaBytes                        = 1048576                                   {product} {ergonomic}
   size_t MinHeapSize                              = 8388608                                   {product} {ergonomic}
    uintx NonNMethodCodeHeapSize                   = 7602480                                {pd product} {ergonomic}
    uintx NonProfiledCodeHeapSize                  = 122027880                              {pd product} {ergonomic}
    uintx ProfiledCodeHeapSize                     = 122027880                              {pd product} {ergonomic}
    uintx ReservedCodeCacheSize                    = 251658240                              {pd product} {ergonomic}
     bool SegmentedCodeCache                       = true                                      {product} {ergonomic}
     bool ShowCodeDetailsInExceptionMessages       = true                                   {manageable} {command line}
   size_t SoftMaxHeapSize                          = 2147483648                             {manageable} {ergonomic}
     bool UseCompressedClassPointers               = true                           {product lp64_product} {ergonomic}
     bool UseCompressedOops                        = true                           {product lp64_product} {ergonomic}
     bool UseG1GC                                  = true                                      {product} {ergonomic}
     bool UseLargePagesIndividualAllocation        = false                                  {pd product} {ergonomic}

Logging:
Log output configuration:
 #0: stdout all=warning uptime,level,tags
 #1: stderr all=off uptime,level,tags

Environment Variables:
PATH=C:/Users/GILANG AKRAM/Downloads/Katalon_Studio_Free_Windows_64-9.4.0/Katalon_Studio_Free_Windows_64-9.4.0/jre/bin/server;C:/Users/GILANG AKRAM/Downloads/Katalon_Studio_Free_Windows_64-9.4.0/Katalon_Studio_Free_Windows_64-9.4.0/jre/bin;C:\Program Files (x86)\Common Files\Oracle\Java\javapath;C:\Python312\Scripts\;C:\Python312\;C:\Windows\system32;C:\Windows;C:\Windows\System32\Wbem;C:\Windows\System32\WindowsPowerShell\v1.0\;C:\Windows\System32\OpenSSH\;C:\Program Files (x86)\NVIDIA Corporation\PhysX\Common;C:\Program Files\NVIDIA Corporation\NVIDIA NvDLISR;C:\Program Files\Microsoft SQL Server\Client SDK\ODBC\170\Tools\Binn\;C:\Program Files\Azure Data Studio\bin;C:\Program Files (x86)\Microsoft SQL Server\160\Tools\Binn\;C:\Program Files\Microsoft SQL Server\160\Tools\Binn\;C:\Program Files\Microsoft SQL Server\160\DTS\Binn\;C:\Program Files (x86)\Microsoft SQL Server\160\DTS\Binn\;C:\Program Files\Git\cmd;C:\ProgramData\chocolatey\bin;C:\Program Files\Microsoft SQL Server\150\Tools\Binn\;C:\Program Files\dotnet\;C:\Program Files\nodejs\;C:\Users\GILANG AKRAM\AppData\Local\Microsoft\WindowsApps;C:\Program Files\Azure Data Studio\bin;C:\Users\GILANG AKRAM\AppData\Local\GitHubDesktop\bin;C:\Users\GILANG AKRAM\AppData\Local\Programs\Microsoft VS Code\bin;C:\Users\GILANG AKRAM\Downloads\flutter_windows_3.13.9-stable\flutter\bin;C:\Users\GILANG AKRAM\.dotnet\tools;C:\Users\GILANG AKRAM\AppData\Roaming\npm;C:\Users\GILANG AKRAM\Downloads\Katalon_Studio_Free_Windows_64-9.4.0\Katalon_Studio_Free_Windows_64-9.4.0;
USERNAME=GILANG AKRAM
OS=Windows_NT
PROCESSOR_IDENTIFIER=AMD64 Family 23 Model 96 Stepping 1, AuthenticAMD
TMP=C:\Users\GILANG~1\AppData\Local\Temp
TEMP=C:\Users\GILANG~1\AppData\Local\Temp



---------------  S Y S T E M  ---------------

OS:
 Windows 11 , 64 bit Build 22621 (10.0.22621.3527)
OS uptime: 0 days 1:09 hours
Hyper-V role detected

CPU: total 16 (initial active 16) (16 cores per cpu, 2 threads per core) family 23 model 96 stepping 1 microcode 0x0, cx8, cmov, fxsr, ht, mmx, 3dnowpref, sse, sse2, sse3, ssse3, sse4a, sse4.1, sse4.2, popcnt, lzcnt, tsc, tscinvbit, avx, avx2, aes, clmul, bmi1, bmi2, adx, sha, fma, vzeroupper, clflush, clflushopt, hv

Memory: 4k page, system-wide physical 15789M (643M free)
TotalPageFile size 50378M (AvailPageFile size 6M)
current process WorkingSet (physical memory assigned to process): 129M, peak: 130M
current process commit charge ("private bytes"): 397M, peak: 400M

vm_info: OpenJDK 64-Bit Server VM (17.0.7+7) for windows-amd64 JRE (17.0.7+7), built on Apr 18 2023 22:10:42 by "temurin" with MS VC++ 16.7 (VS2019)

END.
